 --- Process /raw_reports_v2/1488930548.97132_3999.tar.gz acep report - DONE --- 
 --- Process /raw_reports_v2/1488930576.74613_4611.tar.gz acep report - BEGIN --- 
 --- Process /raw_reports_v2/1488930576.74613_4611.tar.gz acep report - DONE --- 
2017-03-07,23:51:01  --- Process /raw_reports_v2/1488930609.85813_3386.tar.gz acep report - BEGIN --- 
 --- Process /raw_reports_v2/1488930609.85813_3386.tar.gz acep report - BEGIN --- 
2017-03-07,23:51:01  --- Process /raw_reports_v2/1488930609.85813_3386.tar.gz acep report - DONE --- 
 --- Process /raw_reports_v2/1488930609.85813_3386.tar.gz acep report - DONE --- 
2017-03-07,23:51:01  --- Process /raw_reports_v2/1488930635.53078_7578.tar.gz acep report - BEGIN --- 
 --- Process /raw_reports_v2/1488930635.53078_7578.tar.gz acep report - BEGIN --- 
2017-03-07,23:51:01  --- Process /raw_reports_v2/1488930635.53078_7578.tar.gz acep report - DONE --- 
 --- Process /raw_reports_v2/1488930635.53078_7578.tar.gz acep report - DONE --- 
2017-03-07,23:51:01  --- Process /raw_reports_v2/1488930605.75466_295.tar.gz acep report - BEGIN --- 
 --- Process /raw_reports_v2/1488930605.75466_295.tar.gz acep report - BEGIN --- 
2017-03-07,23:51:01  --- Process /raw_reports_v2/1488930605.75466_295.tar.gz acep report - DONE --- 
 --- Process /raw_reports_v2/1488930605.75466_295.tar.gz acep report - DONE --- 
2017-03-07,23:51:01  --- Process /raw_reports_v2/1488930656.64843_8605.tar.gz acep report - BEGIN --- 
 --- Process /raw_reports_v2/1488930656.64843_8605.tar.gz acep report - BEGIN --- 
2017-03-07,23:51:01  --- Process /raw_reports_v2/1488930656.64843_8605.tar.gz acep report - DONE --- 
 --- Process /raw_reports_v2/1488930656.64843_8605.tar.gz acep report - DONE --- 
2017-03-07,23:51:01  --- Process /raw_reports_v2/1488930611.42623_8480.tar.gz acep report - BEGIN --- 
 --- Process /raw_reports_v2/1488930611.42623_8480.tar.gz acep report - BEGIN --- 
2017-03-07,23:51:01  --- Process /raw_reports_v2/1488930611.42623_8480.tar.gz acep report - DONE --- 
 --- Process /raw_reports_v2/1488930611.42623_8480.tar.gz acep report - DONE --- 
2017-03-07,23:51:01  --- Process /raw_reports_v2/1488930627.08717_8600.tar.gz acep report - BEGIN --- 
 --- Process /raw_reports_v2/1488930627.08717_8600.tar.gz acep report - BEGIN --- 
2017-03-07,23:51:01  --- Process /raw_reports_v2/1488930627.08717_8600.tar.gz acep report - DONE --- 
 --- Process /raw_reports_v2/1488930627.08717_8600.tar.gz acep report - DONE --- 
2017-03-07,23:51:01  --- Process /raw_reports_v2/1488930649.41722_1029.tar.gz acep report - BEGIN --- 
 --- Process /raw_reports_v2/1488930649.41722_1029.tar.gz acep report - BEGIN --- 
2017-03-07,23:51:01  --- Process /raw_reports_v2/1488930649.41722_1029.tar.gz acep report - DONE --- 
 --- Process /raw_reports_v2/1488930649.41722_1029.tar.gz acep report - DONE --- 
2017-03-07,23:51:01  --- Process /raw_reports_v2/1488930618.30256_556.tar.gz acep report - BEGIN --- 
 --- Process /raw_reports_v2/1488930618.30256_556.tar.gz acep report - BEGIN --- 
2017-03-07,23:51:01  --- Process /raw_reports_v2/1488930618.30256_556.tar.gz acep report - DONE --- 
 --- Process /raw_reports_v2/1488930618.30256_556.tar.gz acep report - DONE --- 
2017-03-07,23:51:01  --- Process /raw_reports_v2/1488930622.61481_5813.tar.gz acep report - BEGIN --- 
 --- Process /raw_reports_v2/1488930622.61481_5813.tar.gz acep report - BEGIN --- 
2017-03-07,23:51:01  --- Process /raw_reports_v2/1488930622.61481_5813.tar.gz acep report - DONE --- 
 --- Process /raw_reports_v2/1488930622.61481_5813.tar.gz acep report - DONE --- 
2017-03-07,23:51:01  --- Process /raw_reports_v2/1488930628.70923_4593.tar.gz acep report - BEGIN --- 
 --- Process /raw_reports_v2/1488930628.70923_4593.tar.gz acep report - BEGIN --- 
2017-03-07,23:51:01  --- Process /raw_reports_v2/1488930628.70923_4593.tar.gz acep report - DONE --- 
 --- Process /raw_reports_v2/1488930628.70923_4593.tar.gz acep report - DONE --- 
2017-03-07,23:51:01  --- Process /raw_reports_v2/1488930619.11614_4635.tar.gz acep report - BEGIN --- 
 --- Process /raw_reports_v2/1488930619.11614_4635.tar.gz acep report - BEGIN --- 
2017-03-07,23:51:01  --- Process /raw_reports_v2/1488930619.11614_4635.tar.gz acep report - DONE --- 
 --- Process /raw_reports_v2/1488930619.11614_4635.tar.gz acep report - DONE --- 
2017-03-07,23:51:01  --- Process /raw_reports_v2/1488930603.29105_88.tar.gz acep report - BEGIN --- 
 --- Process /raw_reports_v2/1488930603.29105_88.tar.gz acep report - BEGIN --- 
2017-03-07,23:51:01  --- Process /raw_reports_v2/1488930603.29105_88.tar.gz acep report - DONE --- 
 --- Process /raw_reports_v2/1488930603.29105_88.tar.gz acep report - DONE --- 
2017-03-07,23:51:01  --- Process /raw_reports_v2/1488930611.99289_2578.tar.gz acep report - BEGIN --- 
 --- Process /raw_reports_v2/1488930611.99289_2578.tar.gz acep report - BEGIN --- 
2017-03-07,23:51:01  --- Process /raw_reports_v2/1488930611.99289_2578.tar.gz acep report - DONE --- 
 --- Process /raw_reports_v2/1488930611.99289_2578.tar.gz acep report - DONE --- 
2017-03-07,23:51:01  --- Process /raw_reports_v2/1488930623.83999_6659.tar.gz acep report - BEGIN --- 
 --- Process /raw_reports_v2/1488930623.83999_6659.tar.gz acep report - BEGIN --- 
2017-03-07,23:51:01  --- Process /raw_reports_v2/1488930623.83999_6659.tar.gz acep report - DONE --- 
 --- Process /raw_reports_v2/1488930623.83999_6659.tar.gz acep report - DONE --- 
2017-03-07,23:51:01  --- Process /raw_reports_v2/1488930651.49315_7259.tar.gz acep report - BEGIN --- 
 --- Process /raw_reports_v2/1488930651.49315_7259.tar.gz acep report - BEGIN --- 
2017-03-07,23:51:01  --- Process /raw_reports_v2/1488930651.49315_7259.tar.gz acep report - DONE --- 
 --- Process /raw_reports_v2/1488930651.49315_7259.tar.gz acep report - DONE --- 
2017-03-07,23:51:01  --- Process /raw_reports_v2/1488930629.03732_1144.tar.gz acep report - BEGIN --- 
 --- Process /raw_reports_v2/1488930629.03732_1144.tar.gz acep report - BEGIN --- 
2017-03-07,23:51:01  --- Process /raw_reports_v2/1488930629.03732_1144.tar.gz acep report - DONE --- 
 --- Process /raw_reports_v2/1488930629.03732_1144.tar.gz acep report - DONE --- 
2017-03-07,23:51:01  --- Process /raw_reports_v2/1488930649.23361_189.tar.gz acep report - BEGIN --- 
 --- Process /raw_reports_v2/1488930649.23361_189.tar.gz acep report - BEGIN --- 
2017-03-07,23:51:01  --- Process /raw_reports_v2/1488930649.23361_189.tar.gz acep report - DONE --- 
 --- Process /raw_reports_v2/1488930649.23361_189.tar.gz acep report - DONE --- 
2017-03-07,23:51:01  --- Process /raw_reports_v2/1488930642.79409_5521.tar.gz acep report - BEGIN --- 
 --- Process /raw_reports_v2/1488930642.79409_5521.tar.gz acep report - BEGIN --- 
2017-03-07,23:51:01  --- Process /raw_reports_v2/1488930642.79409_5521.tar.gz acep report - DONE --- 
 --- Process /raw_reports_v2/1488930642.79409_5521.tar.gz acep report - DONE --- 
2017-03-07,23:52:01  --- Process /raw_reports_v2/1488930705.72056_9620.tar.gz acep report - BEGIN --- 
 --- Process /raw_reports_v2/1488930705.72056_9620.tar.gz acep report - BEGIN --- 
2017-03-07,23:52:01  --- Process /raw_reports_v2/1488930705.72056_9620.tar.gz acep report - DONE --- 
 --- Process /raw_reports_v2/1488930705.72056_9620.tar.gz acep report - DONE --- 
2017-03-07,23:52:01  --- Process /raw_reports_v2/1488930691.89234_497.tar.gz acep report - BEGIN --- 
 --- Process /raw_reports_v2/1488930691.89234_497.tar.gz acep report - BEGIN --- 
2017-03-07,23:52:01  --- Process /raw_reports_v2/1488930691.89234_497.tar.gz acep report - DONE --- 
 --- Process /raw_reports_v2/1488930691.89234_497.tar.gz acep report - DONE --- 
2017-03-07,23:52:01  --- Process /raw_reports_v2/1488930700.72018_7477.tar.gz acep report - BEGIN --- 
 --- Process /raw_reports_v2/1488930700.72018_7477.tar.gz acep report - BEGIN --- 
2017-03-07,23:52:01  --- Process /raw_reports_v2/1488930700.72018_7477.tar.gz acep report - DONE --- 
 --- Process /raw_reports_v2/1488930700.72018_7477.tar.gz acep report - DONE --- 
2017-03-07,23:52:01  --- Process /raw_reports_v2/1488930685.84431_519.tar.gz acep report - BEGIN --- 
 --- Process /raw_reports_v2/1488930685.84431_519.tar.gz acep report - BEGIN --- 
2017-03-07,23:52:02  --- Process /raw_reports_v2/1488930685.84431_519.tar.gz acep report - DONE --- 
 --- Process /raw_reports_v2/1488930685.84431_519.tar.gz acep report - DONE --- 
2017-03-07,23:52:02  --- Process /raw_reports_v2/1488930720.90596_7877.tar.gz acep report - BEGIN --- 
 --- Process /raw_reports_v2/1488930720.90596_7877.tar.gz acep report - BEGIN --- 
2017-03-07,23:52:02  --- Process /raw_reports_v2/1488930720.90596_7877.tar.gz acep report - DONE --- 
 --- Process /raw_reports_v2/1488930720.90596_7877.tar.gz acep report - DONE --- 
2017-03-07,23:52:02  --- Process /raw_reports_v2/1488930671.26596_349.tar.gz acep report - BEGIN --- 
 --- Process /raw_reports_v2/1488930671.26596_349.tar.gz acep report - BEGIN --- 
2017-03-07,23:52:02  --- Process /raw_reports_v2/1488930671.26596_349.tar.gz acep report - DONE --- 
 --- Process /raw_reports_v2/1488930671.26596_349.tar.gz acep report - DONE --- 
2017-03-07,23:52:02  --- Process /raw_reports_v2/1488930669.48297_6375.tar.gz acep report - BEGIN --- 
 --- Process /raw_reports_v2/1488930669.48297_6375.tar.gz acep report - BEGIN --- 
2017-03-07,23:52:02  --- Process /raw_reports_v2/1488930669.48297_6375.tar.gz acep report - DONE --- 
 --- Process /raw_reports_v2/1488930669.48297_6375.tar.gz acep report - DONE --- 
2017-03-07,23:52:02  --- Process /raw_reports_v2/1488930697.33977_1003.tar.gz acep report - BEGIN --- 
 --- Process /raw_reports_v2/1488930697.33977_1003.tar.gz acep report - BEGIN --- 
2017-03-07,23:52:02  --- Process /raw_reports_v2/1488930697.33977_1003.tar.gz acep report - DONE --- 
 --- Process /raw_reports_v2/1488930697.33977_1003.tar.gz acep report - DONE --- 
2017-03-07,23:52:02  --- Process /raw_reports_v2/1488930693.35136_7252.tar.gz acep report - BEGIN --- 
 --- Process /raw_reports_v2/1488930693.35136_7252.tar.gz acep report - BEGIN --- 
2017-03-07,23:52:02  --- Process /raw_reports_v2/1488930693.35136_7252.tar.gz acep report - DONE --- 
 --- Process /raw_reports_v2/1488930693.35136_7252.tar.gz acep report - DONE --- 
2017-03-07,23:52:02  --- Process /raw_reports_v2/1488930690.53872_7917.tar.gz acep report - BEGIN --- 
 --- Process /raw_reports_v2/1488930690.53872_7917.tar.gz acep report - BEGIN --- 
2017-03-07,23:52:02  --- Process /raw_reports_v2/1488930690.53872_7917.tar.gz acep report - DONE --- 
 --- Process /raw_reports_v2/1488930690.53872_7917.tar.gz acep report - DONE --- 
2017-03-07,23:52:02  --- Process /raw_reports_v2/1488930670.72536_8699.tar.gz acep report - BEGIN --- 
 --- Process /raw_reports_v2/1488930670.72536_8699.tar.gz acep report - BEGIN --- 
2017-03-07,23:52:02  --- Process /raw_reports_v2/1488930670.72536_8699.tar.gz acep report - DONE --- 
 --- Process /raw_reports_v2/1488930670.72536_8699.tar.gz acep report - DONE --- 
2017-03-07,23:52:02  --- Process /raw_reports_v2/1488930718.24385_1248.tar.gz acep report - BEGIN --- 
 --- Process /raw_reports_v2/1488930718.24385_1248.tar.gz acep report - BEGIN --- 
2017-03-07,23:52:02  --- Process /raw_reports_v2/1488930718.24385_1248.tar.gz acep report - DONE --- 
 --- Process /raw_reports_v2/1488930718.24385_1248.tar.gz acep report - DONE --- 
2017-03-07,23:52:02  --- Process /raw_reports_v2/1488930708.92285_4706.tar.gz acep report - BEGIN --- 
 --- Process /raw_reports_v2/1488930708.92285_4706.tar.gz acep report - BEGIN --- 
2017-03-07,23:52:02  --- Process /raw_reports_v2/1488930708.92285_4706.tar.gz acep report - DONE --- 
 --- Process /raw_reports_v2/1488930708.92285_4706.tar.gz acep report - DONE --- 
2017-03-07,23:52:02  --- Process /raw_reports_v2/1488930669.87505_5668.tar.gz acep report - BEGIN --- 
 --- Process /raw_reports_v2/1488930669.87505_5668.tar.gz acep report - BEGIN --- 
2017-03-07,23:52:02  --- Process /raw_reports_v2/1488930669.87505_5668.tar.gz acep report - DONE --- 
 --- Process /raw_reports_v2/1488930669.87505_5668.tar.gz acep report - DONE --- 
2017-03-07,23:52:02  --- Process /raw_reports_v2/1488930687.72168_7688.tar.gz acep report - BEGIN --- 
 --- Process /raw_reports_v2/1488930687.72168_7688.tar.gz acep report - BEGIN --- 
2017-03-07,23:52:02  --- Process /raw_reports_v2/1488930687.72168_7688.tar.gz acep report - DONE --- 
 --- Process /raw_reports_v2/1488930687.72168_7688.tar.gz acep report - DONE --- 
2017-03-07,23:52:02  --- Process /raw_reports_v2/1488930685.01266_7449.tar.gz acep report - BEGIN --- 
 --- Process /raw_reports_v2/1488930685.01266_7449.tar.gz acep report - BEGIN --- 
2017-03-07,23:52:02  --- Process /raw_reports_v2/1488930685.01266_7449.tar.gz acep report - DONE --- 
 --- Process /raw_reports_v2/1488930685.01266_7449.tar.gz acep report - DONE --- 
2017-03-07,23:53:01  --- Process /raw_reports_v2/1488930733.26115_6878.tar.gz acep report - BEGIN --- 
 --- Process /raw_reports_v2/1488930733.26115_6878.tar.gz acep report - BEGIN --- 
2017-03-07,23:53:01  --- Process /raw_reports_v2/1488930733.26115_6878.tar.gz acep report - DONE --- 
 --- Process /raw_reports_v2/1488930733.26115_6878.tar.gz acep report - DONE --- 
2017-03-07,23:53:01  --- Process /raw_reports_v2/1488930722.18953_8237.tar.gz acep report - BEGIN --- 
 --- Process /raw_reports_v2/1488930722.18953_8237.tar.gz acep report - BEGIN --- 
2017-03-07,23:53:01  --- Process /raw_reports_v2/1488930722.18953_8237.tar.gz acep report - DONE --- 
 --- Process /raw_reports_v2/1488930722.18953_8237.tar.gz acep report - DONE --- 
2017-03-07,23:53:01  --- Process /raw_reports_v2/1488930731.5609_8052.tar.gz acep report - BEGIN --- 
 --- Process /raw_reports_v2/1488930731.5609_8052.tar.gz acep report - BEGIN --- 
2017-03-07,23:53:01  --- Process /raw_reports_v2/1488930731.5609_8052.tar.gz acep report - DONE --- 
 --- Process /raw_reports_v2/1488930731.5609_8052.tar.gz acep report - DONE --- 
2017-03-07,23:53:01  --- Process /raw_reports_v2/1488930744.51684_6536.tar.gz acep report - BEGIN --- 
 --- Process /raw_reports_v2/1488930744.51684_6536.tar.gz acep report - BEGIN --- 
2017-03-07,23:53:01  --- Process /raw_reports_v2/1488930744.51684_6536.tar.gz acep report - DONE --- 
 --- Process /raw_reports_v2/1488930744.51684_6536.tar.gz acep report - DONE --- 
2017-03-07,23:53:01  --- Process /raw_reports_v2/1488930744.29906_8243.tar.gz acep report - BEGIN --- 
 --- Process /raw_reports_v2/1488930744.29906_8243.tar.gz acep report - BEGIN --- 
2017-03-07,23:53:01  --- Process /raw_reports_v2/1488930744.29906_8243.tar.gz acep report - DONE --- 
 --- Process /raw_reports_v2/1488930744.29906_8243.tar.gz acep report - DONE --- 
2017-03-07,23:53:01  --- Process /raw_reports_v2/1488930728.33808_2862.tar.gz acep report - BEGIN --- 
 --- Process /raw_reports_v2/1488930728.33808_2862.tar.gz acep report - BEGIN --- 
2017-03-07,23:53:01  --- Process /raw_reports_v2/1488930728.33808_2862.tar.gz acep report - DONE --- 
 --- Process /raw_reports_v2/1488930728.33808_2862.tar.gz acep report - DONE --- 
2017-03-07,23:53:01  --- Process /raw_reports_v2/1488930762.02551_9778.tar.gz acep report - BEGIN --- 
 --- Process /raw_reports_v2/1488930762.02551_9778.tar.gz acep report - BEGIN --- 
2017-03-07,23:53:01  --- Process /raw_reports_v2/1488930762.02551_9778.tar.gz acep report - DONE --- 
 --- Process /raw_reports_v2/1488930762.02551_9778.tar.gz acep report - DONE --- 
2017-03-07,23:53:01  --- Process /raw_reports_v2/1488930738.46696_377.tar.gz acep report - BEGIN --- 
 --- Process /raw_reports_v2/1488930738.46696_377.tar.gz acep report - BEGIN --- 
2017-03-07,23:53:01  --- Process /raw_reports_v2/1488930738.46696_377.tar.gz acep report - DONE --- 
 --- Process /raw_reports_v2/1488930738.46696_377.tar.gz acep report - DONE --- 
2017-03-07,23:53:01  --- Process /raw_reports_v2/1488930728.37194_1488.tar.gz acep report - BEGIN --- 
 --- Process /raw_reports_v2/1488930728.37194_1488.tar.gz acep report - BEGIN --- 
2017-03-07,23:53:01  --- Process /raw_reports_v2/1488930728.37194_1488.tar.gz acep report - DONE --- 
 --- Process /raw_reports_v2/1488930728.37194_1488.tar.gz acep report - DONE --- 
2017-03-07,23:53:01  --- Process /raw_reports_v2/1488930732.06663_7956.tar.gz acep report - BEGIN --- 
 --- Process /raw_reports_v2/1488930732.06663_7956.tar.gz acep report - BEGIN --- 
2017-03-07,23:53:01  --- Process /raw_reports_v2/1488930732.06663_7956.tar.gz acep report - DONE --- 
 --- Process /raw_reports_v2/1488930732.06663_7956.tar.gz acep report - DONE --- 
2017-03-07,23:53:01  --- Process /raw_reports_v2/1488930736.12014_666.tar.gz acep report - BEGIN --- 
 --- Process /raw_reports_v2/1488930736.12014_666.tar.gz acep report - BEGIN --- 
2017-03-07,23:53:01  --- Process /raw_reports_v2/1488930736.12014_666.tar.gz acep report - DONE --- 
 --- Process /raw_reports_v2/1488930736.12014_666.tar.gz acep report - DONE --- 
2017-03-07,23:53:01  --- Process /raw_reports_v2/1488930734.76606_4583.tar.gz acep report - BEGIN --- 
 --- Process /raw_reports_v2/1488930734.76606_4583.tar.gz acep report - BEGIN --- 
2017-03-07,23:53:01  --- Process /raw_reports_v2/1488930734.76606_4583.tar.gz acep report - DONE --- 
 --- Process /raw_reports_v2/1488930734.76606_4583.tar.gz acep report - DONE --- 
2017-03-07,23:53:01  --- Process /raw_reports_v2/1488930762.70524_9640.tar.gz acep report - BEGIN --- 
 --- Process /raw_reports_v2/1488930762.70524_9640.tar.gz acep report - BEGIN --- 
2017-03-07,23:53:01  --- Process /raw_reports_v2/1488930762.70524_9640.tar.gz acep report - DONE --- 
 --- Process /raw_reports_v2/1488930762.70524_9640.tar.gz acep report - DONE --- 
2017-03-07,23:53:01  --- Process /raw_reports_v2/1488930772.58288_6140.tar.gz acep report - BEGIN --- 
 --- Process /raw_reports_v2/1488930772.58288_6140.tar.gz acep report - BEGIN --- 
2017-03-07,23:53:01  --- Process /raw_reports_v2/1488930772.58288_6140.tar.gz acep report - DONE --- 
 --- Process /raw_reports_v2/1488930772.58288_6140.tar.gz acep report - DONE --- 
2017-03-07,23:53:01  --- Process /raw_reports_v2/1488930732.74619_8184.tar.gz acep report - BEGIN --- 
 --- Process /raw_reports_v2/1488930732.74619_8184.tar.gz acep report - BEGIN --- 
2017-03-07,23:53:01  --- Process /raw_reports_v2/1488930732.74619_8184.tar.gz acep report - DONE --- 
 --- Process /raw_reports_v2/1488930732.74619_8184.tar.gz acep report - DONE --- 
2017-03-07,23:53:01  --- Process /raw_reports_v2/1488930729.40128_4607.tar.gz acep report - BEGIN --- 
 --- Process /raw_reports_v2/1488930729.40128_4607.tar.gz acep report - BEGIN --- 
2017-03-07,23:53:01  --- Process /raw_reports_v2/1488930729.40128_4607.tar.gz acep report - DONE --- 
 --- Process /raw_reports_v2/1488930729.40128_4607.tar.gz acep report - DONE --- 
2017-03-07,23:54:01  --- Process /raw_reports_v2/1488930816.35756_9103.tar.gz acep report - BEGIN --- 
 --- Process /raw_reports_v2/1488930816.35756_9103.tar.gz acep report - BEGIN --- 
2017-03-07,23:54:02  --- Process /raw_reports_v2/1488930816.35756_9103.tar.gz acep report - DONE --- 
 --- Process /raw_reports_v2/1488930816.35756_9103.tar.gz acep report - DONE --- 
2017-03-07,23:54:02  --- Process /raw_reports_v2/1488930840.33848_698.tar.gz acep report - BEGIN --- 
 --- Process /raw_reports_v2/1488930840.33848_698.tar.gz acep report - BEGIN --- 
2017-03-07,23:54:02  --- Process /raw_reports_v2/1488930840.33848_698.tar.gz acep report - DONE --- 
 --- Process /raw_reports_v2/1488930840.33848_698.tar.gz acep report - DONE --- 
2017-03-07,23:54:02  --- Process /raw_reports_v2/1488930831.62378_8957.tar.gz acep report - BEGIN --- 
 --- Process /raw_reports_v2/1488930831.62378_8957.tar.gz acep report - BEGIN --- 
2017-03-07,23:54:02  --- Process /raw_reports_v2/1488930831.62378_8957.tar.gz acep report - DONE --- 
 --- Process /raw_reports_v2/1488930831.62378_8957.tar.gz acep report - DONE --- 
2017-03-07,23:54:02  --- Process /raw_reports_v2/1488930841.41852_7735.tar.gz acep report - BEGIN --- 
 --- Process /raw_reports_v2/1488930841.41852_7735.tar.gz acep report - BEGIN --- 
2017-03-07,23:54:02  --- Process /raw_reports_v2/1488930841.41852_7735.tar.gz acep report - DONE --- 
 --- Process /raw_reports_v2/1488930841.41852_7735.tar.gz acep report - DONE --- 
2017-03-07,23:54:02  --- Process /raw_reports_v2/1488930789.74794_7584.tar.gz acep report - BEGIN --- 
 --- Process /raw_reports_v2/1488930789.74794_7584.tar.gz acep report - BEGIN --- 
2017-03-07,23:54:02  --- Process /raw_reports_v2/1488930789.74794_7584.tar.gz acep report - DONE --- 
 --- Process /raw_reports_v2/1488930789.74794_7584.tar.gz acep report - DONE --- 
2017-03-07,23:54:02  --- Process /raw_reports_v2/1488930818.43886_6591.tar.gz acep report - BEGIN --- 
 --- Process /raw_reports_v2/1488930818.43886_6591.tar.gz acep report - BEGIN --- 
2017-03-07,23:54:02  --- Process /raw_reports_v2/1488930818.43886_6591.tar.gz acep report - DONE --- 
 --- Process /raw_reports_v2/1488930818.43886_6591.tar.gz acep report - DONE --- 
2017-03-07,23:54:02  --- Process /raw_reports_v2/1488930788.91468_589.tar.gz acep report - BEGIN --- 
 --- Process /raw_reports_v2/1488930788.91468_589.tar.gz acep report - BEGIN --- 
2017-03-07,23:54:02  --- Process /raw_reports_v2/1488930788.91468_589.tar.gz acep report - DONE --- 
 --- Process /raw_reports_v2/1488930788.91468_589.tar.gz acep report - DONE --- 
2017-03-07,23:54:02  --- Process /raw_reports_v2/1488930801.70422_2595.tar.gz acep report - BEGIN --- 
 --- Process /raw_reports_v2/1488930801.70422_2595.tar.gz acep report - BEGIN --- 
2017-03-07,23:54:02  --- Process /raw_reports_v2/1488930801.70422_2595.tar.gz acep report - DONE --- 
 --- Process /raw_reports_v2/1488930801.70422_2595.tar.gz acep report - DONE --- 
2017-03-07,23:54:02  --- Process /raw_reports_v2/1488930798.78418_7053.tar.gz acep report - BEGIN --- 
 --- Process /raw_reports_v2/1488930798.78418_7053.tar.gz acep report - BEGIN --- 
2017-03-07,23:54:02  --- Process /raw_reports_v2/1488930798.78418_7053.tar.gz acep report - DONE --- 
 --- Process /raw_reports_v2/1488930798.78418_7053.tar.gz acep report - DONE --- 
2017-03-07,23:54:02  --- Process /raw_reports_v2/1488930787.43024_5830.tar.gz acep report - BEGIN --- 
 --- Process /raw_reports_v2/1488930787.43024_5830.tar.gz acep report - BEGIN --- 
2017-03-07,23:54:02  --- Process /raw_reports_v2/1488930787.43024_5830.tar.gz acep report - DONE --- 
 --- Process /raw_reports_v2/1488930787.43024_5830.tar.gz acep report - DONE --- 
2017-03-07,23:54:02  --- Process /raw_reports_v2/1488930789.71613_5190.tar.gz acep report - BEGIN --- 
 --- Process /raw_reports_v2/1488930789.71613_5190.tar.gz acep report - BEGIN --- 
2017-03-07,23:54:02  --- Process /raw_reports_v2/1488930789.71613_5190.tar.gz acep report - DONE --- 
 --- Process /raw_reports_v2/1488930789.71613_5190.tar.gz acep report - DONE --- 
2017-03-07,23:54:02  --- Process /raw_reports_v2/1488930828.36952_981.tar.gz acep report - BEGIN --- 
 --- Process /raw_reports_v2/1488930828.36952_981.tar.gz acep report - BEGIN --- 
2017-03-07,23:54:02  --- Process /raw_reports_v2/1488930828.36952_981.tar.gz acep report - DONE --- 
 --- Process /raw_reports_v2/1488930828.36952_981.tar.gz acep report - DONE --- 
2017-03-07,23:54:02  --- Process /raw_reports_v2/1488930811.07798_9251.tar.gz acep report - BEGIN --- 
 --- Process /raw_reports_v2/1488930811.07798_9251.tar.gz acep report - BEGIN --- 
2017-03-07,23:54:02  --- Process /raw_reports_v2/1488930811.07798_9251.tar.gz acep report - DONE --- 
 --- Process /raw_reports_v2/1488930811.07798_9251.tar.gz acep report - DONE --- 
2017-03-07,23:54:02  --- Process /raw_reports_v2/1488930794.10928_8522.tar.gz acep report - BEGIN --- 
 --- Process /raw_reports_v2/1488930794.10928_8522.tar.gz acep report - BEGIN --- 
2017-03-07,23:54:02  --- Process /raw_reports_v2/1488930794.10928_8522.tar.gz acep report - DONE --- 
 --- Process /raw_reports_v2/1488930794.10928_8522.tar.gz acep report - DONE --- 
2017-03-07,23:55:01  --- Process /raw_reports_v2/1488930869.67522_5978.tar.gz acep report - BEGIN --- 
 --- Process /raw_reports_v2/1488930869.67522_5978.tar.gz acep report - BEGIN --- 
2017-03-07,23:55:01  --- Process /raw_reports_v2/1488930869.67522_5978.tar.gz acep report - DONE --- 
 --- Process /raw_reports_v2/1488930869.67522_5978.tar.gz acep report - DONE --- 
2017-03-07,23:55:01  --- Process /raw_reports_v2/1488930861.97914_5651.tar.gz acep report - BEGIN --- 
 --- Process /raw_reports_v2/1488930861.97914_5651.tar.gz acep report - BEGIN --- 
2017-03-07,23:55:01  --- Process /raw_reports_v2/1488930861.97914_5651.tar.gz acep report - DONE --- 
 --- Process /raw_reports_v2/1488930861.97914_5651.tar.gz acep report - DONE --- 
2017-03-07,23:55:01  --- Process /raw_reports_v2/1488930857.46922_8192.tar.gz acep report - BEGIN --- 
 --- Process /raw_reports_v2/1488930857.46922_8192.tar.gz acep report - BEGIN --- 
2017-03-07,23:55:02  --- Process /raw_reports_v2/1488930857.46922_8192.tar.gz acep report - DONE --- 
 --- Process /raw_reports_v2/1488930857.46922_8192.tar.gz acep report - DONE --- 
2017-03-07,23:55:02  --- Process /raw_reports_v2/1488930849.20737_6419.tar.gz acep report - BEGIN --- 
 --- Process /raw_reports_v2/1488930849.20737_6419.tar.gz acep report - BEGIN --- 
2017-03-07,23:55:02  --- Process /raw_reports_v2/1488930849.20737_6419.tar.gz acep report - DONE --- 
 --- Process /raw_reports_v2/1488930849.20737_6419.tar.gz acep report - DONE --- 
2017-03-07,23:55:02  --- Process /raw_reports_v2/1488930860.52387_9400.tar.gz acep report - BEGIN --- 
 --- Process /raw_reports_v2/1488930860.52387_9400.tar.gz acep report - BEGIN --- 
2017-03-07,23:55:02  --- Process /raw_reports_v2/1488930860.52387_9400.tar.gz acep report - DONE --- 
 --- Process /raw_reports_v2/1488930860.52387_9400.tar.gz acep report - DONE --- 
2017-03-07,23:55:02  --- Process /raw_reports_v2/1488930889.06854_5649.tar.gz acep report - BEGIN --- 
 --- Process /raw_reports_v2/1488930889.06854_5649.tar.gz acep report - BEGIN --- 
2017-03-07,23:55:02  --- Process /raw_reports_v2/1488930889.06854_5649.tar.gz acep report - DONE --- 
 --- Process /raw_reports_v2/1488930889.06854_5649.tar.gz acep report - DONE --- 
2017-03-07,23:55:02  --- Process /raw_reports_v2/1488930842.70899_1868.tar.gz acep report - BEGIN --- 
 --- Process /raw_reports_v2/1488930842.70899_1868.tar.gz acep report - BEGIN --- 
2017-03-07,23:55:02  --- Process /raw_reports_v2/1488930842.70899_1868.tar.gz acep report - DONE --- 
 --- Process /raw_reports_v2/1488930842.70899_1868.tar.gz acep report - DONE --- 
2017-03-07,23:55:02  --- Process /raw_reports_v2/1488930897.36001_399.tar.gz acep report - BEGIN --- 
 --- Process /raw_reports_v2/1488930897.36001_399.tar.gz acep report - BEGIN --- 
2017-03-07,23:55:02  --- Process /raw_reports_v2/1488930897.36001_399.tar.gz acep report - DONE --- 
 --- Process /raw_reports_v2/1488930897.36001_399.tar.gz acep report - DONE --- 
2017-03-07,23:55:02  --- Process /raw_reports_v2/1488930886.78193_1396.tar.gz acep report - BEGIN --- 
 --- Process /raw_reports_v2/1488930886.78193_1396.tar.gz acep report - BEGIN --- 
2017-03-07,23:55:02  --- Process /raw_reports_v2/1488930886.78193_1396.tar.gz acep report - DONE --- 
 --- Process /raw_reports_v2/1488930886.78193_1396.tar.gz acep report - DONE --- 
2017-03-07,23:55:02  --- Process /raw_reports_v2/1488930851.90347_5422.tar.gz acep report - BEGIN --- 
 --- Process /raw_reports_v2/1488930851.90347_5422.tar.gz acep report - BEGIN --- 
2017-03-07,23:55:02  --- Process /raw_reports_v2/1488930851.90347_5422.tar.gz acep report - DONE --- 
 --- Process /raw_reports_v2/1488930851.90347_5422.tar.gz acep report - DONE --- 
2017-03-07,23:55:02  --- Process /raw_reports_v2/1488930882.7013_8784.tar.gz acep report - BEGIN --- 
 --- Process /raw_reports_v2/1488930882.7013_8784.tar.gz acep report - BEGIN --- 
2017-03-07,23:55:02  --- Process /raw_reports_v2/1488930882.7013_8784.tar.gz acep report - DONE --- 
 --- Process /raw_reports_v2/1488930882.7013_8784.tar.gz acep report - DONE --- 
2017-03-07,23:55:02  --- Process /raw_reports_v2/1488930892.01257_5775.tar.gz acep report - BEGIN --- 
 --- Process /raw_reports_v2/1488930892.01257_5775.tar.gz acep report - BEGIN --- 
2017-03-07,23:55:02  --- Process /raw_reports_v2/1488930892.01257_5775.tar.gz acep report - DONE --- 
 --- Process /raw_reports_v2/1488930892.01257_5775.tar.gz acep report - DONE --- 
2017-03-07,23:55:02  --- Process /raw_reports_v2/1488930852.08821_2843.tar.gz acep report - BEGIN --- 
 --- Process /raw_reports_v2/1488930852.08821_2843.tar.gz acep report - BEGIN --- 
2017-03-07,23:55:02  --- Process /raw_reports_v2/1488930852.08821_2843.tar.gz acep report - DONE --- 
 --- Process /raw_reports_v2/1488930852.08821_2843.tar.gz acep report - DONE --- 
2017-03-07,23:55:02  --- Process /raw_reports_v2/1488930850.67727_7445.tar.gz acep report - BEGIN --- 
 --- Process /raw_reports_v2/1488930850.67727_7445.tar.gz acep report - BEGIN --- 
2017-03-07,23:55:02  --- Process /raw_reports_v2/1488930850.67727_7445.tar.gz acep report - DONE --- 
 --- Process /raw_reports_v2/1488930850.67727_7445.tar.gz acep report - DONE --- 
2017-03-07,23:55:02  --- Process /raw_reports_v2/1488930890.79098_6010.tar.gz acep report - BEGIN --- 
 --- Process /raw_reports_v2/1488930890.79098_6010.tar.gz acep report - BEGIN --- 
2017-03-07,23:55:02  --- Process /raw_reports_v2/1488930890.79098_6010.tar.gz acep report - DONE --- 
 --- Process /raw_reports_v2/1488930890.79098_6010.tar.gz acep report - DONE --- 
2017-03-07,23:55:02  --- Process /raw_reports_v2/1488930854.4901_1291.tar.gz acep report - BEGIN --- 
 --- Process /raw_reports_v2/1488930854.4901_1291.tar.gz acep report - BEGIN --- 
2017-03-07,23:55:02  --- Process /raw_reports_v2/1488930854.4901_1291.tar.gz acep report - DONE --- 
 --- Process /raw_reports_v2/1488930854.4901_1291.tar.gz acep report - DONE --- 
2017-03-07,23:56:01  --- Process /raw_reports_v2/1488930914.00136_3413.tar.gz acep report - BEGIN --- 
 --- Process /raw_reports_v2/1488930914.00136_3413.tar.gz acep report - BEGIN --- 
2017-03-07,23:56:01  --- Process /raw_reports_v2/1488930914.00136_3413.tar.gz acep report - DONE --- 
 --- Process /raw_reports_v2/1488930914.00136_3413.tar.gz acep report - DONE --- 
2017-03-07,23:56:01  --- Process /raw_reports_v2/1488930906.74862_668.tar.gz acep report - BEGIN --- 
 --- Process /raw_reports_v2/1488930906.74862_668.tar.gz acep report - BEGIN --- 
2017-03-07,23:56:01  --- Process /raw_reports_v2/1488930906.74862_668.tar.gz acep report - DONE --- 
 --- Process /raw_reports_v2/1488930906.74862_668.tar.gz acep report - DONE --- 
2017-03-07,23:56:01  --- Process /raw_reports_v2/1488930924.72258_5862.tar.gz acep report - BEGIN --- 
 --- Process /raw_reports_v2/1488930924.72258_5862.tar.gz acep report - BEGIN --- 
2017-03-07,23:56:01  --- Process /raw_reports_v2/1488930924.72258_5862.tar.gz acep report - DONE --- 
 --- Process /raw_reports_v2/1488930924.72258_5862.tar.gz acep report - DONE --- 
2017-03-07,23:56:01  --- Process /raw_reports_v2/1488930958.49213_9740.tar.gz acep report - BEGIN --- 
 --- Process /raw_reports_v2/1488930958.49213_9740.tar.gz acep report - BEGIN --- 
2017-03-07,23:56:02  --- Process /raw_reports_v2/1488930958.49213_9740.tar.gz acep report - DONE --- 
 --- Process /raw_reports_v2/1488930958.49213_9740.tar.gz acep report - DONE --- 
2017-03-07,23:56:02  --- Process /raw_reports_v2/1488930929.01444_5307.tar.gz acep report - BEGIN --- 
 --- Process /raw_reports_v2/1488930929.01444_5307.tar.gz acep report - BEGIN --- 
2017-03-07,23:56:02  --- Process /raw_reports_v2/1488930929.01444_5307.tar.gz acep report - DONE --- 
 --- Process /raw_reports_v2/1488930929.01444_5307.tar.gz acep report - DONE --- 
2017-03-07,23:56:02  --- Process /raw_reports_v2/1488930910.01274_6011.tar.gz acep report - BEGIN --- 
 --- Process /raw_reports_v2/1488930910.01274_6011.tar.gz acep report - BEGIN --- 
2017-03-07,23:56:02  --- Process /raw_reports_v2/1488930910.01274_6011.tar.gz acep report - DONE --- 
 --- Process /raw_reports_v2/1488930910.01274_6011.tar.gz acep report - DONE --- 
2017-03-07,23:56:02  --- Process /raw_reports_v2/1488930958.38823_9644.tar.gz acep report - BEGIN --- 
 --- Process /raw_reports_v2/1488930958.38823_9644.tar.gz acep report - BEGIN --- 
2017-03-07,23:56:02  --- Process /raw_reports_v2/1488930958.38823_9644.tar.gz acep report - DONE --- 
 --- Process /raw_reports_v2/1488930958.38823_9644.tar.gz acep report - DONE --- 
2017-03-07,23:56:02  --- Process /raw_reports_v2/1488930906.64638_3820.tar.gz acep report - BEGIN --- 
 --- Process /raw_reports_v2/1488930906.64638_3820.tar.gz acep report - BEGIN --- 
2017-03-07,23:56:02  --- Process /raw_reports_v2/1488930906.64638_3820.tar.gz acep report - DONE --- 
 --- Process /raw_reports_v2/1488930906.64638_3820.tar.gz acep report - DONE --- 
2017-03-07,23:56:02  --- Process /raw_reports_v2/1488930954.40655_9324.tar.gz acep report - BEGIN --- 
 --- Process /raw_reports_v2/1488930954.40655_9324.tar.gz acep report - BEGIN --- 
2017-03-07,23:56:02  --- Process /raw_reports_v2/1488930954.40655_9324.tar.gz acep report - DONE --- 
 --- Process /raw_reports_v2/1488930954.40655_9324.tar.gz acep report - DONE --- 
2017-03-07,23:56:02  --- Process /raw_reports_v2/1488930947.0998_8454.tar.gz acep report - BEGIN --- 
 --- Process /raw_reports_v2/1488930947.0998_8454.tar.gz acep report - BEGIN --- 
2017-03-07,23:56:02  --- Process /raw_reports_v2/1488930947.0998_8454.tar.gz acep report - DONE --- 
 --- Process /raw_reports_v2/1488930947.0998_8454.tar.gz acep report - DONE --- 
2017-03-07,23:57:01  --- Process /raw_reports_v2/1488930973.39616_6310.tar.gz acep report - BEGIN --- 
 --- Process /raw_reports_v2/1488930973.39616_6310.tar.gz acep report - BEGIN --- 
2017-03-07,23:57:01  --- Process /raw_reports_v2/1488930973.39616_6310.tar.gz acep report - DONE --- 
 --- Process /raw_reports_v2/1488930973.39616_6310.tar.gz acep report - DONE --- 
2017-03-07,23:57:01  --- Process /raw_reports_v2/1488931009.31047_6422.tar.gz acep report - BEGIN --- 
 --- Process /raw_reports_v2/1488931009.31047_6422.tar.gz acep report - BEGIN --- 
2017-03-07,23:57:01  --- Process /raw_reports_v2/1488931009.31047_6422.tar.gz acep report - DONE --- 
 --- Process /raw_reports_v2/1488931009.31047_6422.tar.gz acep report - DONE --- 
2017-03-07,23:57:01  --- Process /raw_reports_v2/1488930983.30634_1010.tar.gz acep report - BEGIN --- 
 --- Process /raw_reports_v2/1488930983.30634_1010.tar.gz acep report - BEGIN --- 
2017-03-07,23:57:01  --- Process /raw_reports_v2/1488930983.30634_1010.tar.gz acep report - DONE --- 
 --- Process /raw_reports_v2/1488930983.30634_1010.tar.gz acep report - DONE --- 
2017-03-07,23:57:01  --- Process /raw_reports_v2/1488930967.71406_1700.tar.gz acep report - BEGIN --- 
 --- Process /raw_reports_v2/1488930967.71406_1700.tar.gz acep report - BEGIN --- 
2017-03-07,23:57:01  --- Process /raw_reports_v2/1488930967.71406_1700.tar.gz acep report - DONE --- 
 --- Process /raw_reports_v2/1488930967.71406_1700.tar.gz acep report - DONE --- 
2017-03-07,23:57:01  --- Process /raw_reports_v2/1488930969.72931_7094.tar.gz acep report - BEGIN --- 
 --- Process /raw_reports_v2/1488930969.72931_7094.tar.gz acep report - BEGIN --- 
2017-03-07,23:57:01  --- Process /raw_reports_v2/1488930969.72931_7094.tar.gz acep report - DONE --- 
 --- Process /raw_reports_v2/1488930969.72931_7094.tar.gz acep report - DONE --- 
2017-03-07,23:57:01  --- Process /raw_reports_v2/1488930996.73491_3838.tar.gz acep report - BEGIN --- 
 --- Process /raw_reports_v2/1488930996.73491_3838.tar.gz acep report - BEGIN --- 
2017-03-07,23:57:01  --- Process /raw_reports_v2/1488930996.73491_3838.tar.gz acep report - DONE --- 
 --- Process /raw_reports_v2/1488930996.73491_3838.tar.gz acep report - DONE --- 
2017-03-07,23:57:01  --- Process /raw_reports_v2/1488930970.66953_8027.tar.gz acep report - BEGIN --- 
 --- Process /raw_reports_v2/1488930970.66953_8027.tar.gz acep report - BEGIN --- 
2017-03-07,23:57:01  --- Process /raw_reports_v2/1488930970.66953_8027.tar.gz acep report - DONE --- 
 --- Process /raw_reports_v2/1488930970.66953_8027.tar.gz acep report - DONE --- 
2017-03-07,23:57:01  --- Process /raw_reports_v2/1488931008.90604_5518.tar.gz acep report - BEGIN --- 
 --- Process /raw_reports_v2/1488931008.90604_5518.tar.gz acep report - BEGIN --- 
2017-03-07,23:57:01  --- Process /raw_reports_v2/1488931008.90604_5518.tar.gz acep report - DONE --- 
 --- Process /raw_reports_v2/1488931008.90604_5518.tar.gz acep report - DONE --- 
2017-03-07,23:57:01  --- Process /raw_reports_v2/1488931000.85095_7057.tar.gz acep report - BEGIN --- 
 --- Process /raw_reports_v2/1488931000.85095_7057.tar.gz acep report - BEGIN --- 
2017-03-07,23:57:01  --- Process /raw_reports_v2/1488931000.85095_7057.tar.gz acep report - DONE --- 
 --- Process /raw_reports_v2/1488931000.85095_7057.tar.gz acep report - DONE --- 
2017-03-07,23:58:01  --- Process /raw_reports_v2/1488931032.50445_482.tar.gz acep report - BEGIN --- 
 --- Process /raw_reports_v2/1488931032.50445_482.tar.gz acep report - BEGIN --- 
2017-03-07,23:58:01  --- Process /raw_reports_v2/1488931032.50445_482.tar.gz acep report - DONE --- 
 --- Process /raw_reports_v2/1488931032.50445_482.tar.gz acep report - DONE --- 
2017-03-07,23:58:01  --- Process /raw_reports_v2/1488931078.02719_907.tar.gz acep report - BEGIN --- 
 --- Process /raw_reports_v2/1488931078.02719_907.tar.gz acep report - BEGIN --- 
2017-03-07,23:58:01  --- Process /raw_reports_v2/1488931078.02719_907.tar.gz acep report - DONE --- 
 --- Process /raw_reports_v2/1488931078.02719_907.tar.gz acep report - DONE --- 
2017-03-07,23:58:01  --- Process /raw_reports_v2/1488931041.59785_4459.tar.gz acep report - BEGIN --- 
 --- Process /raw_reports_v2/1488931041.59785_4459.tar.gz acep report - BEGIN --- 
2017-03-07,23:58:01  --- Process /raw_reports_v2/1488931041.59785_4459.tar.gz acep report - DONE --- 
 --- Process /raw_reports_v2/1488931041.59785_4459.tar.gz acep report - DONE --- 
2017-03-07,23:58:01  --- Process /raw_reports_v2/1488931022.47991_6615.tar.gz acep report - BEGIN --- 
 --- Process /raw_reports_v2/1488931022.47991_6615.tar.gz acep report - BEGIN --- 
2017-03-07,23:58:01  --- Process /raw_reports_v2/1488931022.47991_6615.tar.gz acep report - DONE --- 
 --- Process /raw_reports_v2/1488931022.47991_6615.tar.gz acep report - DONE --- 
2017-03-07,23:58:01  --- Process /raw_reports_v2/1488931043.72628_2945.tar.gz acep report - BEGIN --- 
 --- Process /raw_reports_v2/1488931043.72628_2945.tar.gz acep report - BEGIN --- 
2017-03-07,23:58:01  --- Process /raw_reports_v2/1488931043.72628_2945.tar.gz acep report - DONE --- 
 --- Process /raw_reports_v2/1488931043.72628_2945.tar.gz acep report - DONE --- 
2017-03-07,23:58:01  --- Process /raw_reports_v2/1488931045.58323_1209.tar.gz acep report - BEGIN --- 
 --- Process /raw_reports_v2/1488931045.58323_1209.tar.gz acep report - BEGIN --- 
2017-03-07,23:58:02  --- Process /raw_reports_v2/1488931045.58323_1209.tar.gz acep report - DONE --- 
 --- Process /raw_reports_v2/1488931045.58323_1209.tar.gz acep report - DONE --- 
2017-03-07,23:58:02  --- Process /raw_reports_v2/1488931059.73707_7118.tar.gz acep report - BEGIN --- 
 --- Process /raw_reports_v2/1488931059.73707_7118.tar.gz acep report - BEGIN --- 
2017-03-07,23:58:02  --- Process /raw_reports_v2/1488931059.73707_7118.tar.gz acep report - DONE --- 
 --- Process /raw_reports_v2/1488931059.73707_7118.tar.gz acep report - DONE --- 
2017-03-07,23:58:02  --- Process /raw_reports_v2/1488931061.03896_8273.tar.gz acep report - BEGIN --- 
 --- Process /raw_reports_v2/1488931061.03896_8273.tar.gz acep report - BEGIN --- 
2017-03-07,23:58:02  --- Process /raw_reports_v2/1488931061.03896_8273.tar.gz acep report - DONE --- 
 --- Process /raw_reports_v2/1488931061.03896_8273.tar.gz acep report - DONE --- 
2017-03-07,23:58:02  --- Process /raw_reports_v2/1488931059.13792_4789.tar.gz acep report - BEGIN --- 
 --- Process /raw_reports_v2/1488931059.13792_4789.tar.gz acep report - BEGIN --- 
2017-03-07,23:58:02  --- Process /raw_reports_v2/1488931059.13792_4789.tar.gz acep report - DONE --- 
 --- Process /raw_reports_v2/1488931059.13792_4789.tar.gz acep report - DONE --- 
2017-03-07,23:59:01  --- Process /raw_reports_v2/1488931094.58241_199.tar.gz acep report - BEGIN --- 
 --- Process /raw_reports_v2/1488931094.58241_199.tar.gz acep report - BEGIN --- 
2017-03-07,23:59:01  --- Process /raw_reports_v2/1488931094.58241_199.tar.gz acep report - DONE --- 
 --- Process /raw_reports_v2/1488931094.58241_199.tar.gz acep report - DONE --- 
2017-03-07,23:59:01  --- Process /raw_reports_v2/1488931089.30127_1241.tar.gz acep report - BEGIN --- 
 --- Process /raw_reports_v2/1488931089.30127_1241.tar.gz acep report - BEGIN --- 
2017-03-07,23:59:01  --- Process /raw_reports_v2/1488931089.30127_1241.tar.gz acep report - DONE --- 
 --- Process /raw_reports_v2/1488931089.30127_1241.tar.gz acep report - DONE --- 
2017-03-07,23:59:01  --- Process /raw_reports_v2/1488931104.93983_7956.tar.gz acep report - BEGIN --- 
 --- Process /raw_reports_v2/1488931104.93983_7956.tar.gz acep report - BEGIN --- 
2017-03-07,23:59:01  --- Process /raw_reports_v2/1488931104.93983_7956.tar.gz acep report - DONE --- 
 --- Process /raw_reports_v2/1488931104.93983_7956.tar.gz acep report - DONE --- 
2017-03-07,23:59:01  --- Process /raw_reports_v2/1488931095.64364_9935.tar.gz acep report - BEGIN --- 
 --- Process /raw_reports_v2/1488931095.64364_9935.tar.gz acep report - BEGIN --- 
2017-03-07,23:59:01  --- Process /raw_reports_v2/1488931095.64364_9935.tar.gz acep report - DONE --- 
 --- Process /raw_reports_v2/1488931095.64364_9935.tar.gz acep report - DONE --- 
2017-03-07,23:59:01  --- Process /raw_reports_v2/1488931092.19587_5370.tar.gz acep report - BEGIN --- 
 --- Process /raw_reports_v2/1488931092.19587_5370.tar.gz acep report - BEGIN --- 
2017-03-07,23:59:01  --- Process /raw_reports_v2/1488931092.19587_5370.tar.gz acep report - DONE --- 
 --- Process /raw_reports_v2/1488931092.19587_5370.tar.gz acep report - DONE --- 
2017-03-07,23:59:01  --- Process /raw_reports_v2/1488931086.27467_1369.tar.gz acep report - BEGIN --- 
 --- Process /raw_reports_v2/1488931086.27467_1369.tar.gz acep report - BEGIN --- 
2017-03-07,23:59:01  --- Process /raw_reports_v2/1488931086.27467_1369.tar.gz acep report - DONE --- 
 --- Process /raw_reports_v2/1488931086.27467_1369.tar.gz acep report - DONE --- 
2017-03-07,23:59:01  --- Process /raw_reports_v2/1488931104.71958_4021.tar.gz acep report - BEGIN --- 
 --- Process /raw_reports_v2/1488931104.71958_4021.tar.gz acep report - BEGIN --- 
2017-03-07,23:59:01  --- Process /raw_reports_v2/1488931104.71958_4021.tar.gz acep report - DONE --- 
 --- Process /raw_reports_v2/1488931104.71958_4021.tar.gz acep report - DONE --- 
2017-03-07,23:59:01  --- Process /raw_reports_v2/1488931126.97684_7616.tar.gz acep report - BEGIN --- 
 --- Process /raw_reports_v2/1488931126.97684_7616.tar.gz acep report - BEGIN --- 
2017-03-07,23:59:01  --- Process /raw_reports_v2/1488931126.97684_7616.tar.gz acep report - DONE --- 
 --- Process /raw_reports_v2/1488931126.97684_7616.tar.gz acep report - DONE --- 
2017-03-07,23:59:01  --- Process /raw_reports_v2/1488931093.10964_4638.tar.gz acep report - BEGIN --- 
 --- Process /raw_reports_v2/1488931093.10964_4638.tar.gz acep report - BEGIN --- 
2017-03-07,23:59:01  --- Process /raw_reports_v2/1488931093.10964_4638.tar.gz acep report - DONE --- 
 --- Process /raw_reports_v2/1488931093.10964_4638.tar.gz acep report - DONE --- 
2017-03-07,23:59:01  --- Process /raw_reports_v2/1488931099.31899_8612.tar.gz acep report - BEGIN --- 
 --- Process /raw_reports_v2/1488931099.31899_8612.tar.gz acep report - BEGIN --- 
2017-03-07,23:59:01  --- Process /raw_reports_v2/1488931099.31899_8612.tar.gz acep report - DONE --- 
 --- Process /raw_reports_v2/1488931099.31899_8612.tar.gz acep report - DONE --- 
2017-03-07,23:59:01  --- Process /raw_reports_v2/1488931102.86703_1684.tar.gz acep report - BEGIN --- 
 --- Process /raw_reports_v2/1488931102.86703_1684.tar.gz acep report - BEGIN --- 
2017-03-07,23:59:01  --- Process /raw_reports_v2/1488931102.86703_1684.tar.gz acep report - DONE --- 
 --- Process /raw_reports_v2/1488931102.86703_1684.tar.gz acep report - DONE --- 
2017-03-07,23:59:01  --- Process /raw_reports_v2/1488931093.31776_2098.tar.gz acep report - BEGIN --- 
 --- Process /raw_reports_v2/1488931093.31776_2098.tar.gz acep report - BEGIN --- 
2017-03-07,23:59:01  --- Process /raw_reports_v2/1488931093.31776_2098.tar.gz acep report - DONE --- 
 --- Process /raw_reports_v2/1488931093.31776_2098.tar.gz acep report - DONE --- 
