 --- Process /raw_reports_v2/1487029653.29675_6294.tar.gz acep report - BEGIN --- 
 --- Process /raw_reports_v2/1487029653.29675_6294.tar.gz acep report - DONE --- 
 --- Process /raw_reports_v2/1487029627.20991_5233.tar.gz acep report - BEGIN --- 
 --- Process /raw_reports_v2/1487029627.20991_5233.tar.gz acep report - DONE --- 
 --- Process /raw_reports_v2/1487029634.06624_2844.tar.gz acep report - BEGIN --- 
 --- Process /raw_reports_v2/1487029634.06624_2844.tar.gz acep report - DONE --- 
 --- Process /raw_reports_v2/1487029665.4743_8092.tar.gz acep report - BEGIN --- 
 --- Process /raw_reports_v2/1487029665.4743_8092.tar.gz acep report - DONE --- 
 --- Process /raw_reports_v2/1487029628.43123_8622.tar.gz acep report - BEGIN --- 
 --- Process /raw_reports_v2/1487029628.43123_8622.tar.gz acep report - DONE --- 
 --- Process /raw_reports_v2/1487029639.31796_998.tar.gz acep report - BEGIN --- 
 --- Process /raw_reports_v2/1487029639.31796_998.tar.gz acep report - DONE --- 
 --- Process /raw_reports_v2/1487029633.26661_3795.tar.gz acep report - BEGIN --- 
 --- Process /raw_reports_v2/1487029633.26661_3795.tar.gz acep report - DONE --- 
 --- Process /raw_reports_v2/1487029639.49928_1379.tar.gz acep report - BEGIN --- 
 --- Process /raw_reports_v2/1487029639.49928_1379.tar.gz acep report - DONE --- 
 --- Process /raw_reports_v2/1487029680.54649_5035.tar.gz acep report - BEGIN --- 
 --- Process /raw_reports_v2/1487029680.54649_5035.tar.gz acep report - DONE --- 
 --- Process /raw_reports_v2/1487029631.44073_898.tar.gz acep report - BEGIN --- 
 --- Process /raw_reports_v2/1487029631.44073_898.tar.gz acep report - DONE --- 
 --- Process /raw_reports_v2/1487029637.93923_4513.tar.gz acep report - BEGIN --- 
 --- Process /raw_reports_v2/1487029637.93923_4513.tar.gz acep report - DONE --- 
 --- Process /raw_reports_v2/1487029666.87607_6072.tar.gz acep report - BEGIN --- 
 --- Process /raw_reports_v2/1487029666.87607_6072.tar.gz acep report - DONE --- 
 --- Process /raw_reports_v2/1487029665.25809_4380.tar.gz acep report - BEGIN --- 
 --- Process /raw_reports_v2/1487029665.25809_4380.tar.gz acep report - DONE --- 
 --- Process /raw_reports_v2/1487029657.59783_6484.tar.gz acep report - BEGIN --- 
 --- Process /raw_reports_v2/1487029657.59783_6484.tar.gz acep report - DONE --- 
 --- Process /raw_reports_v2/1487029642.90185_3536.tar.gz acep report - BEGIN --- 
 --- Process /raw_reports_v2/1487029642.90185_3536.tar.gz acep report - DONE --- 
 --- Process /raw_reports_v2/1487029664.27006_9527.tar.gz acep report - BEGIN --- 
 --- Process /raw_reports_v2/1487029664.27006_9527.tar.gz acep report - DONE --- 
2017-02-13,23:49:01  --- Process /raw_reports_v2/1487029740.46643_7624.tar.gz acep report - BEGIN --- 
 --- Process /raw_reports_v2/1487029740.46643_7624.tar.gz acep report - BEGIN --- 
2017-02-13,23:49:01  --- Process /raw_reports_v2/1487029740.46643_7624.tar.gz acep report - DONE --- 
 --- Process /raw_reports_v2/1487029740.46643_7624.tar.gz acep report - DONE --- 
2017-02-13,23:49:01  --- Process /raw_reports_v2/1487029713.1407_8561.tar.gz acep report - BEGIN --- 
 --- Process /raw_reports_v2/1487029713.1407_8561.tar.gz acep report - BEGIN --- 
2017-02-13,23:49:01  --- Process /raw_reports_v2/1487029713.1407_8561.tar.gz acep report - DONE --- 
 --- Process /raw_reports_v2/1487029713.1407_8561.tar.gz acep report - DONE --- 
2017-02-13,23:49:01  --- Process /raw_reports_v2/1487029691.51621_7244.tar.gz acep report - BEGIN --- 
 --- Process /raw_reports_v2/1487029691.51621_7244.tar.gz acep report - BEGIN --- 
2017-02-13,23:49:01  --- Process /raw_reports_v2/1487029691.51621_7244.tar.gz acep report - DONE --- 
 --- Process /raw_reports_v2/1487029691.51621_7244.tar.gz acep report - DONE --- 
2017-02-13,23:49:01  --- Process /raw_reports_v2/1487029690.19349_7680.tar.gz acep report - BEGIN --- 
 --- Process /raw_reports_v2/1487029690.19349_7680.tar.gz acep report - BEGIN --- 
2017-02-13,23:49:01  --- Process /raw_reports_v2/1487029690.19349_7680.tar.gz acep report - DONE --- 
 --- Process /raw_reports_v2/1487029690.19349_7680.tar.gz acep report - DONE --- 
2017-02-13,23:49:01  --- Process /raw_reports_v2/1487029689.63142_3421.tar.gz acep report - BEGIN --- 
 --- Process /raw_reports_v2/1487029689.63142_3421.tar.gz acep report - BEGIN --- 
2017-02-13,23:49:01  --- Process /raw_reports_v2/1487029689.63142_3421.tar.gz acep report - DONE --- 
 --- Process /raw_reports_v2/1487029689.63142_3421.tar.gz acep report - DONE --- 
2017-02-13,23:49:01  --- Process /raw_reports_v2/1487029731.52199_3105.tar.gz acep report - BEGIN --- 
 --- Process /raw_reports_v2/1487029731.52199_3105.tar.gz acep report - BEGIN --- 
2017-02-13,23:49:01  --- Process /raw_reports_v2/1487029731.52199_3105.tar.gz acep report - DONE --- 
 --- Process /raw_reports_v2/1487029731.52199_3105.tar.gz acep report - DONE --- 
2017-02-13,23:49:01  --- Process /raw_reports_v2/1487029691.99776_6958.tar.gz acep report - BEGIN --- 
 --- Process /raw_reports_v2/1487029691.99776_6958.tar.gz acep report - BEGIN --- 
2017-02-13,23:49:01  --- Process /raw_reports_v2/1487029691.99776_6958.tar.gz acep report - DONE --- 
 --- Process /raw_reports_v2/1487029691.99776_6958.tar.gz acep report - DONE --- 
2017-02-13,23:49:01  --- Process /raw_reports_v2/1487029734.72462_551.tar.gz acep report - BEGIN --- 
 --- Process /raw_reports_v2/1487029734.72462_551.tar.gz acep report - BEGIN --- 
2017-02-13,23:49:01  --- Process /raw_reports_v2/1487029734.72462_551.tar.gz acep report - DONE --- 
 --- Process /raw_reports_v2/1487029734.72462_551.tar.gz acep report - DONE --- 
2017-02-13,23:49:01  --- Process /raw_reports_v2/1487029691.07994_7287.tar.gz acep report - BEGIN --- 
 --- Process /raw_reports_v2/1487029691.07994_7287.tar.gz acep report - BEGIN --- 
2017-02-13,23:49:01  --- Process /raw_reports_v2/1487029691.07994_7287.tar.gz acep report - DONE --- 
 --- Process /raw_reports_v2/1487029691.07994_7287.tar.gz acep report - DONE --- 
2017-02-13,23:49:01  --- Process /raw_reports_v2/1487029685.7649_7382.tar.gz acep report - BEGIN --- 
 --- Process /raw_reports_v2/1487029685.7649_7382.tar.gz acep report - BEGIN --- 
2017-02-13,23:49:01  --- Process /raw_reports_v2/1487029685.7649_7382.tar.gz acep report - DONE --- 
 --- Process /raw_reports_v2/1487029685.7649_7382.tar.gz acep report - DONE --- 
2017-02-13,23:49:01  --- Process /raw_reports_v2/1487029686.21817_7191.tar.gz acep report - BEGIN --- 
 --- Process /raw_reports_v2/1487029686.21817_7191.tar.gz acep report - BEGIN --- 
2017-02-13,23:49:01  --- Process /raw_reports_v2/1487029686.21817_7191.tar.gz acep report - DONE --- 
 --- Process /raw_reports_v2/1487029686.21817_7191.tar.gz acep report - DONE --- 
2017-02-13,23:49:01  --- Process /raw_reports_v2/1487029735.60232_8553.tar.gz acep report - BEGIN --- 
 --- Process /raw_reports_v2/1487029735.60232_8553.tar.gz acep report - BEGIN --- 
2017-02-13,23:49:01  --- Process /raw_reports_v2/1487029735.60232_8553.tar.gz acep report - DONE --- 
 --- Process /raw_reports_v2/1487029735.60232_8553.tar.gz acep report - DONE --- 
2017-02-13,23:49:01  --- Process /raw_reports_v2/1487029726.88293_7727.tar.gz acep report - BEGIN --- 
 --- Process /raw_reports_v2/1487029726.88293_7727.tar.gz acep report - BEGIN --- 
2017-02-13,23:49:01  --- Process /raw_reports_v2/1487029726.88293_7727.tar.gz acep report - DONE --- 
 --- Process /raw_reports_v2/1487029726.88293_7727.tar.gz acep report - DONE --- 
2017-02-13,23:49:01  --- Process /raw_reports_v2/1487029698.29377_2192.tar.gz acep report - BEGIN --- 
 --- Process /raw_reports_v2/1487029698.29377_2192.tar.gz acep report - BEGIN --- 
2017-02-13,23:49:01  --- Process /raw_reports_v2/1487029698.29377_2192.tar.gz acep report - DONE --- 
 --- Process /raw_reports_v2/1487029698.29377_2192.tar.gz acep report - DONE --- 
2017-02-13,23:49:01  --- Process /raw_reports_v2/1487029690.89113_9902.tar.gz acep report - BEGIN --- 
 --- Process /raw_reports_v2/1487029690.89113_9902.tar.gz acep report - BEGIN --- 
2017-02-13,23:49:02  --- Process /raw_reports_v2/1487029690.89113_9902.tar.gz acep report - DONE --- 
 --- Process /raw_reports_v2/1487029690.89113_9902.tar.gz acep report - DONE --- 
2017-02-13,23:50:01  --- Process /raw_reports_v2/1487029755.9967_4563.tar.gz acep report - BEGIN --- 
 --- Process /raw_reports_v2/1487029755.9967_4563.tar.gz acep report - BEGIN --- 
2017-02-13,23:50:01  --- Process /raw_reports_v2/1487029755.9967_4563.tar.gz acep report - DONE --- 
 --- Process /raw_reports_v2/1487029755.9967_4563.tar.gz acep report - DONE --- 
2017-02-13,23:50:01  --- Process /raw_reports_v2/1487029775.64899_2133.tar.gz acep report - BEGIN --- 
 --- Process /raw_reports_v2/1487029775.64899_2133.tar.gz acep report - BEGIN --- 
2017-02-13,23:50:01  --- Process /raw_reports_v2/1487029775.64899_2133.tar.gz acep report - DONE --- 
 --- Process /raw_reports_v2/1487029775.64899_2133.tar.gz acep report - DONE --- 
2017-02-13,23:50:01  --- Process /raw_reports_v2/1487029766.06476_4464.tar.gz acep report - BEGIN --- 
 --- Process /raw_reports_v2/1487029766.06476_4464.tar.gz acep report - BEGIN --- 
2017-02-13,23:50:01  --- Process /raw_reports_v2/1487029766.06476_4464.tar.gz acep report - DONE --- 
 --- Process /raw_reports_v2/1487029766.06476_4464.tar.gz acep report - DONE --- 
2017-02-13,23:50:01  --- Process /raw_reports_v2/1487029766.5683_2771.tar.gz acep report - BEGIN --- 
 --- Process /raw_reports_v2/1487029766.5683_2771.tar.gz acep report - BEGIN --- 
2017-02-13,23:50:01  --- Process /raw_reports_v2/1487029766.5683_2771.tar.gz acep report - DONE --- 
 --- Process /raw_reports_v2/1487029766.5683_2771.tar.gz acep report - DONE --- 
2017-02-13,23:50:01  --- Process /raw_reports_v2/1487029781.75959_344.tar.gz acep report - BEGIN --- 
 --- Process /raw_reports_v2/1487029781.75959_344.tar.gz acep report - BEGIN --- 
2017-02-13,23:50:01  --- Process /raw_reports_v2/1487029781.75959_344.tar.gz acep report - DONE --- 
 --- Process /raw_reports_v2/1487029781.75959_344.tar.gz acep report - DONE --- 
2017-02-13,23:50:01  --- Process /raw_reports_v2/1487029752.11161_6490.tar.gz acep report - BEGIN --- 
 --- Process /raw_reports_v2/1487029752.11161_6490.tar.gz acep report - BEGIN --- 
2017-02-13,23:50:01  --- Process /raw_reports_v2/1487029752.11161_6490.tar.gz acep report - DONE --- 
 --- Process /raw_reports_v2/1487029752.11161_6490.tar.gz acep report - DONE --- 
2017-02-13,23:50:01  --- Process /raw_reports_v2/1487029753.92706_1607.tar.gz acep report - BEGIN --- 
 --- Process /raw_reports_v2/1487029753.92706_1607.tar.gz acep report - BEGIN --- 
2017-02-13,23:50:01  --- Process /raw_reports_v2/1487029753.92706_1607.tar.gz acep report - DONE --- 
 --- Process /raw_reports_v2/1487029753.92706_1607.tar.gz acep report - DONE --- 
2017-02-13,23:50:01  --- Process /raw_reports_v2/1487029755.87311_2997.tar.gz acep report - BEGIN --- 
 --- Process /raw_reports_v2/1487029755.87311_2997.tar.gz acep report - BEGIN --- 
2017-02-13,23:50:01  --- Process /raw_reports_v2/1487029755.87311_2997.tar.gz acep report - DONE --- 
 --- Process /raw_reports_v2/1487029755.87311_2997.tar.gz acep report - DONE --- 
2017-02-13,23:50:01  --- Process /raw_reports_v2/1487029749.10951_7865.tar.gz acep report - BEGIN --- 
 --- Process /raw_reports_v2/1487029749.10951_7865.tar.gz acep report - BEGIN --- 
2017-02-13,23:50:01  --- Process /raw_reports_v2/1487029749.10951_7865.tar.gz acep report - DONE --- 
 --- Process /raw_reports_v2/1487029749.10951_7865.tar.gz acep report - DONE --- 
2017-02-13,23:50:01  --- Process /raw_reports_v2/1487029792.55998_2138.tar.gz acep report - BEGIN --- 
 --- Process /raw_reports_v2/1487029792.55998_2138.tar.gz acep report - BEGIN --- 
2017-02-13,23:50:01  --- Process /raw_reports_v2/1487029792.55998_2138.tar.gz acep report - DONE --- 
 --- Process /raw_reports_v2/1487029792.55998_2138.tar.gz acep report - DONE --- 
2017-02-13,23:50:01  --- Process /raw_reports_v2/1487029759.39668_9270.tar.gz acep report - BEGIN --- 
 --- Process /raw_reports_v2/1487029759.39668_9270.tar.gz acep report - BEGIN --- 
2017-02-13,23:50:01  --- Process /raw_reports_v2/1487029759.39668_9270.tar.gz acep report - DONE --- 
 --- Process /raw_reports_v2/1487029759.39668_9270.tar.gz acep report - DONE --- 
2017-02-13,23:51:01  --- Process /raw_reports_v2/1487029849.01691_1163.tar.gz acep report - BEGIN --- 
 --- Process /raw_reports_v2/1487029849.01691_1163.tar.gz acep report - BEGIN --- 
2017-02-13,23:51:01  --- Process /raw_reports_v2/1487029849.01691_1163.tar.gz acep report - DONE --- 
 --- Process /raw_reports_v2/1487029849.01691_1163.tar.gz acep report - DONE --- 
2017-02-13,23:51:01  --- Process /raw_reports_v2/1487029806.9572_107.tar.gz acep report - BEGIN --- 
 --- Process /raw_reports_v2/1487029806.9572_107.tar.gz acep report - BEGIN --- 
2017-02-13,23:51:01  --- Process /raw_reports_v2/1487029806.9572_107.tar.gz acep report - DONE --- 
 --- Process /raw_reports_v2/1487029806.9572_107.tar.gz acep report - DONE --- 
2017-02-13,23:51:01  --- Process /raw_reports_v2/1487029853.3393_6245.tar.gz acep report - BEGIN --- 
 --- Process /raw_reports_v2/1487029853.3393_6245.tar.gz acep report - BEGIN --- 
2017-02-13,23:51:01  --- Process /raw_reports_v2/1487029853.3393_6245.tar.gz acep report - DONE --- 
 --- Process /raw_reports_v2/1487029853.3393_6245.tar.gz acep report - DONE --- 
2017-02-13,23:51:01  --- Process /raw_reports_v2/1487029828.09228_6718.tar.gz acep report - BEGIN --- 
 --- Process /raw_reports_v2/1487029828.09228_6718.tar.gz acep report - BEGIN --- 
2017-02-13,23:51:01  --- Process /raw_reports_v2/1487029828.09228_6718.tar.gz acep report - DONE --- 
 --- Process /raw_reports_v2/1487029828.09228_6718.tar.gz acep report - DONE --- 
2017-02-13,23:51:01  --- Process /raw_reports_v2/1487029808.76532_449.tar.gz acep report - BEGIN --- 
 --- Process /raw_reports_v2/1487029808.76532_449.tar.gz acep report - BEGIN --- 
2017-02-13,23:51:01  --- Process /raw_reports_v2/1487029808.76532_449.tar.gz acep report - DONE --- 
 --- Process /raw_reports_v2/1487029808.76532_449.tar.gz acep report - DONE --- 
2017-02-13,23:51:01  --- Process /raw_reports_v2/1487029814.08682_2630.tar.gz acep report - BEGIN --- 
 --- Process /raw_reports_v2/1487029814.08682_2630.tar.gz acep report - BEGIN --- 
2017-02-13,23:51:01  --- Process /raw_reports_v2/1487029814.08682_2630.tar.gz acep report - DONE --- 
 --- Process /raw_reports_v2/1487029814.08682_2630.tar.gz acep report - DONE --- 
2017-02-13,23:51:01  --- Process /raw_reports_v2/1487029821.39812_5698.tar.gz acep report - BEGIN --- 
 --- Process /raw_reports_v2/1487029821.39812_5698.tar.gz acep report - BEGIN --- 
2017-02-13,23:51:01  --- Process /raw_reports_v2/1487029821.39812_5698.tar.gz acep report - DONE --- 
 --- Process /raw_reports_v2/1487029821.39812_5698.tar.gz acep report - DONE --- 
2017-02-13,23:51:01  --- Process /raw_reports_v2/1487029857.59384_6146.tar.gz acep report - BEGIN --- 
 --- Process /raw_reports_v2/1487029857.59384_6146.tar.gz acep report - BEGIN --- 
2017-02-13,23:51:01  --- Process /raw_reports_v2/1487029857.59384_6146.tar.gz acep report - DONE --- 
 --- Process /raw_reports_v2/1487029857.59384_6146.tar.gz acep report - DONE --- 
2017-02-13,23:51:01  --- Process /raw_reports_v2/1487029858.82879_3545.tar.gz acep report - BEGIN --- 
 --- Process /raw_reports_v2/1487029858.82879_3545.tar.gz acep report - BEGIN --- 
2017-02-13,23:51:02  --- Process /raw_reports_v2/1487029858.82879_3545.tar.gz acep report - DONE --- 
 --- Process /raw_reports_v2/1487029858.82879_3545.tar.gz acep report - DONE --- 
2017-02-13,23:51:02  --- Process /raw_reports_v2/1487029810.38739_8399.tar.gz acep report - BEGIN --- 
 --- Process /raw_reports_v2/1487029810.38739_8399.tar.gz acep report - BEGIN --- 
2017-02-13,23:51:02  --- Process /raw_reports_v2/1487029810.38739_8399.tar.gz acep report - DONE --- 
 --- Process /raw_reports_v2/1487029810.38739_8399.tar.gz acep report - DONE --- 
2017-02-13,23:51:02  --- Process /raw_reports_v2/1487029813.85053_4303.tar.gz acep report - BEGIN --- 
 --- Process /raw_reports_v2/1487029813.85053_4303.tar.gz acep report - BEGIN --- 
2017-02-13,23:51:02  --- Process /raw_reports_v2/1487029813.85053_4303.tar.gz acep report - DONE --- 
 --- Process /raw_reports_v2/1487029813.85053_4303.tar.gz acep report - DONE --- 
2017-02-13,23:52:01  --- Process /raw_reports_v2/1487029917.10388_3916.tar.gz acep report - BEGIN --- 
 --- Process /raw_reports_v2/1487029917.10388_3916.tar.gz acep report - BEGIN --- 
2017-02-13,23:52:01  --- Process /raw_reports_v2/1487029917.10388_3916.tar.gz acep report - DONE --- 
 --- Process /raw_reports_v2/1487029917.10388_3916.tar.gz acep report - DONE --- 
2017-02-13,23:52:01  --- Process /raw_reports_v2/1487029885.40927_8820.tar.gz acep report - BEGIN --- 
 --- Process /raw_reports_v2/1487029885.40927_8820.tar.gz acep report - BEGIN --- 
2017-02-13,23:52:01  --- Process /raw_reports_v2/1487029885.40927_8820.tar.gz acep report - DONE --- 
 --- Process /raw_reports_v2/1487029885.40927_8820.tar.gz acep report - DONE --- 
2017-02-13,23:52:01  --- Process /raw_reports_v2/1487029863.68675_3492.tar.gz acep report - BEGIN --- 
 --- Process /raw_reports_v2/1487029863.68675_3492.tar.gz acep report - BEGIN --- 
2017-02-13,23:52:01  --- Process /raw_reports_v2/1487029863.68675_3492.tar.gz acep report - DONE --- 
 --- Process /raw_reports_v2/1487029863.68675_3492.tar.gz acep report - DONE --- 
2017-02-13,23:52:01  --- Process /raw_reports_v2/1487029887.75189_9347.tar.gz acep report - BEGIN --- 
 --- Process /raw_reports_v2/1487029887.75189_9347.tar.gz acep report - BEGIN --- 
2017-02-13,23:52:01  --- Process /raw_reports_v2/1487029887.75189_9347.tar.gz acep report - DONE --- 
 --- Process /raw_reports_v2/1487029887.75189_9347.tar.gz acep report - DONE --- 
2017-02-13,23:52:01  --- Process /raw_reports_v2/1487029883.118_8616.tar.gz acep report - BEGIN --- 
 --- Process /raw_reports_v2/1487029883.118_8616.tar.gz acep report - BEGIN --- 
2017-02-13,23:52:01  --- Process /raw_reports_v2/1487029883.118_8616.tar.gz acep report - DONE --- 
 --- Process /raw_reports_v2/1487029883.118_8616.tar.gz acep report - DONE --- 
2017-02-13,23:52:01  --- Process /raw_reports_v2/1487029895.25612_6517.tar.gz acep report - BEGIN --- 
 --- Process /raw_reports_v2/1487029895.25612_6517.tar.gz acep report - BEGIN --- 
2017-02-13,23:52:01  --- Process /raw_reports_v2/1487029895.25612_6517.tar.gz acep report - DONE --- 
 --- Process /raw_reports_v2/1487029895.25612_6517.tar.gz acep report - DONE --- 
2017-02-13,23:52:01  --- Process /raw_reports_v2/1487029870.53197_8263.tar.gz acep report - BEGIN --- 
 --- Process /raw_reports_v2/1487029870.53197_8263.tar.gz acep report - BEGIN --- 
2017-02-13,23:52:01  --- Process /raw_reports_v2/1487029870.53197_8263.tar.gz acep report - DONE --- 
 --- Process /raw_reports_v2/1487029870.53197_8263.tar.gz acep report - DONE --- 
2017-02-13,23:52:01  --- Process /raw_reports_v2/1487029870.99727_879.tar.gz acep report - BEGIN --- 
 --- Process /raw_reports_v2/1487029870.99727_879.tar.gz acep report - BEGIN --- 
2017-02-13,23:52:01  --- Process /raw_reports_v2/1487029870.99727_879.tar.gz acep report - DONE --- 
 --- Process /raw_reports_v2/1487029870.99727_879.tar.gz acep report - DONE --- 
2017-02-13,23:52:01  --- Process /raw_reports_v2/1487029879.93053_8530.tar.gz acep report - BEGIN --- 
 --- Process /raw_reports_v2/1487029879.93053_8530.tar.gz acep report - BEGIN --- 
2017-02-13,23:52:01  --- Process /raw_reports_v2/1487029879.93053_8530.tar.gz acep report - DONE --- 
 --- Process /raw_reports_v2/1487029879.93053_8530.tar.gz acep report - DONE --- 
2017-02-13,23:52:01  --- Process /raw_reports_v2/1487029870.09751_1931.tar.gz acep report - BEGIN --- 
 --- Process /raw_reports_v2/1487029870.09751_1931.tar.gz acep report - BEGIN --- 
2017-02-13,23:52:01  --- Process /raw_reports_v2/1487029870.09751_1931.tar.gz acep report - DONE --- 
 --- Process /raw_reports_v2/1487029870.09751_1931.tar.gz acep report - DONE --- 
2017-02-13,23:52:01  --- Process /raw_reports_v2/1487029882.1748_7354.tar.gz acep report - BEGIN --- 
 --- Process /raw_reports_v2/1487029882.1748_7354.tar.gz acep report - BEGIN --- 
2017-02-13,23:52:01  --- Process /raw_reports_v2/1487029882.1748_7354.tar.gz acep report - DONE --- 
 --- Process /raw_reports_v2/1487029882.1748_7354.tar.gz acep report - DONE --- 
2017-02-13,23:52:01  --- Process /raw_reports_v2/1487029919.66181_5124.tar.gz acep report - BEGIN --- 
 --- Process /raw_reports_v2/1487029919.66181_5124.tar.gz acep report - BEGIN --- 
2017-02-13,23:52:01  --- Process /raw_reports_v2/1487029919.66181_5124.tar.gz acep report - DONE --- 
 --- Process /raw_reports_v2/1487029919.66181_5124.tar.gz acep report - DONE --- 
2017-02-13,23:52:01  --- Process /raw_reports_v2/1487029867.06098_1379.tar.gz acep report - BEGIN --- 
 --- Process /raw_reports_v2/1487029867.06098_1379.tar.gz acep report - BEGIN --- 
2017-02-13,23:52:01  --- Process /raw_reports_v2/1487029867.06098_1379.tar.gz acep report - DONE --- 
 --- Process /raw_reports_v2/1487029867.06098_1379.tar.gz acep report - DONE --- 
2017-02-13,23:52:01  --- Process /raw_reports_v2/1487029869.08683_450.tar.gz acep report - BEGIN --- 
 --- Process /raw_reports_v2/1487029869.08683_450.tar.gz acep report - BEGIN --- 
2017-02-13,23:52:01  --- Process /raw_reports_v2/1487029869.08683_450.tar.gz acep report - DONE --- 
 --- Process /raw_reports_v2/1487029869.08683_450.tar.gz acep report - DONE --- 
2017-02-13,23:52:01  --- Process /raw_reports_v2/1487029892.14488_5309.tar.gz acep report - BEGIN --- 
 --- Process /raw_reports_v2/1487029892.14488_5309.tar.gz acep report - BEGIN --- 
2017-02-13,23:52:01  --- Process /raw_reports_v2/1487029892.14488_5309.tar.gz acep report - DONE --- 
 --- Process /raw_reports_v2/1487029892.14488_5309.tar.gz acep report - DONE --- 
2017-02-13,23:52:01  --- Process /raw_reports_v2/1487029913.69826_226.tar.gz acep report - BEGIN --- 
 --- Process /raw_reports_v2/1487029913.69826_226.tar.gz acep report - BEGIN --- 
2017-02-13,23:52:01  --- Process /raw_reports_v2/1487029913.69826_226.tar.gz acep report - DONE --- 
 --- Process /raw_reports_v2/1487029913.69826_226.tar.gz acep report - DONE --- 
2017-02-13,23:53:01  --- Process /raw_reports_v2/1487029925.05001_9533.tar.gz acep report - BEGIN --- 
 --- Process /raw_reports_v2/1487029925.05001_9533.tar.gz acep report - BEGIN --- 
2017-02-13,23:53:01  --- Process /raw_reports_v2/1487029925.05001_9533.tar.gz acep report - DONE --- 
 --- Process /raw_reports_v2/1487029925.05001_9533.tar.gz acep report - DONE --- 
2017-02-13,23:53:01  --- Process /raw_reports_v2/1487029941.25362_2657.tar.gz acep report - BEGIN --- 
 --- Process /raw_reports_v2/1487029941.25362_2657.tar.gz acep report - BEGIN --- 
2017-02-13,23:53:01  --- Process /raw_reports_v2/1487029941.25362_2657.tar.gz acep report - DONE --- 
 --- Process /raw_reports_v2/1487029941.25362_2657.tar.gz acep report - DONE --- 
2017-02-13,23:53:01  --- Process /raw_reports_v2/1487029930.07839_5807.tar.gz acep report - BEGIN --- 
 --- Process /raw_reports_v2/1487029930.07839_5807.tar.gz acep report - BEGIN --- 
2017-02-13,23:53:01  --- Process /raw_reports_v2/1487029930.07839_5807.tar.gz acep report - DONE --- 
 --- Process /raw_reports_v2/1487029930.07839_5807.tar.gz acep report - DONE --- 
2017-02-13,23:53:01  --- Process /raw_reports_v2/1487029922.15733_5446.tar.gz acep report - BEGIN --- 
 --- Process /raw_reports_v2/1487029922.15733_5446.tar.gz acep report - BEGIN --- 
2017-02-13,23:53:01  --- Process /raw_reports_v2/1487029922.15733_5446.tar.gz acep report - DONE --- 
 --- Process /raw_reports_v2/1487029922.15733_5446.tar.gz acep report - DONE --- 
2017-02-13,23:53:01  --- Process /raw_reports_v2/1487029940.63598_8362.tar.gz acep report - BEGIN --- 
 --- Process /raw_reports_v2/1487029940.63598_8362.tar.gz acep report - BEGIN --- 
2017-02-13,23:53:01  --- Process /raw_reports_v2/1487029940.63598_8362.tar.gz acep report - DONE --- 
 --- Process /raw_reports_v2/1487029940.63598_8362.tar.gz acep report - DONE --- 
2017-02-13,23:53:01  --- Process /raw_reports_v2/1487029941.1363_7431.tar.gz acep report - BEGIN --- 
 --- Process /raw_reports_v2/1487029941.1363_7431.tar.gz acep report - BEGIN --- 
2017-02-13,23:53:01  --- Process /raw_reports_v2/1487029941.1363_7431.tar.gz acep report - DONE --- 
 --- Process /raw_reports_v2/1487029941.1363_7431.tar.gz acep report - DONE --- 
2017-02-13,23:53:01  --- Process /raw_reports_v2/1487029969.34583_8772.tar.gz acep report - BEGIN --- 
 --- Process /raw_reports_v2/1487029969.34583_8772.tar.gz acep report - BEGIN --- 
2017-02-13,23:53:02  --- Process /raw_reports_v2/1487029969.34583_8772.tar.gz acep report - DONE --- 
 --- Process /raw_reports_v2/1487029969.34583_8772.tar.gz acep report - DONE --- 
2017-02-13,23:53:02  --- Process /raw_reports_v2/1487029969.59842_8923.tar.gz acep report - BEGIN --- 
 --- Process /raw_reports_v2/1487029969.59842_8923.tar.gz acep report - BEGIN --- 
2017-02-13,23:53:02  --- Process /raw_reports_v2/1487029969.59842_8923.tar.gz acep report - DONE --- 
 --- Process /raw_reports_v2/1487029969.59842_8923.tar.gz acep report - DONE --- 
2017-02-13,23:53:02  --- Process /raw_reports_v2/1487029941.09267_1226.tar.gz acep report - BEGIN --- 
 --- Process /raw_reports_v2/1487029941.09267_1226.tar.gz acep report - BEGIN --- 
2017-02-13,23:53:02  --- Process /raw_reports_v2/1487029941.09267_1226.tar.gz acep report - DONE --- 
 --- Process /raw_reports_v2/1487029941.09267_1226.tar.gz acep report - DONE --- 
2017-02-13,23:53:02  --- Process /raw_reports_v2/1487029949.55827_327.tar.gz acep report - BEGIN --- 
 --- Process /raw_reports_v2/1487029949.55827_327.tar.gz acep report - BEGIN --- 
2017-02-13,23:53:02  --- Process /raw_reports_v2/1487029949.55827_327.tar.gz acep report - DONE --- 
 --- Process /raw_reports_v2/1487029949.55827_327.tar.gz acep report - DONE --- 
2017-02-13,23:53:02  --- Process /raw_reports_v2/1487029928.82767_4931.tar.gz acep report - BEGIN --- 
 --- Process /raw_reports_v2/1487029928.82767_4931.tar.gz acep report - BEGIN --- 
2017-02-13,23:53:02  --- Process /raw_reports_v2/1487029928.82767_4931.tar.gz acep report - DONE --- 
 --- Process /raw_reports_v2/1487029928.82767_4931.tar.gz acep report - DONE --- 
2017-02-13,23:53:02  --- Process /raw_reports_v2/1487029956.79564_5401.tar.gz acep report - BEGIN --- 
 --- Process /raw_reports_v2/1487029956.79564_5401.tar.gz acep report - BEGIN --- 
2017-02-13,23:53:02  --- Process /raw_reports_v2/1487029956.79564_5401.tar.gz acep report - DONE --- 
 --- Process /raw_reports_v2/1487029956.79564_5401.tar.gz acep report - DONE --- 
2017-02-13,23:53:02  --- Process /raw_reports_v2/1487029922.83076_3136.tar.gz acep report - BEGIN --- 
 --- Process /raw_reports_v2/1487029922.83076_3136.tar.gz acep report - BEGIN --- 
2017-02-13,23:53:02  --- Process /raw_reports_v2/1487029922.83076_3136.tar.gz acep report - DONE --- 
 --- Process /raw_reports_v2/1487029922.83076_3136.tar.gz acep report - DONE --- 
2017-02-13,23:53:02  --- Process /raw_reports_v2/1487029932.33246_9227.tar.gz acep report - BEGIN --- 
 --- Process /raw_reports_v2/1487029932.33246_9227.tar.gz acep report - BEGIN --- 
2017-02-13,23:53:02  --- Process /raw_reports_v2/1487029932.33246_9227.tar.gz acep report - DONE --- 
 --- Process /raw_reports_v2/1487029932.33246_9227.tar.gz acep report - DONE --- 
2017-02-13,23:53:02  --- Process /raw_reports_v2/1487029961.34899_1585.tar.gz acep report - BEGIN --- 
 --- Process /raw_reports_v2/1487029961.34899_1585.tar.gz acep report - BEGIN --- 
2017-02-13,23:53:02  --- Process /raw_reports_v2/1487029961.34899_1585.tar.gz acep report - DONE --- 
 --- Process /raw_reports_v2/1487029961.34899_1585.tar.gz acep report - DONE --- 
2017-02-13,23:53:02  --- Process /raw_reports_v2/1487029979.96508_3229.tar.gz acep report - BEGIN --- 
 --- Process /raw_reports_v2/1487029979.96508_3229.tar.gz acep report - BEGIN --- 
2017-02-13,23:53:02  --- Process /raw_reports_v2/1487029979.96508_3229.tar.gz acep report - DONE --- 
 --- Process /raw_reports_v2/1487029979.96508_3229.tar.gz acep report - DONE --- 
2017-02-13,23:53:02  --- Process /raw_reports_v2/1487029964.63982_5964.tar.gz acep report - BEGIN --- 
 --- Process /raw_reports_v2/1487029964.63982_5964.tar.gz acep report - BEGIN --- 
2017-02-13,23:53:02  --- Process /raw_reports_v2/1487029964.63982_5964.tar.gz acep report - DONE --- 
 --- Process /raw_reports_v2/1487029964.63982_5964.tar.gz acep report - DONE --- 
2017-02-13,23:53:02  --- Process /raw_reports_v2/1487029968.72293_1672.tar.gz acep report - BEGIN --- 
 --- Process /raw_reports_v2/1487029968.72293_1672.tar.gz acep report - BEGIN --- 
2017-02-13,23:53:02  --- Process /raw_reports_v2/1487029968.72293_1672.tar.gz acep report - DONE --- 
 --- Process /raw_reports_v2/1487029968.72293_1672.tar.gz acep report - DONE --- 
2017-02-13,23:53:02  --- Process /raw_reports_v2/1487029923.37791_949.tar.gz acep report - BEGIN --- 
 --- Process /raw_reports_v2/1487029923.37791_949.tar.gz acep report - BEGIN --- 
2017-02-13,23:53:02  --- Process /raw_reports_v2/1487029923.37791_949.tar.gz acep report - DONE --- 
 --- Process /raw_reports_v2/1487029923.37791_949.tar.gz acep report - DONE --- 
2017-02-13,23:53:02  --- Process /raw_reports_v2/1487029962.66153_5533.tar.gz acep report - BEGIN --- 
 --- Process /raw_reports_v2/1487029962.66153_5533.tar.gz acep report - BEGIN --- 
2017-02-13,23:53:02  --- Process /raw_reports_v2/1487029962.66153_5533.tar.gz acep report - DONE --- 
 --- Process /raw_reports_v2/1487029962.66153_5533.tar.gz acep report - DONE --- 
2017-02-13,23:53:02  --- Process /raw_reports_v2/1487029954.62581_9913.tar.gz acep report - BEGIN --- 
 --- Process /raw_reports_v2/1487029954.62581_9913.tar.gz acep report - BEGIN --- 
2017-02-13,23:53:02  --- Process /raw_reports_v2/1487029954.62581_9913.tar.gz acep report - DONE --- 
 --- Process /raw_reports_v2/1487029954.62581_9913.tar.gz acep report - DONE --- 
2017-02-13,23:53:02  --- Process /raw_reports_v2/1487029945.62947_5939.tar.gz acep report - BEGIN --- 
 --- Process /raw_reports_v2/1487029945.62947_5939.tar.gz acep report - BEGIN --- 
2017-02-13,23:53:02  --- Process /raw_reports_v2/1487029945.62947_5939.tar.gz acep report - DONE --- 
 --- Process /raw_reports_v2/1487029945.62947_5939.tar.gz acep report - DONE --- 
2017-02-13,23:53:02  --- Process /raw_reports_v2/1487029923.95015_9484.tar.gz acep report - BEGIN --- 
 --- Process /raw_reports_v2/1487029923.95015_9484.tar.gz acep report - BEGIN --- 
2017-02-13,23:53:02  --- Process /raw_reports_v2/1487029923.95015_9484.tar.gz acep report - DONE --- 
 --- Process /raw_reports_v2/1487029923.95015_9484.tar.gz acep report - DONE --- 
2017-02-13,23:53:02  --- Process /raw_reports_v2/1487029972.64621_5996.tar.gz acep report - BEGIN --- 
 --- Process /raw_reports_v2/1487029972.64621_5996.tar.gz acep report - BEGIN --- 
2017-02-13,23:53:02  --- Process /raw_reports_v2/1487029972.64621_5996.tar.gz acep report - DONE --- 
 --- Process /raw_reports_v2/1487029972.64621_5996.tar.gz acep report - DONE --- 
2017-02-13,23:54:01  --- Process /raw_reports_v2/1487030005.31488_8550.tar.gz acep report - BEGIN --- 
 --- Process /raw_reports_v2/1487030005.31488_8550.tar.gz acep report - BEGIN --- 
2017-02-13,23:54:01  --- Process /raw_reports_v2/1487030005.31488_8550.tar.gz acep report - DONE --- 
 --- Process /raw_reports_v2/1487030005.31488_8550.tar.gz acep report - DONE --- 
2017-02-13,23:54:01  --- Process /raw_reports_v2/1487029995.48942_9735.tar.gz acep report - BEGIN --- 
 --- Process /raw_reports_v2/1487029995.48942_9735.tar.gz acep report - BEGIN --- 
2017-02-13,23:54:01  --- Process /raw_reports_v2/1487029995.48942_9735.tar.gz acep report - DONE --- 
 --- Process /raw_reports_v2/1487029995.48942_9735.tar.gz acep report - DONE --- 
2017-02-13,23:54:01  --- Process /raw_reports_v2/1487030016.2665_228.tar.gz acep report - BEGIN --- 
 --- Process /raw_reports_v2/1487030016.2665_228.tar.gz acep report - BEGIN --- 
2017-02-13,23:54:01  --- Process /raw_reports_v2/1487030016.2665_228.tar.gz acep report - DONE --- 
 --- Process /raw_reports_v2/1487030016.2665_228.tar.gz acep report - DONE --- 
2017-02-13,23:54:01  --- Process /raw_reports_v2/1487030004.39727_420.tar.gz acep report - BEGIN --- 
 --- Process /raw_reports_v2/1487030004.39727_420.tar.gz acep report - BEGIN --- 
2017-02-13,23:54:01  --- Process /raw_reports_v2/1487030004.39727_420.tar.gz acep report - DONE --- 
 --- Process /raw_reports_v2/1487030004.39727_420.tar.gz acep report - DONE --- 
2017-02-13,23:54:01  --- Process /raw_reports_v2/1487030002.01467_5342.tar.gz acep report - BEGIN --- 
 --- Process /raw_reports_v2/1487030002.01467_5342.tar.gz acep report - BEGIN --- 
2017-02-13,23:54:01  --- Process /raw_reports_v2/1487030002.01467_5342.tar.gz acep report - DONE --- 
 --- Process /raw_reports_v2/1487030002.01467_5342.tar.gz acep report - DONE --- 
2017-02-13,23:54:01  --- Process /raw_reports_v2/1487030009.2017_5078.tar.gz acep report - BEGIN --- 
 --- Process /raw_reports_v2/1487030009.2017_5078.tar.gz acep report - BEGIN --- 
2017-02-13,23:54:01  --- Process /raw_reports_v2/1487030009.2017_5078.tar.gz acep report - DONE --- 
 --- Process /raw_reports_v2/1487030009.2017_5078.tar.gz acep report - DONE --- 
2017-02-13,23:54:01  --- Process /raw_reports_v2/1487029998.77897_9490.tar.gz acep report - BEGIN --- 
 --- Process /raw_reports_v2/1487029998.77897_9490.tar.gz acep report - BEGIN --- 
2017-02-13,23:54:01  --- Process /raw_reports_v2/1487029998.77897_9490.tar.gz acep report - DONE --- 
 --- Process /raw_reports_v2/1487029998.77897_9490.tar.gz acep report - DONE --- 
2017-02-13,23:54:01  --- Process /raw_reports_v2/1487030009.21695_5961.tar.gz acep report - BEGIN --- 
 --- Process /raw_reports_v2/1487030009.21695_5961.tar.gz acep report - BEGIN --- 
2017-02-13,23:54:01  --- Process /raw_reports_v2/1487030009.21695_5961.tar.gz acep report - DONE --- 
 --- Process /raw_reports_v2/1487030009.21695_5961.tar.gz acep report - DONE --- 
2017-02-13,23:54:01  --- Process /raw_reports_v2/1487030008.73654_2957.tar.gz acep report - BEGIN --- 
 --- Process /raw_reports_v2/1487030008.73654_2957.tar.gz acep report - BEGIN --- 
2017-02-13,23:54:01  --- Process /raw_reports_v2/1487030008.73654_2957.tar.gz acep report - DONE --- 
 --- Process /raw_reports_v2/1487030008.73654_2957.tar.gz acep report - DONE --- 
2017-02-13,23:54:01  --- Process /raw_reports_v2/1487030026.64405_762.tar.gz acep report - BEGIN --- 
 --- Process /raw_reports_v2/1487030026.64405_762.tar.gz acep report - BEGIN --- 
2017-02-13,23:54:01  --- Process /raw_reports_v2/1487030026.64405_762.tar.gz acep report - DONE --- 
 --- Process /raw_reports_v2/1487030026.64405_762.tar.gz acep report - DONE --- 
2017-02-13,23:54:01  --- Process /raw_reports_v2/1487029995.39459_5800.tar.gz acep report - BEGIN --- 
 --- Process /raw_reports_v2/1487029995.39459_5800.tar.gz acep report - BEGIN --- 
2017-02-13,23:54:01  --- Process /raw_reports_v2/1487029995.39459_5800.tar.gz acep report - DONE --- 
 --- Process /raw_reports_v2/1487029995.39459_5800.tar.gz acep report - DONE --- 
2017-02-13,23:54:01  --- Process /raw_reports_v2/1487030037.63545_7073.tar.gz acep report - BEGIN --- 
 --- Process /raw_reports_v2/1487030037.63545_7073.tar.gz acep report - BEGIN --- 
2017-02-13,23:54:01  --- Process /raw_reports_v2/1487030037.63545_7073.tar.gz acep report - DONE --- 
 --- Process /raw_reports_v2/1487030037.63545_7073.tar.gz acep report - DONE --- 
2017-02-13,23:54:01  --- Process /raw_reports_v2/1487030011.47742_5209.tar.gz acep report - BEGIN --- 
 --- Process /raw_reports_v2/1487030011.47742_5209.tar.gz acep report - BEGIN --- 
2017-02-13,23:54:01  --- Process /raw_reports_v2/1487030011.47742_5209.tar.gz acep report - DONE --- 
 --- Process /raw_reports_v2/1487030011.47742_5209.tar.gz acep report - DONE --- 
2017-02-13,23:54:01  --- Process /raw_reports_v2/1487030020.89626_4504.tar.gz acep report - BEGIN --- 
 --- Process /raw_reports_v2/1487030020.89626_4504.tar.gz acep report - BEGIN --- 
2017-02-13,23:54:01  --- Process /raw_reports_v2/1487030020.89626_4504.tar.gz acep report - DONE --- 
 --- Process /raw_reports_v2/1487030020.89626_4504.tar.gz acep report - DONE --- 
2017-02-13,23:54:01  --- Process /raw_reports_v2/1487029989.15747_3669.tar.gz acep report - BEGIN --- 
 --- Process /raw_reports_v2/1487029989.15747_3669.tar.gz acep report - BEGIN --- 
2017-02-13,23:54:02  --- Process /raw_reports_v2/1487029989.15747_3669.tar.gz acep report - DONE --- 
 --- Process /raw_reports_v2/1487029989.15747_3669.tar.gz acep report - DONE --- 
2017-02-13,23:54:02  --- Process /raw_reports_v2/1487030033.76585_7700.tar.gz acep report - BEGIN --- 
 --- Process /raw_reports_v2/1487030033.76585_7700.tar.gz acep report - BEGIN --- 
2017-02-13,23:54:02  --- Process /raw_reports_v2/1487030033.76585_7700.tar.gz acep report - DONE --- 
 --- Process /raw_reports_v2/1487030033.76585_7700.tar.gz acep report - DONE --- 
2017-02-13,23:54:02  --- Process /raw_reports_v2/1487030038.53554_2221.tar.gz acep report - BEGIN --- 
 --- Process /raw_reports_v2/1487030038.53554_2221.tar.gz acep report - BEGIN --- 
2017-02-13,23:54:02  --- Process /raw_reports_v2/1487030038.53554_2221.tar.gz acep report - DONE --- 
 --- Process /raw_reports_v2/1487030038.53554_2221.tar.gz acep report - DONE --- 
2017-02-13,23:54:02  --- Process /raw_reports_v2/1487029987.10907_3664.tar.gz acep report - BEGIN --- 
 --- Process /raw_reports_v2/1487029987.10907_3664.tar.gz acep report - BEGIN --- 
2017-02-13,23:54:02  --- Process /raw_reports_v2/1487029987.10907_3664.tar.gz acep report - DONE --- 
 --- Process /raw_reports_v2/1487029987.10907_3664.tar.gz acep report - DONE --- 
2017-02-13,23:54:02  --- Process /raw_reports_v2/1487029989.13845_3414.tar.gz acep report - BEGIN --- 
 --- Process /raw_reports_v2/1487029989.13845_3414.tar.gz acep report - BEGIN --- 
2017-02-13,23:54:02  --- Process /raw_reports_v2/1487029989.13845_3414.tar.gz acep report - DONE --- 
 --- Process /raw_reports_v2/1487029989.13845_3414.tar.gz acep report - DONE --- 
2017-02-13,23:54:02  --- Process /raw_reports_v2/1487029992.39134_5573.tar.gz acep report - BEGIN --- 
 --- Process /raw_reports_v2/1487029992.39134_5573.tar.gz acep report - BEGIN --- 
2017-02-13,23:54:02  --- Process /raw_reports_v2/1487029992.39134_5573.tar.gz acep report - DONE --- 
 --- Process /raw_reports_v2/1487029992.39134_5573.tar.gz acep report - DONE --- 
2017-02-13,23:54:02  --- Process /raw_reports_v2/1487030014.25576_3654.tar.gz acep report - BEGIN --- 
 --- Process /raw_reports_v2/1487030014.25576_3654.tar.gz acep report - BEGIN --- 
2017-02-13,23:54:02  --- Process /raw_reports_v2/1487030014.25576_3654.tar.gz acep report - DONE --- 
 --- Process /raw_reports_v2/1487030014.25576_3654.tar.gz acep report - DONE --- 
2017-02-13,23:54:02  --- Process /raw_reports_v2/1487030029.80062_8029.tar.gz acep report - BEGIN --- 
 --- Process /raw_reports_v2/1487030029.80062_8029.tar.gz acep report - BEGIN --- 
2017-02-13,23:54:02  --- Process /raw_reports_v2/1487030029.80062_8029.tar.gz acep report - DONE --- 
 --- Process /raw_reports_v2/1487030029.80062_8029.tar.gz acep report - DONE --- 
2017-02-13,23:54:02  --- Process /raw_reports_v2/1487029995.50554_1005.tar.gz acep report - BEGIN --- 
 --- Process /raw_reports_v2/1487029995.50554_1005.tar.gz acep report - BEGIN --- 
2017-02-13,23:54:02  --- Process /raw_reports_v2/1487029995.50554_1005.tar.gz acep report - DONE --- 
 --- Process /raw_reports_v2/1487029995.50554_1005.tar.gz acep report - DONE --- 
2017-02-13,23:54:02  --- Process /raw_reports_v2/1487030013.21854_7424.tar.gz acep report - BEGIN --- 
 --- Process /raw_reports_v2/1487030013.21854_7424.tar.gz acep report - BEGIN --- 
2017-02-13,23:54:02  --- Process /raw_reports_v2/1487030013.21854_7424.tar.gz acep report - DONE --- 
 --- Process /raw_reports_v2/1487030013.21854_7424.tar.gz acep report - DONE --- 
2017-02-13,23:54:02  --- Process /raw_reports_v2/1487029996.95511_6972.tar.gz acep report - BEGIN --- 
 --- Process /raw_reports_v2/1487029996.95511_6972.tar.gz acep report - BEGIN --- 
2017-02-13,23:54:02  --- Process /raw_reports_v2/1487029996.95511_6972.tar.gz acep report - DONE --- 
 --- Process /raw_reports_v2/1487029996.95511_6972.tar.gz acep report - DONE --- 
2017-02-13,23:54:02  --- Process /raw_reports_v2/1487030007.52944_8615.tar.gz acep report - BEGIN --- 
 --- Process /raw_reports_v2/1487030007.52944_8615.tar.gz acep report - BEGIN --- 
2017-02-13,23:54:02  --- Process /raw_reports_v2/1487030007.52944_8615.tar.gz acep report - DONE --- 
 --- Process /raw_reports_v2/1487030007.52944_8615.tar.gz acep report - DONE --- 
2017-02-13,23:54:02  --- Process /raw_reports_v2/1487029997.01377_8455.tar.gz acep report - BEGIN --- 
 --- Process /raw_reports_v2/1487029997.01377_8455.tar.gz acep report - BEGIN --- 
2017-02-13,23:54:02  --- Process /raw_reports_v2/1487029997.01377_8455.tar.gz acep report - DONE --- 
 --- Process /raw_reports_v2/1487029997.01377_8455.tar.gz acep report - DONE --- 
2017-02-13,23:54:02  --- Process /raw_reports_v2/1487029996.32592_840.tar.gz acep report - BEGIN --- 
 --- Process /raw_reports_v2/1487029996.32592_840.tar.gz acep report - BEGIN --- 
2017-02-13,23:54:02  --- Process /raw_reports_v2/1487029996.32592_840.tar.gz acep report - DONE --- 
 --- Process /raw_reports_v2/1487029996.32592_840.tar.gz acep report - DONE --- 
2017-02-13,23:55:01  --- Process /raw_reports_v2/1487030092.82756_8504.tar.gz acep report - BEGIN --- 
 --- Process /raw_reports_v2/1487030092.82756_8504.tar.gz acep report - BEGIN --- 
2017-02-13,23:55:01  --- Process /raw_reports_v2/1487030092.82756_8504.tar.gz acep report - DONE --- 
 --- Process /raw_reports_v2/1487030092.82756_8504.tar.gz acep report - DONE --- 
2017-02-13,23:55:01  --- Process /raw_reports_v2/1487030063.89918_7700.tar.gz acep report - BEGIN --- 
 --- Process /raw_reports_v2/1487030063.89918_7700.tar.gz acep report - BEGIN --- 
2017-02-13,23:55:01  --- Process /raw_reports_v2/1487030063.89918_7700.tar.gz acep report - DONE --- 
 --- Process /raw_reports_v2/1487030063.89918_7700.tar.gz acep report - DONE --- 
2017-02-13,23:55:01  --- Process /raw_reports_v2/1487030057.35268_8202.tar.gz acep report - BEGIN --- 
 --- Process /raw_reports_v2/1487030057.35268_8202.tar.gz acep report - BEGIN --- 
2017-02-13,23:55:01  --- Process /raw_reports_v2/1487030057.35268_8202.tar.gz acep report - DONE --- 
 --- Process /raw_reports_v2/1487030057.35268_8202.tar.gz acep report - DONE --- 
2017-02-13,23:55:01  --- Process /raw_reports_v2/1487030059.48911_2016.tar.gz acep report - BEGIN --- 
 --- Process /raw_reports_v2/1487030059.48911_2016.tar.gz acep report - BEGIN --- 
2017-02-13,23:55:01  --- Process /raw_reports_v2/1487030059.48911_2016.tar.gz acep report - DONE --- 
 --- Process /raw_reports_v2/1487030059.48911_2016.tar.gz acep report - DONE --- 
2017-02-13,23:55:01  --- Process /raw_reports_v2/1487030090.44168_734.tar.gz acep report - BEGIN --- 
 --- Process /raw_reports_v2/1487030090.44168_734.tar.gz acep report - BEGIN --- 
2017-02-13,23:55:01  --- Process /raw_reports_v2/1487030090.44168_734.tar.gz acep report - DONE --- 
 --- Process /raw_reports_v2/1487030090.44168_734.tar.gz acep report - DONE --- 
2017-02-13,23:55:01  --- Process /raw_reports_v2/1487030075.2419_5280.tar.gz acep report - BEGIN --- 
 --- Process /raw_reports_v2/1487030075.2419_5280.tar.gz acep report - BEGIN --- 
2017-02-13,23:55:01  --- Process /raw_reports_v2/1487030075.2419_5280.tar.gz acep report - DONE --- 
 --- Process /raw_reports_v2/1487030075.2419_5280.tar.gz acep report - DONE --- 
2017-02-13,23:55:01  --- Process /raw_reports_v2/1487030049.1504_4788.tar.gz acep report - BEGIN --- 
 --- Process /raw_reports_v2/1487030049.1504_4788.tar.gz acep report - BEGIN --- 
2017-02-13,23:55:01  --- Process /raw_reports_v2/1487030049.1504_4788.tar.gz acep report - DONE --- 
 --- Process /raw_reports_v2/1487030049.1504_4788.tar.gz acep report - DONE --- 
2017-02-13,23:55:01  --- Process /raw_reports_v2/1487030047.87011_8974.tar.gz acep report - BEGIN --- 
 --- Process /raw_reports_v2/1487030047.87011_8974.tar.gz acep report - BEGIN --- 
2017-02-13,23:55:01  --- Process /raw_reports_v2/1487030047.87011_8974.tar.gz acep report - DONE --- 
 --- Process /raw_reports_v2/1487030047.87011_8974.tar.gz acep report - DONE --- 
2017-02-13,23:55:01  --- Process /raw_reports_v2/1487030055.7022_6675.tar.gz acep report - BEGIN --- 
 --- Process /raw_reports_v2/1487030055.7022_6675.tar.gz acep report - BEGIN --- 
2017-02-13,23:55:02  --- Process /raw_reports_v2/1487030055.7022_6675.tar.gz acep report - DONE --- 
 --- Process /raw_reports_v2/1487030055.7022_6675.tar.gz acep report - DONE --- 
2017-02-13,23:55:02  --- Process /raw_reports_v2/1487030057.70443_1745.tar.gz acep report - BEGIN --- 
 --- Process /raw_reports_v2/1487030057.70443_1745.tar.gz acep report - BEGIN --- 
2017-02-13,23:55:02  --- Process /raw_reports_v2/1487030057.70443_1745.tar.gz acep report - DONE --- 
 --- Process /raw_reports_v2/1487030057.70443_1745.tar.gz acep report - DONE --- 
2017-02-13,23:55:02  --- Process /raw_reports_v2/1487030092.78687_6355.tar.gz acep report - BEGIN --- 
 --- Process /raw_reports_v2/1487030092.78687_6355.tar.gz acep report - BEGIN --- 
2017-02-13,23:55:02  --- Process /raw_reports_v2/1487030092.78687_6355.tar.gz acep report - DONE --- 
 --- Process /raw_reports_v2/1487030092.78687_6355.tar.gz acep report - DONE --- 
2017-02-13,23:55:02  --- Process /raw_reports_v2/1487030079.86694_352.tar.gz acep report - BEGIN --- 
 --- Process /raw_reports_v2/1487030079.86694_352.tar.gz acep report - BEGIN --- 
2017-02-13,23:55:02  --- Process /raw_reports_v2/1487030079.86694_352.tar.gz acep report - DONE --- 
 --- Process /raw_reports_v2/1487030079.86694_352.tar.gz acep report - DONE --- 
2017-02-13,23:55:02  --- Process /raw_reports_v2/1487030073.10431_274.tar.gz acep report - BEGIN --- 
 --- Process /raw_reports_v2/1487030073.10431_274.tar.gz acep report - BEGIN --- 
2017-02-13,23:55:02  --- Process /raw_reports_v2/1487030073.10431_274.tar.gz acep report - DONE --- 
 --- Process /raw_reports_v2/1487030073.10431_274.tar.gz acep report - DONE --- 
2017-02-13,23:55:02  --- Process /raw_reports_v2/1487030053.40487_1495.tar.gz acep report - BEGIN --- 
 --- Process /raw_reports_v2/1487030053.40487_1495.tar.gz acep report - BEGIN --- 
2017-02-13,23:55:02  --- Process /raw_reports_v2/1487030053.40487_1495.tar.gz acep report - DONE --- 
 --- Process /raw_reports_v2/1487030053.40487_1495.tar.gz acep report - DONE --- 
2017-02-13,23:55:02  --- Process /raw_reports_v2/1487030085.90627_205.tar.gz acep report - BEGIN --- 
 --- Process /raw_reports_v2/1487030085.90627_205.tar.gz acep report - BEGIN --- 
2017-02-13,23:55:02  --- Process /raw_reports_v2/1487030085.90627_205.tar.gz acep report - DONE --- 
 --- Process /raw_reports_v2/1487030085.90627_205.tar.gz acep report - DONE --- 
2017-02-13,23:55:02  --- Process /raw_reports_v2/1487030043.47532_4454.tar.gz acep report - BEGIN --- 
 --- Process /raw_reports_v2/1487030043.47532_4454.tar.gz acep report - BEGIN --- 
2017-02-13,23:55:02  --- Process /raw_reports_v2/1487030043.47532_4454.tar.gz acep report - DONE --- 
 --- Process /raw_reports_v2/1487030043.47532_4454.tar.gz acep report - DONE --- 
2017-02-13,23:55:02  --- Process /raw_reports_v2/1487030072.11079_8491.tar.gz acep report - BEGIN --- 
 --- Process /raw_reports_v2/1487030072.11079_8491.tar.gz acep report - BEGIN --- 
2017-02-13,23:55:02  --- Process /raw_reports_v2/1487030072.11079_8491.tar.gz acep report - DONE --- 
 --- Process /raw_reports_v2/1487030072.11079_8491.tar.gz acep report - DONE --- 
2017-02-13,23:55:02  --- Process /raw_reports_v2/1487030096.24977_296.tar.gz acep report - BEGIN --- 
 --- Process /raw_reports_v2/1487030096.24977_296.tar.gz acep report - BEGIN --- 
2017-02-13,23:55:02  --- Process /raw_reports_v2/1487030096.24977_296.tar.gz acep report - DONE --- 
 --- Process /raw_reports_v2/1487030096.24977_296.tar.gz acep report - DONE --- 
2017-02-13,23:55:02  --- Process /raw_reports_v2/1487030086.36111_1120.tar.gz acep report - BEGIN --- 
 --- Process /raw_reports_v2/1487030086.36111_1120.tar.gz acep report - BEGIN --- 
2017-02-13,23:55:02  --- Process /raw_reports_v2/1487030086.36111_1120.tar.gz acep report - DONE --- 
 --- Process /raw_reports_v2/1487030086.36111_1120.tar.gz acep report - DONE --- 
2017-02-13,23:55:02  --- Process /raw_reports_v2/1487030052.63054_9407.tar.gz acep report - BEGIN --- 
 --- Process /raw_reports_v2/1487030052.63054_9407.tar.gz acep report - BEGIN --- 
2017-02-13,23:55:02  --- Process /raw_reports_v2/1487030052.63054_9407.tar.gz acep report - DONE --- 
 --- Process /raw_reports_v2/1487030052.63054_9407.tar.gz acep report - DONE --- 
2017-02-13,23:55:02  --- Process /raw_reports_v2/1487030056.59892_7280.tar.gz acep report - BEGIN --- 
 --- Process /raw_reports_v2/1487030056.59892_7280.tar.gz acep report - BEGIN --- 
2017-02-13,23:55:02  --- Process /raw_reports_v2/1487030056.59892_7280.tar.gz acep report - DONE --- 
 --- Process /raw_reports_v2/1487030056.59892_7280.tar.gz acep report - DONE --- 
2017-02-13,23:55:02  --- Process /raw_reports_v2/1487030058.19976_7880.tar.gz acep report - BEGIN --- 
 --- Process /raw_reports_v2/1487030058.19976_7880.tar.gz acep report - BEGIN --- 
2017-02-13,23:55:02  --- Process /raw_reports_v2/1487030058.19976_7880.tar.gz acep report - DONE --- 
 --- Process /raw_reports_v2/1487030058.19976_7880.tar.gz acep report - DONE --- 
2017-02-13,23:56:01  --- Process /raw_reports_v2/1487030146.03788_3485.tar.gz acep report - BEGIN --- 
 --- Process /raw_reports_v2/1487030146.03788_3485.tar.gz acep report - BEGIN --- 
2017-02-13,23:56:01  --- Process /raw_reports_v2/1487030146.03788_3485.tar.gz acep report - DONE --- 
 --- Process /raw_reports_v2/1487030146.03788_3485.tar.gz acep report - DONE --- 
2017-02-13,23:56:01  --- Process /raw_reports_v2/1487030144.2109_5609.tar.gz acep report - BEGIN --- 
 --- Process /raw_reports_v2/1487030144.2109_5609.tar.gz acep report - BEGIN --- 
2017-02-13,23:56:01  --- Process /raw_reports_v2/1487030144.2109_5609.tar.gz acep report - DONE --- 
 --- Process /raw_reports_v2/1487030144.2109_5609.tar.gz acep report - DONE --- 
2017-02-13,23:56:01  --- Process /raw_reports_v2/1487030106.30648_9188.tar.gz acep report - BEGIN --- 
 --- Process /raw_reports_v2/1487030106.30648_9188.tar.gz acep report - BEGIN --- 
2017-02-13,23:56:01  --- Process /raw_reports_v2/1487030106.30648_9188.tar.gz acep report - DONE --- 
 --- Process /raw_reports_v2/1487030106.30648_9188.tar.gz acep report - DONE --- 
2017-02-13,23:56:01  --- Process /raw_reports_v2/1487030106.7473_8568.tar.gz acep report - BEGIN --- 
 --- Process /raw_reports_v2/1487030106.7473_8568.tar.gz acep report - BEGIN --- 
2017-02-13,23:56:01  --- Process /raw_reports_v2/1487030106.7473_8568.tar.gz acep report - DONE --- 
 --- Process /raw_reports_v2/1487030106.7473_8568.tar.gz acep report - DONE --- 
2017-02-13,23:56:01  --- Process /raw_reports_v2/1487030113.35305_7699.tar.gz acep report - BEGIN --- 
 --- Process /raw_reports_v2/1487030113.35305_7699.tar.gz acep report - BEGIN --- 
2017-02-13,23:56:01  --- Process /raw_reports_v2/1487030113.35305_7699.tar.gz acep report - DONE --- 
 --- Process /raw_reports_v2/1487030113.35305_7699.tar.gz acep report - DONE --- 
2017-02-13,23:56:01  --- Process /raw_reports_v2/1487030151.51481_9775.tar.gz acep report - BEGIN --- 
 --- Process /raw_reports_v2/1487030151.51481_9775.tar.gz acep report - BEGIN --- 
2017-02-13,23:56:01  --- Process /raw_reports_v2/1487030151.51481_9775.tar.gz acep report - DONE --- 
 --- Process /raw_reports_v2/1487030151.51481_9775.tar.gz acep report - DONE --- 
2017-02-13,23:56:01  --- Process /raw_reports_v2/1487030145.09012_9846.tar.gz acep report - BEGIN --- 
 --- Process /raw_reports_v2/1487030145.09012_9846.tar.gz acep report - BEGIN --- 
2017-02-13,23:56:01  --- Process /raw_reports_v2/1487030145.09012_9846.tar.gz acep report - DONE --- 
 --- Process /raw_reports_v2/1487030145.09012_9846.tar.gz acep report - DONE --- 
2017-02-13,23:56:01  --- Process /raw_reports_v2/1487030108.33427_4827.tar.gz acep report - BEGIN --- 
 --- Process /raw_reports_v2/1487030108.33427_4827.tar.gz acep report - BEGIN --- 
2017-02-13,23:56:01  --- Process /raw_reports_v2/1487030108.33427_4827.tar.gz acep report - DONE --- 
 --- Process /raw_reports_v2/1487030108.33427_4827.tar.gz acep report - DONE --- 
2017-02-13,23:56:01  --- Process /raw_reports_v2/1487030124.61182_6160.tar.gz acep report - BEGIN --- 
 --- Process /raw_reports_v2/1487030124.61182_6160.tar.gz acep report - BEGIN --- 
2017-02-13,23:56:01  --- Process /raw_reports_v2/1487030124.61182_6160.tar.gz acep report - DONE --- 
 --- Process /raw_reports_v2/1487030124.61182_6160.tar.gz acep report - DONE --- 
2017-02-13,23:56:01  --- Process /raw_reports_v2/1487030129.27462_4539.tar.gz acep report - BEGIN --- 
 --- Process /raw_reports_v2/1487030129.27462_4539.tar.gz acep report - BEGIN --- 
2017-02-13,23:56:01  --- Process /raw_reports_v2/1487030129.27462_4539.tar.gz acep report - DONE --- 
 --- Process /raw_reports_v2/1487030129.27462_4539.tar.gz acep report - DONE --- 
2017-02-13,23:56:01  --- Process /raw_reports_v2/1487030131.51268_3756.tar.gz acep report - BEGIN --- 
 --- Process /raw_reports_v2/1487030131.51268_3756.tar.gz acep report - BEGIN --- 
2017-02-13,23:56:01  --- Process /raw_reports_v2/1487030131.51268_3756.tar.gz acep report - DONE --- 
 --- Process /raw_reports_v2/1487030131.51268_3756.tar.gz acep report - DONE --- 
2017-02-13,23:56:01  --- Process /raw_reports_v2/1487030153.50491_4496.tar.gz acep report - BEGIN --- 
 --- Process /raw_reports_v2/1487030153.50491_4496.tar.gz acep report - BEGIN --- 
2017-02-13,23:56:01  --- Process /raw_reports_v2/1487030153.50491_4496.tar.gz acep report - DONE --- 
 --- Process /raw_reports_v2/1487030153.50491_4496.tar.gz acep report - DONE --- 
2017-02-13,23:56:01  --- Process /raw_reports_v2/1487030115.05228_1837.tar.gz acep report - BEGIN --- 
 --- Process /raw_reports_v2/1487030115.05228_1837.tar.gz acep report - BEGIN --- 
2017-02-13,23:56:01  --- Process /raw_reports_v2/1487030115.05228_1837.tar.gz acep report - DONE --- 
 --- Process /raw_reports_v2/1487030115.05228_1837.tar.gz acep report - DONE --- 
2017-02-13,23:56:01  --- Process /raw_reports_v2/1487030112.15681_1288.tar.gz acep report - BEGIN --- 
 --- Process /raw_reports_v2/1487030112.15681_1288.tar.gz acep report - BEGIN --- 
2017-02-13,23:56:01  --- Process /raw_reports_v2/1487030112.15681_1288.tar.gz acep report - DONE --- 
 --- Process /raw_reports_v2/1487030112.15681_1288.tar.gz acep report - DONE --- 
2017-02-13,23:56:01  --- Process /raw_reports_v2/1487030127.04554_4059.tar.gz acep report - BEGIN --- 
 --- Process /raw_reports_v2/1487030127.04554_4059.tar.gz acep report - BEGIN --- 
2017-02-13,23:56:02  --- Process /raw_reports_v2/1487030127.04554_4059.tar.gz acep report - DONE --- 
 --- Process /raw_reports_v2/1487030127.04554_4059.tar.gz acep report - DONE --- 
2017-02-13,23:56:02  --- Process /raw_reports_v2/1487030156.70856_3870.tar.gz acep report - BEGIN --- 
 --- Process /raw_reports_v2/1487030156.70856_3870.tar.gz acep report - BEGIN --- 
2017-02-13,23:56:02  --- Process /raw_reports_v2/1487030156.70856_3870.tar.gz acep report - DONE --- 
 --- Process /raw_reports_v2/1487030156.70856_3870.tar.gz acep report - DONE --- 
2017-02-13,23:56:02  --- Process /raw_reports_v2/1487030111.58402_1606.tar.gz acep report - BEGIN --- 
 --- Process /raw_reports_v2/1487030111.58402_1606.tar.gz acep report - BEGIN --- 
2017-02-13,23:56:02  --- Process /raw_reports_v2/1487030111.58402_1606.tar.gz acep report - DONE --- 
 --- Process /raw_reports_v2/1487030111.58402_1606.tar.gz acep report - DONE --- 
2017-02-13,23:56:02  --- Process /raw_reports_v2/1487030113.5952_8958.tar.gz acep report - BEGIN --- 
 --- Process /raw_reports_v2/1487030113.5952_8958.tar.gz acep report - BEGIN --- 
2017-02-13,23:56:02  --- Process /raw_reports_v2/1487030113.5952_8958.tar.gz acep report - DONE --- 
 --- Process /raw_reports_v2/1487030113.5952_8958.tar.gz acep report - DONE --- 
2017-02-13,23:56:02  --- Process /raw_reports_v2/1487030158.70121_1239.tar.gz acep report - BEGIN --- 
 --- Process /raw_reports_v2/1487030158.70121_1239.tar.gz acep report - BEGIN --- 
2017-02-13,23:56:02  --- Process /raw_reports_v2/1487030158.70121_1239.tar.gz acep report - DONE --- 
 --- Process /raw_reports_v2/1487030158.70121_1239.tar.gz acep report - DONE --- 
2017-02-13,23:56:02  --- Process /raw_reports_v2/1487030143.67005_9262.tar.gz acep report - BEGIN --- 
 --- Process /raw_reports_v2/1487030143.67005_9262.tar.gz acep report - BEGIN --- 
2017-02-13,23:56:02  --- Process /raw_reports_v2/1487030143.67005_9262.tar.gz acep report - DONE --- 
 --- Process /raw_reports_v2/1487030143.67005_9262.tar.gz acep report - DONE --- 
2017-02-13,23:56:02  --- Process /raw_reports_v2/1487030121.30599_7402.tar.gz acep report - BEGIN --- 
 --- Process /raw_reports_v2/1487030121.30599_7402.tar.gz acep report - BEGIN --- 
2017-02-13,23:56:02  --- Process /raw_reports_v2/1487030121.30599_7402.tar.gz acep report - DONE --- 
 --- Process /raw_reports_v2/1487030121.30599_7402.tar.gz acep report - DONE --- 
2017-02-13,23:56:02  --- Process /raw_reports_v2/1487030150.82212_5043.tar.gz acep report - BEGIN --- 
 --- Process /raw_reports_v2/1487030150.82212_5043.tar.gz acep report - BEGIN --- 
2017-02-13,23:56:02  --- Process /raw_reports_v2/1487030150.82212_5043.tar.gz acep report - DONE --- 
 --- Process /raw_reports_v2/1487030150.82212_5043.tar.gz acep report - DONE --- 
2017-02-13,23:56:02  --- Process /raw_reports_v2/1487030125.65656_7154.tar.gz acep report - BEGIN --- 
 --- Process /raw_reports_v2/1487030125.65656_7154.tar.gz acep report - BEGIN --- 
2017-02-13,23:56:02  --- Process /raw_reports_v2/1487030125.65656_7154.tar.gz acep report - DONE --- 
 --- Process /raw_reports_v2/1487030125.65656_7154.tar.gz acep report - DONE --- 
2017-02-13,23:56:02  --- Process /raw_reports_v2/1487030135.01902_4789.tar.gz acep report - BEGIN --- 
 --- Process /raw_reports_v2/1487030135.01902_4789.tar.gz acep report - BEGIN --- 
2017-02-13,23:56:02  --- Process /raw_reports_v2/1487030135.01902_4789.tar.gz acep report - DONE --- 
 --- Process /raw_reports_v2/1487030135.01902_4789.tar.gz acep report - DONE --- 
2017-02-13,23:56:02  --- Process /raw_reports_v2/1487030148.51529_819.tar.gz acep report - BEGIN --- 
 --- Process /raw_reports_v2/1487030148.51529_819.tar.gz acep report - BEGIN --- 
2017-02-13,23:56:02  --- Process /raw_reports_v2/1487030148.51529_819.tar.gz acep report - DONE --- 
 --- Process /raw_reports_v2/1487030148.51529_819.tar.gz acep report - DONE --- 
2017-02-13,23:56:02  --- Process /raw_reports_v2/1487030146.82406_4535.tar.gz acep report - BEGIN --- 
 --- Process /raw_reports_v2/1487030146.82406_4535.tar.gz acep report - BEGIN --- 
2017-02-13,23:56:02  --- Process /raw_reports_v2/1487030146.82406_4535.tar.gz acep report - DONE --- 
 --- Process /raw_reports_v2/1487030146.82406_4535.tar.gz acep report - DONE --- 
2017-02-13,23:56:02  --- Process /raw_reports_v2/1487030161.05663_8721.tar.gz acep report - BEGIN --- 
 --- Process /raw_reports_v2/1487030161.05663_8721.tar.gz acep report - BEGIN --- 
2017-02-13,23:56:02  --- Process /raw_reports_v2/1487030161.05663_8721.tar.gz acep report - DONE --- 
 --- Process /raw_reports_v2/1487030161.05663_8721.tar.gz acep report - DONE --- 
2017-02-13,23:56:02  --- Process /raw_reports_v2/1487030117.78026_2624.tar.gz acep report - BEGIN --- 
 --- Process /raw_reports_v2/1487030117.78026_2624.tar.gz acep report - BEGIN --- 
2017-02-13,23:56:02  --- Process /raw_reports_v2/1487030117.78026_2624.tar.gz acep report - DONE --- 
 --- Process /raw_reports_v2/1487030117.78026_2624.tar.gz acep report - DONE --- 
2017-02-13,23:57:01  --- Process /raw_reports_v2/1487030204.83207_1628.tar.gz acep report - BEGIN --- 
 --- Process /raw_reports_v2/1487030204.83207_1628.tar.gz acep report - BEGIN --- 
2017-02-13,23:57:01  --- Process /raw_reports_v2/1487030204.83207_1628.tar.gz acep report - DONE --- 
 --- Process /raw_reports_v2/1487030204.83207_1628.tar.gz acep report - DONE --- 
2017-02-13,23:57:01  --- Process /raw_reports_v2/1487030216.82908_3712.tar.gz acep report - BEGIN --- 
 --- Process /raw_reports_v2/1487030216.82908_3712.tar.gz acep report - BEGIN --- 
2017-02-13,23:57:01  --- Process /raw_reports_v2/1487030216.82908_3712.tar.gz acep report - DONE --- 
 --- Process /raw_reports_v2/1487030216.82908_3712.tar.gz acep report - DONE --- 
2017-02-13,23:57:01  --- Process /raw_reports_v2/1487030167.93831_5379.tar.gz acep report - BEGIN --- 
 --- Process /raw_reports_v2/1487030167.93831_5379.tar.gz acep report - BEGIN --- 
2017-02-13,23:57:01  --- Process /raw_reports_v2/1487030167.93831_5379.tar.gz acep report - DONE --- 
 --- Process /raw_reports_v2/1487030167.93831_5379.tar.gz acep report - DONE --- 
2017-02-13,23:57:01  --- Process /raw_reports_v2/1487030176.55667_7295.tar.gz acep report - BEGIN --- 
 --- Process /raw_reports_v2/1487030176.55667_7295.tar.gz acep report - BEGIN --- 
2017-02-13,23:57:01  --- Process /raw_reports_v2/1487030176.55667_7295.tar.gz acep report - DONE --- 
 --- Process /raw_reports_v2/1487030176.55667_7295.tar.gz acep report - DONE --- 
2017-02-13,23:57:01  --- Process /raw_reports_v2/1487030189.01024_11.tar.gz acep report - BEGIN --- 
 --- Process /raw_reports_v2/1487030189.01024_11.tar.gz acep report - BEGIN --- 
2017-02-13,23:57:01  --- Process /raw_reports_v2/1487030189.01024_11.tar.gz acep report - DONE --- 
 --- Process /raw_reports_v2/1487030189.01024_11.tar.gz acep report - DONE --- 
2017-02-13,23:57:01  --- Process /raw_reports_v2/1487030171.11546_660.tar.gz acep report - BEGIN --- 
 --- Process /raw_reports_v2/1487030171.11546_660.tar.gz acep report - BEGIN --- 
2017-02-13,23:57:01  --- Process /raw_reports_v2/1487030171.11546_660.tar.gz acep report - DONE --- 
 --- Process /raw_reports_v2/1487030171.11546_660.tar.gz acep report - DONE --- 
2017-02-13,23:57:01  --- Process /raw_reports_v2/1487030177.96619_6021.tar.gz acep report - BEGIN --- 
 --- Process /raw_reports_v2/1487030177.96619_6021.tar.gz acep report - BEGIN --- 
2017-02-13,23:57:01  --- Process /raw_reports_v2/1487030177.96619_6021.tar.gz acep report - DONE --- 
 --- Process /raw_reports_v2/1487030177.96619_6021.tar.gz acep report - DONE --- 
2017-02-13,23:57:01  --- Process /raw_reports_v2/1487030180.12773_2770.tar.gz acep report - BEGIN --- 
 --- Process /raw_reports_v2/1487030180.12773_2770.tar.gz acep report - BEGIN --- 
2017-02-13,23:57:01  --- Process /raw_reports_v2/1487030180.12773_2770.tar.gz acep report - DONE --- 
 --- Process /raw_reports_v2/1487030180.12773_2770.tar.gz acep report - DONE --- 
2017-02-13,23:57:01  --- Process /raw_reports_v2/1487030189.37946_6673.tar.gz acep report - BEGIN --- 
 --- Process /raw_reports_v2/1487030189.37946_6673.tar.gz acep report - BEGIN --- 
2017-02-13,23:57:01  --- Process /raw_reports_v2/1487030189.37946_6673.tar.gz acep report - DONE --- 
 --- Process /raw_reports_v2/1487030189.37946_6673.tar.gz acep report - DONE --- 
2017-02-13,23:57:01  --- Process /raw_reports_v2/1487030173.24227_8873.tar.gz acep report - BEGIN --- 
 --- Process /raw_reports_v2/1487030173.24227_8873.tar.gz acep report - BEGIN --- 
2017-02-13,23:57:01  --- Process /raw_reports_v2/1487030173.24227_8873.tar.gz acep report - DONE --- 
 --- Process /raw_reports_v2/1487030173.24227_8873.tar.gz acep report - DONE --- 
2017-02-13,23:57:01  --- Process /raw_reports_v2/1487030197.4908_1687.tar.gz acep report - BEGIN --- 
 --- Process /raw_reports_v2/1487030197.4908_1687.tar.gz acep report - BEGIN --- 
2017-02-13,23:57:01  --- Process /raw_reports_v2/1487030197.4908_1687.tar.gz acep report - DONE --- 
 --- Process /raw_reports_v2/1487030197.4908_1687.tar.gz acep report - DONE --- 
2017-02-13,23:57:01  --- Process /raw_reports_v2/1487030215.6934_1850.tar.gz acep report - BEGIN --- 
 --- Process /raw_reports_v2/1487030215.6934_1850.tar.gz acep report - BEGIN --- 
2017-02-13,23:57:01  --- Process /raw_reports_v2/1487030215.6934_1850.tar.gz acep report - DONE --- 
 --- Process /raw_reports_v2/1487030215.6934_1850.tar.gz acep report - DONE --- 
2017-02-13,23:57:01  --- Process /raw_reports_v2/1487030179.19592_1210.tar.gz acep report - BEGIN --- 
 --- Process /raw_reports_v2/1487030179.19592_1210.tar.gz acep report - BEGIN --- 
2017-02-13,23:57:01  --- Process /raw_reports_v2/1487030179.19592_1210.tar.gz acep report - DONE --- 
 --- Process /raw_reports_v2/1487030179.19592_1210.tar.gz acep report - DONE --- 
2017-02-13,23:57:01  --- Process /raw_reports_v2/1487030181.4751_9466.tar.gz acep report - BEGIN --- 
 --- Process /raw_reports_v2/1487030181.4751_9466.tar.gz acep report - BEGIN --- 
2017-02-13,23:57:02  --- Process /raw_reports_v2/1487030181.4751_9466.tar.gz acep report - DONE --- 
 --- Process /raw_reports_v2/1487030181.4751_9466.tar.gz acep report - DONE --- 
2017-02-13,23:57:02  --- Process /raw_reports_v2/1487030215.16729_3929.tar.gz acep report - BEGIN --- 
 --- Process /raw_reports_v2/1487030215.16729_3929.tar.gz acep report - BEGIN --- 
2017-02-13,23:57:02  --- Process /raw_reports_v2/1487030215.16729_3929.tar.gz acep report - DONE --- 
 --- Process /raw_reports_v2/1487030215.16729_3929.tar.gz acep report - DONE --- 
2017-02-13,23:57:02  --- Process /raw_reports_v2/1487030182.90587_1741.tar.gz acep report - BEGIN --- 
 --- Process /raw_reports_v2/1487030182.90587_1741.tar.gz acep report - BEGIN --- 
2017-02-13,23:57:02  --- Process /raw_reports_v2/1487030182.90587_1741.tar.gz acep report - DONE --- 
 --- Process /raw_reports_v2/1487030182.90587_1741.tar.gz acep report - DONE --- 
2017-02-13,23:57:02  --- Process /raw_reports_v2/1487030183.62247_2858.tar.gz acep report - BEGIN --- 
 --- Process /raw_reports_v2/1487030183.62247_2858.tar.gz acep report - BEGIN --- 
2017-02-13,23:57:02  --- Process /raw_reports_v2/1487030183.62247_2858.tar.gz acep report - DONE --- 
 --- Process /raw_reports_v2/1487030183.62247_2858.tar.gz acep report - DONE --- 
2017-02-13,23:57:02  --- Process /raw_reports_v2/1487030192.52576_8513.tar.gz acep report - BEGIN --- 
 --- Process /raw_reports_v2/1487030192.52576_8513.tar.gz acep report - BEGIN --- 
2017-02-13,23:57:02  --- Process /raw_reports_v2/1487030192.52576_8513.tar.gz acep report - DONE --- 
 --- Process /raw_reports_v2/1487030192.52576_8513.tar.gz acep report - DONE --- 
2017-02-13,23:57:02  --- Process /raw_reports_v2/1487030180.47883_749.tar.gz acep report - BEGIN --- 
 --- Process /raw_reports_v2/1487030180.47883_749.tar.gz acep report - BEGIN --- 
2017-02-13,23:57:02  --- Process /raw_reports_v2/1487030180.47883_749.tar.gz acep report - DONE --- 
 --- Process /raw_reports_v2/1487030180.47883_749.tar.gz acep report - DONE --- 
2017-02-13,23:57:02  --- Process /raw_reports_v2/1487030194.41632_6310.tar.gz acep report - BEGIN --- 
 --- Process /raw_reports_v2/1487030194.41632_6310.tar.gz acep report - BEGIN --- 
2017-02-13,23:57:02  --- Process /raw_reports_v2/1487030194.41632_6310.tar.gz acep report - DONE --- 
 --- Process /raw_reports_v2/1487030194.41632_6310.tar.gz acep report - DONE --- 
2017-02-13,23:57:02  --- Process /raw_reports_v2/1487030172.91062_4813.tar.gz acep report - BEGIN --- 
 --- Process /raw_reports_v2/1487030172.91062_4813.tar.gz acep report - BEGIN --- 
2017-02-13,23:57:02  --- Process /raw_reports_v2/1487030172.91062_4813.tar.gz acep report - DONE --- 
 --- Process /raw_reports_v2/1487030172.91062_4813.tar.gz acep report - DONE --- 
2017-02-13,23:57:02  --- Process /raw_reports_v2/1487030204.79374_5817.tar.gz acep report - BEGIN --- 
 --- Process /raw_reports_v2/1487030204.79374_5817.tar.gz acep report - BEGIN --- 
2017-02-13,23:57:02  --- Process /raw_reports_v2/1487030204.79374_5817.tar.gz acep report - DONE --- 
 --- Process /raw_reports_v2/1487030204.79374_5817.tar.gz acep report - DONE --- 
2017-02-13,23:57:02  --- Process /raw_reports_v2/1487030204.02158_3311.tar.gz acep report - BEGIN --- 
 --- Process /raw_reports_v2/1487030204.02158_3311.tar.gz acep report - BEGIN --- 
2017-02-13,23:57:02  --- Process /raw_reports_v2/1487030204.02158_3311.tar.gz acep report - DONE --- 
 --- Process /raw_reports_v2/1487030204.02158_3311.tar.gz acep report - DONE --- 
2017-02-13,23:57:02  --- Process /raw_reports_v2/1487030169.50154_5290.tar.gz acep report - BEGIN --- 
 --- Process /raw_reports_v2/1487030169.50154_5290.tar.gz acep report - BEGIN --- 
2017-02-13,23:57:02  --- Process /raw_reports_v2/1487030169.50154_5290.tar.gz acep report - DONE --- 
 --- Process /raw_reports_v2/1487030169.50154_5290.tar.gz acep report - DONE --- 
2017-02-13,23:57:02  --- Process /raw_reports_v2/1487030182.23481_4524.tar.gz acep report - BEGIN --- 
 --- Process /raw_reports_v2/1487030182.23481_4524.tar.gz acep report - BEGIN --- 
2017-02-13,23:57:02  --- Process /raw_reports_v2/1487030182.23481_4524.tar.gz acep report - DONE --- 
 --- Process /raw_reports_v2/1487030182.23481_4524.tar.gz acep report - DONE --- 
2017-02-13,23:57:02  --- Process /raw_reports_v2/1487030168.87729_1412.tar.gz acep report - BEGIN --- 
 --- Process /raw_reports_v2/1487030168.87729_1412.tar.gz acep report - BEGIN --- 
2017-02-13,23:57:02  --- Process /raw_reports_v2/1487030168.87729_1412.tar.gz acep report - DONE --- 
 --- Process /raw_reports_v2/1487030168.87729_1412.tar.gz acep report - DONE --- 
2017-02-13,23:57:02  --- Process /raw_reports_v2/1487030172.08942_664.tar.gz acep report - BEGIN --- 
 --- Process /raw_reports_v2/1487030172.08942_664.tar.gz acep report - BEGIN --- 
2017-02-13,23:57:02  --- Process /raw_reports_v2/1487030172.08942_664.tar.gz acep report - DONE --- 
 --- Process /raw_reports_v2/1487030172.08942_664.tar.gz acep report - DONE --- 
2017-02-13,23:57:02  --- Process /raw_reports_v2/1487030170.51818_1320.tar.gz acep report - BEGIN --- 
 --- Process /raw_reports_v2/1487030170.51818_1320.tar.gz acep report - BEGIN --- 
2017-02-13,23:57:02  --- Process /raw_reports_v2/1487030170.51818_1320.tar.gz acep report - DONE --- 
 --- Process /raw_reports_v2/1487030170.51818_1320.tar.gz acep report - DONE --- 
2017-02-13,23:58:01  --- Process /raw_reports_v2/1487030230.95262_1301.tar.gz acep report - BEGIN --- 
 --- Process /raw_reports_v2/1487030230.95262_1301.tar.gz acep report - BEGIN --- 
2017-02-13,23:58:01  --- Process /raw_reports_v2/1487030230.95262_1301.tar.gz acep report - DONE --- 
 --- Process /raw_reports_v2/1487030230.95262_1301.tar.gz acep report - DONE --- 
2017-02-13,23:58:01  --- Process /raw_reports_v2/1487030229.62975_9253.tar.gz acep report - BEGIN --- 
 --- Process /raw_reports_v2/1487030229.62975_9253.tar.gz acep report - BEGIN --- 
2017-02-13,23:58:01  --- Process /raw_reports_v2/1487030229.62975_9253.tar.gz acep report - DONE --- 
 --- Process /raw_reports_v2/1487030229.62975_9253.tar.gz acep report - DONE --- 
2017-02-13,23:58:01  --- Process /raw_reports_v2/1487030278.82429_8833.tar.gz acep report - BEGIN --- 
 --- Process /raw_reports_v2/1487030278.82429_8833.tar.gz acep report - BEGIN --- 
2017-02-13,23:58:01  --- Process /raw_reports_v2/1487030278.82429_8833.tar.gz acep report - DONE --- 
 --- Process /raw_reports_v2/1487030278.82429_8833.tar.gz acep report - DONE --- 
2017-02-13,23:58:01  --- Process /raw_reports_v2/1487030228.39296_9845.tar.gz acep report - BEGIN --- 
 --- Process /raw_reports_v2/1487030228.39296_9845.tar.gz acep report - BEGIN --- 
2017-02-13,23:58:01  --- Process /raw_reports_v2/1487030228.39296_9845.tar.gz acep report - DONE --- 
 --- Process /raw_reports_v2/1487030228.39296_9845.tar.gz acep report - DONE --- 
2017-02-13,23:58:01  --- Process /raw_reports_v2/1487030227.61096_915.tar.gz acep report - BEGIN --- 
 --- Process /raw_reports_v2/1487030227.61096_915.tar.gz acep report - BEGIN --- 
2017-02-13,23:58:01  --- Process /raw_reports_v2/1487030227.61096_915.tar.gz acep report - DONE --- 
 --- Process /raw_reports_v2/1487030227.61096_915.tar.gz acep report - DONE --- 
2017-02-13,23:58:01  --- Process /raw_reports_v2/1487030244.05867_9106.tar.gz acep report - BEGIN --- 
 --- Process /raw_reports_v2/1487030244.05867_9106.tar.gz acep report - BEGIN --- 
2017-02-13,23:58:01  --- Process /raw_reports_v2/1487030244.05867_9106.tar.gz acep report - DONE --- 
 --- Process /raw_reports_v2/1487030244.05867_9106.tar.gz acep report - DONE --- 
2017-02-13,23:58:01  --- Process /raw_reports_v2/1487030277.23236_5160.tar.gz acep report - BEGIN --- 
 --- Process /raw_reports_v2/1487030277.23236_5160.tar.gz acep report - BEGIN --- 
2017-02-13,23:58:02  --- Process /raw_reports_v2/1487030277.23236_5160.tar.gz acep report - DONE --- 
 --- Process /raw_reports_v2/1487030277.23236_5160.tar.gz acep report - DONE --- 
2017-02-13,23:58:02  --- Process /raw_reports_v2/1487030229.24203_297.tar.gz acep report - BEGIN --- 
 --- Process /raw_reports_v2/1487030229.24203_297.tar.gz acep report - BEGIN --- 
2017-02-13,23:58:02  --- Process /raw_reports_v2/1487030229.24203_297.tar.gz acep report - DONE --- 
 --- Process /raw_reports_v2/1487030229.24203_297.tar.gz acep report - DONE --- 
2017-02-13,23:58:02  --- Process /raw_reports_v2/1487030280.9991_3453.tar.gz acep report - BEGIN --- 
 --- Process /raw_reports_v2/1487030280.9991_3453.tar.gz acep report - BEGIN --- 
2017-02-13,23:58:02  --- Process /raw_reports_v2/1487030280.9991_3453.tar.gz acep report - DONE --- 
 --- Process /raw_reports_v2/1487030280.9991_3453.tar.gz acep report - DONE --- 
2017-02-13,23:58:02  --- Process /raw_reports_v2/1487030238.7467_3897.tar.gz acep report - BEGIN --- 
 --- Process /raw_reports_v2/1487030238.7467_3897.tar.gz acep report - BEGIN --- 
2017-02-13,23:58:02  --- Process /raw_reports_v2/1487030238.7467_3897.tar.gz acep report - DONE --- 
 --- Process /raw_reports_v2/1487030238.7467_3897.tar.gz acep report - DONE --- 
2017-02-13,23:58:02  --- Process /raw_reports_v2/1487030263.57655_6065.tar.gz acep report - BEGIN --- 
 --- Process /raw_reports_v2/1487030263.57655_6065.tar.gz acep report - BEGIN --- 
2017-02-13,23:58:02  --- Process /raw_reports_v2/1487030263.57655_6065.tar.gz acep report - DONE --- 
 --- Process /raw_reports_v2/1487030263.57655_6065.tar.gz acep report - DONE --- 
2017-02-13,23:58:02  --- Process /raw_reports_v2/1487030227.35933_8019.tar.gz acep report - BEGIN --- 
 --- Process /raw_reports_v2/1487030227.35933_8019.tar.gz acep report - BEGIN --- 
2017-02-13,23:58:02  --- Process /raw_reports_v2/1487030227.35933_8019.tar.gz acep report - DONE --- 
 --- Process /raw_reports_v2/1487030227.35933_8019.tar.gz acep report - DONE --- 
2017-02-13,23:58:02  --- Process /raw_reports_v2/1487030259.85902_7875.tar.gz acep report - BEGIN --- 
 --- Process /raw_reports_v2/1487030259.85902_7875.tar.gz acep report - BEGIN --- 
2017-02-13,23:58:02  --- Process /raw_reports_v2/1487030259.85902_7875.tar.gz acep report - DONE --- 
 --- Process /raw_reports_v2/1487030259.85902_7875.tar.gz acep report - DONE --- 
2017-02-13,23:58:02  --- Process /raw_reports_v2/1487030248.78457_1610.tar.gz acep report - BEGIN --- 
 --- Process /raw_reports_v2/1487030248.78457_1610.tar.gz acep report - BEGIN --- 
2017-02-13,23:58:02  --- Process /raw_reports_v2/1487030248.78457_1610.tar.gz acep report - DONE --- 
 --- Process /raw_reports_v2/1487030248.78457_1610.tar.gz acep report - DONE --- 
2017-02-13,23:58:02  --- Process /raw_reports_v2/1487030249.87232_3623.tar.gz acep report - BEGIN --- 
 --- Process /raw_reports_v2/1487030249.87232_3623.tar.gz acep report - BEGIN --- 
2017-02-13,23:58:02  --- Process /raw_reports_v2/1487030249.87232_3623.tar.gz acep report - DONE --- 
 --- Process /raw_reports_v2/1487030249.87232_3623.tar.gz acep report - DONE --- 
2017-02-13,23:58:02  --- Process /raw_reports_v2/1487030250.59551_3622.tar.gz acep report - BEGIN --- 
 --- Process /raw_reports_v2/1487030250.59551_3622.tar.gz acep report - BEGIN --- 
2017-02-13,23:58:02  --- Process /raw_reports_v2/1487030250.59551_3622.tar.gz acep report - DONE --- 
 --- Process /raw_reports_v2/1487030250.59551_3622.tar.gz acep report - DONE --- 
2017-02-13,23:58:02  --- Process /raw_reports_v2/1487030278.83746_8274.tar.gz acep report - BEGIN --- 
 --- Process /raw_reports_v2/1487030278.83746_8274.tar.gz acep report - BEGIN --- 
2017-02-13,23:58:02  --- Process /raw_reports_v2/1487030278.83746_8274.tar.gz acep report - DONE --- 
 --- Process /raw_reports_v2/1487030278.83746_8274.tar.gz acep report - DONE --- 
2017-02-13,23:58:02  --- Process /raw_reports_v2/1487030251.1763_8423.tar.gz acep report - BEGIN --- 
 --- Process /raw_reports_v2/1487030251.1763_8423.tar.gz acep report - BEGIN --- 
2017-02-13,23:58:02  --- Process /raw_reports_v2/1487030251.1763_8423.tar.gz acep report - DONE --- 
 --- Process /raw_reports_v2/1487030251.1763_8423.tar.gz acep report - DONE --- 
2017-02-13,23:58:02  --- Process /raw_reports_v2/1487030252.96183_8784.tar.gz acep report - BEGIN --- 
 --- Process /raw_reports_v2/1487030252.96183_8784.tar.gz acep report - BEGIN --- 
2017-02-13,23:58:02  --- Process /raw_reports_v2/1487030252.96183_8784.tar.gz acep report - DONE --- 
 --- Process /raw_reports_v2/1487030252.96183_8784.tar.gz acep report - DONE --- 
2017-02-13,23:59:01  --- Process /raw_reports_v2/1487030289.52599_2962.tar.gz acep report - BEGIN --- 
 --- Process /raw_reports_v2/1487030289.52599_2962.tar.gz acep report - BEGIN --- 
2017-02-13,23:59:01  --- Process /raw_reports_v2/1487030289.52599_2962.tar.gz acep report - DONE --- 
 --- Process /raw_reports_v2/1487030289.52599_2962.tar.gz acep report - DONE --- 
2017-02-13,23:59:01  --- Process /raw_reports_v2/1487030294.61605_8837.tar.gz acep report - BEGIN --- 
 --- Process /raw_reports_v2/1487030294.61605_8837.tar.gz acep report - BEGIN --- 
2017-02-13,23:59:01  --- Process /raw_reports_v2/1487030294.61605_8837.tar.gz acep report - DONE --- 
 --- Process /raw_reports_v2/1487030294.61605_8837.tar.gz acep report - DONE --- 
2017-02-13,23:59:01  --- Process /raw_reports_v2/1487030326.41616_9527.tar.gz acep report - BEGIN --- 
 --- Process /raw_reports_v2/1487030326.41616_9527.tar.gz acep report - BEGIN --- 
2017-02-13,23:59:01  --- Process /raw_reports_v2/1487030326.41616_9527.tar.gz acep report - DONE --- 
 --- Process /raw_reports_v2/1487030326.41616_9527.tar.gz acep report - DONE --- 
2017-02-13,23:59:01  --- Process /raw_reports_v2/1487030295.44849_3259.tar.gz acep report - BEGIN --- 
 --- Process /raw_reports_v2/1487030295.44849_3259.tar.gz acep report - BEGIN --- 
2017-02-13,23:59:01  --- Process /raw_reports_v2/1487030295.44849_3259.tar.gz acep report - DONE --- 
 --- Process /raw_reports_v2/1487030295.44849_3259.tar.gz acep report - DONE --- 
2017-02-13,23:59:01  --- Process /raw_reports_v2/1487030313.90037_9231.tar.gz acep report - BEGIN --- 
 --- Process /raw_reports_v2/1487030313.90037_9231.tar.gz acep report - BEGIN --- 
2017-02-13,23:59:01  --- Process /raw_reports_v2/1487030313.90037_9231.tar.gz acep report - DONE --- 
 --- Process /raw_reports_v2/1487030313.90037_9231.tar.gz acep report - DONE --- 
2017-02-13,23:59:01  --- Process /raw_reports_v2/1487030297.64253_508.tar.gz acep report - BEGIN --- 
 --- Process /raw_reports_v2/1487030297.64253_508.tar.gz acep report - BEGIN --- 
2017-02-13,23:59:01  --- Process /raw_reports_v2/1487030297.64253_508.tar.gz acep report - DONE --- 
 --- Process /raw_reports_v2/1487030297.64253_508.tar.gz acep report - DONE --- 
2017-02-13,23:59:01  --- Process /raw_reports_v2/1487030298.08699_8728.tar.gz acep report - BEGIN --- 
 --- Process /raw_reports_v2/1487030298.08699_8728.tar.gz acep report - BEGIN --- 
2017-02-13,23:59:01  --- Process /raw_reports_v2/1487030298.08699_8728.tar.gz acep report - DONE --- 
 --- Process /raw_reports_v2/1487030298.08699_8728.tar.gz acep report - DONE --- 
2017-02-13,23:59:01  --- Process /raw_reports_v2/1487030330.59192_473.tar.gz acep report - BEGIN --- 
 --- Process /raw_reports_v2/1487030330.59192_473.tar.gz acep report - BEGIN --- 
2017-02-13,23:59:01  --- Process /raw_reports_v2/1487030330.59192_473.tar.gz acep report - DONE --- 
 --- Process /raw_reports_v2/1487030330.59192_473.tar.gz acep report - DONE --- 
2017-02-13,23:59:01  --- Process /raw_reports_v2/1487030306.93494_408.tar.gz acep report - BEGIN --- 
 --- Process /raw_reports_v2/1487030306.93494_408.tar.gz acep report - BEGIN --- 
2017-02-13,23:59:01  --- Process /raw_reports_v2/1487030306.93494_408.tar.gz acep report - DONE --- 
 --- Process /raw_reports_v2/1487030306.93494_408.tar.gz acep report - DONE --- 
2017-02-13,23:59:01  --- Process /raw_reports_v2/1487030292.60166_4847.tar.gz acep report - BEGIN --- 
 --- Process /raw_reports_v2/1487030292.60166_4847.tar.gz acep report - BEGIN --- 
2017-02-13,23:59:01  --- Process /raw_reports_v2/1487030292.60166_4847.tar.gz acep report - DONE --- 
 --- Process /raw_reports_v2/1487030292.60166_4847.tar.gz acep report - DONE --- 
2017-02-13,23:59:01  --- Process /raw_reports_v2/1487030335.58121_6796.tar.gz acep report - BEGIN --- 
 --- Process /raw_reports_v2/1487030335.58121_6796.tar.gz acep report - BEGIN --- 
2017-02-13,23:59:01  --- Process /raw_reports_v2/1487030335.58121_6796.tar.gz acep report - DONE --- 
 --- Process /raw_reports_v2/1487030335.58121_6796.tar.gz acep report - DONE --- 
2017-02-13,23:59:01  --- Process /raw_reports_v2/1487030292.66128_8089.tar.gz acep report - BEGIN --- 
 --- Process /raw_reports_v2/1487030292.66128_8089.tar.gz acep report - BEGIN --- 
2017-02-13,23:59:02  --- Process /raw_reports_v2/1487030292.66128_8089.tar.gz acep report - DONE --- 
 --- Process /raw_reports_v2/1487030292.66128_8089.tar.gz acep report - DONE --- 
2017-02-13,23:59:02  --- Process /raw_reports_v2/1487030301.76176_4351.tar.gz acep report - BEGIN --- 
 --- Process /raw_reports_v2/1487030301.76176_4351.tar.gz acep report - BEGIN --- 
2017-02-13,23:59:02  --- Process /raw_reports_v2/1487030301.76176_4351.tar.gz acep report - DONE --- 
 --- Process /raw_reports_v2/1487030301.76176_4351.tar.gz acep report - DONE --- 
2017-02-13,23:59:02  --- Process /raw_reports_v2/1487030306.88817_9105.tar.gz acep report - BEGIN --- 
 --- Process /raw_reports_v2/1487030306.88817_9105.tar.gz acep report - BEGIN --- 
2017-02-13,23:59:02  --- Process /raw_reports_v2/1487030306.88817_9105.tar.gz acep report - DONE --- 
 --- Process /raw_reports_v2/1487030306.88817_9105.tar.gz acep report - DONE --- 
2017-02-13,23:59:02  --- Process /raw_reports_v2/1487030319.1574_8096.tar.gz acep report - BEGIN --- 
 --- Process /raw_reports_v2/1487030319.1574_8096.tar.gz acep report - BEGIN --- 
2017-02-13,23:59:02  --- Process /raw_reports_v2/1487030319.1574_8096.tar.gz acep report - DONE --- 
 --- Process /raw_reports_v2/1487030319.1574_8096.tar.gz acep report - DONE --- 
2017-02-13,23:59:02  --- Process /raw_reports_v2/1487030322.44766_7399.tar.gz acep report - BEGIN --- 
 --- Process /raw_reports_v2/1487030322.44766_7399.tar.gz acep report - BEGIN --- 
2017-02-13,23:59:02  --- Process /raw_reports_v2/1487030322.44766_7399.tar.gz acep report - DONE --- 
 --- Process /raw_reports_v2/1487030322.44766_7399.tar.gz acep report - DONE --- 
2017-02-13,23:59:02  --- Process /raw_reports_v2/1487030296.33421_7577.tar.gz acep report - BEGIN --- 
 --- Process /raw_reports_v2/1487030296.33421_7577.tar.gz acep report - BEGIN --- 
2017-02-13,23:59:02  --- Process /raw_reports_v2/1487030296.33421_7577.tar.gz acep report - DONE --- 
 --- Process /raw_reports_v2/1487030296.33421_7577.tar.gz acep report - DONE --- 
2017-02-13,23:59:02  --- Process /raw_reports_v2/1487030327.29303_2006.tar.gz acep report - BEGIN --- 
 --- Process /raw_reports_v2/1487030327.29303_2006.tar.gz acep report - BEGIN --- 
2017-02-13,23:59:02  --- Process /raw_reports_v2/1487030327.29303_2006.tar.gz acep report - DONE --- 
 --- Process /raw_reports_v2/1487030327.29303_2006.tar.gz acep report - DONE --- 
2017-02-13,23:59:02  --- Process /raw_reports_v2/1487030298.31608_2887.tar.gz acep report - BEGIN --- 
 --- Process /raw_reports_v2/1487030298.31608_2887.tar.gz acep report - BEGIN --- 
2017-02-13,23:59:02  --- Process /raw_reports_v2/1487030298.31608_2887.tar.gz acep report - DONE --- 
 --- Process /raw_reports_v2/1487030298.31608_2887.tar.gz acep report - DONE --- 
2017-02-13,23:59:02  --- Process /raw_reports_v2/1487030289.73023_3855.tar.gz acep report - BEGIN --- 
 --- Process /raw_reports_v2/1487030289.73023_3855.tar.gz acep report - BEGIN --- 
2017-02-13,23:59:02  --- Process /raw_reports_v2/1487030289.73023_3855.tar.gz acep report - DONE --- 
 --- Process /raw_reports_v2/1487030289.73023_3855.tar.gz acep report - DONE --- 
