 --- Process /raw_reports_v2/1525825109.24042_7539.tar.gz acep report - BEGIN --- 
 --- Process /raw_reports_v2/1525825109.24042_7539.tar.gz acep report - DONE --- 
 --- Process /raw_reports_v2/1525825082.47714_1090.tar.gz acep report - BEGIN --- 
 --- Process /raw_reports_v2/1525825082.47714_1090.tar.gz acep report - DONE --- 
 --- Process /raw_reports_v2/1525825134.03311_6506.tar.gz acep report - BEGIN --- 
 --- Process /raw_reports_v2/1525825134.03311_6506.tar.gz acep report - DONE --- 
 --- Process /raw_reports_v2/1525825097.30971_7857.tar.gz acep report - BEGIN --- 
 --- Process /raw_reports_v2/1525825097.30971_7857.tar.gz acep report - DONE --- 
 --- Process /raw_reports_v2/1525825123.87019_5388.tar.gz acep report - BEGIN --- 
 --- Process /raw_reports_v2/1525825123.87019_5388.tar.gz acep report - DONE --- 
 --- Process /raw_reports_v2/1525825090.27084_4131.tar.gz acep report - BEGIN --- 
 --- Process /raw_reports_v2/1525825090.27084_4131.tar.gz acep report - DONE --- 
 --- Process /raw_reports_v2/1525825135.88928_9488.tar.gz acep report - BEGIN --- 
 --- Process /raw_reports_v2/1525825135.88928_9488.tar.gz acep report - DONE --- 
 --- Process /raw_reports_v2/1525825110.51479_2520.tar.gz acep report - BEGIN --- 
 --- Process /raw_reports_v2/1525825110.51479_2520.tar.gz acep report - DONE --- 
 --- Process /raw_reports_v2/1525825131.95869_210.tar.gz acep report - BEGIN --- 
 --- Process /raw_reports_v2/1525825131.95869_210.tar.gz acep report - DONE --- 
 --- Process /raw_reports_v2/1525825117.17839_4992.tar.gz acep report - BEGIN --- 
 --- Process /raw_reports_v2/1525825117.17839_4992.tar.gz acep report - DONE --- 
 --- Process /raw_reports_v2/1525825128.19938_8620.tar.gz acep report - BEGIN --- 
 --- Process /raw_reports_v2/1525825128.19938_8620.tar.gz acep report - DONE --- 
 --- Process /raw_reports_v2/1525825102.05075_5867.tar.gz acep report - BEGIN --- 
 --- Process /raw_reports_v2/1525825102.05075_5867.tar.gz acep report - DONE --- 
 --- Process /raw_reports_v2/1525825083.39395_4417.tar.gz acep report - BEGIN --- 
 --- Process /raw_reports_v2/1525825083.39395_4417.tar.gz acep report - DONE --- 
 --- Process /raw_reports_v2/1525825097.11204_4553.tar.gz acep report - BEGIN --- 
 --- Process /raw_reports_v2/1525825097.11204_4553.tar.gz acep report - DONE --- 
 --- Process /raw_reports_v2/1525825098.91125_2024.tar.gz acep report - BEGIN --- 
 --- Process /raw_reports_v2/1525825098.91125_2024.tar.gz acep report - DONE --- 
 --- Process /raw_reports_v2/1525825136.41435_2650.tar.gz acep report - BEGIN --- 
 --- Process /raw_reports_v2/1525825136.41435_2650.tar.gz acep report - DONE --- 
 --- Process /raw_reports_v2/1525825111.26232_1388.tar.gz acep report - BEGIN --- 
 --- Process /raw_reports_v2/1525825111.26232_1388.tar.gz acep report - DONE --- 
 --- Process /raw_reports_v2/1525825085.69591_1204.tar.gz acep report - BEGIN --- 
 --- Process /raw_reports_v2/1525825085.69591_1204.tar.gz acep report - DONE --- 
 --- Process /raw_reports_v2/1525825129.49085_8343.tar.gz acep report - BEGIN --- 
 --- Process /raw_reports_v2/1525825129.49085_8343.tar.gz acep report - DONE --- 
 --- Process /raw_reports_v2/1525825108.99829_8258.tar.gz acep report - BEGIN --- 
 --- Process /raw_reports_v2/1525825108.99829_8258.tar.gz acep report - DONE --- 
 --- Process /raw_reports_v2/1525825103.06822_1064.tar.gz acep report - BEGIN --- 
 --- Process /raw_reports_v2/1525825103.06822_1064.tar.gz acep report - DONE --- 
 --- Process /raw_reports_v2/1525825116.65035_1500.tar.gz acep report - BEGIN --- 
 --- Process /raw_reports_v2/1525825116.65035_1500.tar.gz acep report - DONE --- 
 --- Process /raw_reports_v2/1525825139.63404_9785.tar.gz acep report - BEGIN --- 
 --- Process /raw_reports_v2/1525825139.63404_9785.tar.gz acep report - DONE --- 
 --- Process /raw_reports_v2/1525825117.11426_2720.tar.gz acep report - BEGIN --- 
 --- Process /raw_reports_v2/1525825117.11426_2720.tar.gz acep report - DONE --- 
 --- Process /raw_reports_v2/1525825103.4647_3469.tar.gz acep report - BEGIN --- 
 --- Process /raw_reports_v2/1525825103.4647_3469.tar.gz acep report - DONE --- 
 --- Process /raw_reports_v2/1525825127.16507_2336.tar.gz acep report - BEGIN --- 
 --- Process /raw_reports_v2/1525825127.16507_2336.tar.gz acep report - DONE --- 
 --- Process /raw_reports_v2/1525825105.06605_3901.tar.gz acep report - BEGIN --- 
 --- Process /raw_reports_v2/1525825105.06605_3901.tar.gz acep report - DONE --- 
 --- Process /raw_reports_v2/1525825106.59647_1035.tar.gz acep report - BEGIN --- 
 --- Process /raw_reports_v2/1525825106.59647_1035.tar.gz acep report - DONE --- 
 --- Process /raw_reports_v2/1525825120.87688_7927.tar.gz acep report - BEGIN --- 
 --- Process /raw_reports_v2/1525825120.87688_7927.tar.gz acep report - DONE --- 
 --- Process /raw_reports_v2/1525825118.5313_1189.tar.gz acep report - BEGIN --- 
 --- Process /raw_reports_v2/1525825118.5313_1189.tar.gz acep report - DONE --- 
2018-05-09,00:20:01  --- Process /raw_reports_v2/1525825141.9956_151.tar.gz acep report - BEGIN --- 
 --- Process /raw_reports_v2/1525825141.9956_151.tar.gz acep report - BEGIN --- 
2018-05-09,00:20:01  --- Process /raw_reports_v2/1525825141.9956_151.tar.gz acep report - DONE --- 
 --- Process /raw_reports_v2/1525825141.9956_151.tar.gz acep report - DONE --- 
2018-05-09,00:20:01  --- Process /raw_reports_v2/1525825192.37267_5310.tar.gz acep report - BEGIN --- 
 --- Process /raw_reports_v2/1525825192.37267_5310.tar.gz acep report - BEGIN --- 
2018-05-09,00:20:01  --- Process /raw_reports_v2/1525825192.37267_5310.tar.gz acep report - DONE --- 
 --- Process /raw_reports_v2/1525825192.37267_5310.tar.gz acep report - DONE --- 
2018-05-09,00:20:01  --- Process /raw_reports_v2/1525825155.78506_3.tar.gz acep report - BEGIN --- 
 --- Process /raw_reports_v2/1525825155.78506_3.tar.gz acep report - BEGIN --- 
2018-05-09,00:20:01  --- Process /raw_reports_v2/1525825155.78506_3.tar.gz acep report - DONE --- 
 --- Process /raw_reports_v2/1525825155.78506_3.tar.gz acep report - DONE --- 
2018-05-09,00:20:01  --- Process /raw_reports_v2/1525825151.2924_4531.tar.gz acep report - BEGIN --- 
 --- Process /raw_reports_v2/1525825151.2924_4531.tar.gz acep report - BEGIN --- 
2018-05-09,00:20:01  --- Process /raw_reports_v2/1525825151.2924_4531.tar.gz acep report - DONE --- 
 --- Process /raw_reports_v2/1525825151.2924_4531.tar.gz acep report - DONE --- 
2018-05-09,00:20:01  --- Process /raw_reports_v2/1525825194.73882_567.tar.gz acep report - BEGIN --- 
 --- Process /raw_reports_v2/1525825194.73882_567.tar.gz acep report - BEGIN --- 
2018-05-09,00:20:01  --- Process /raw_reports_v2/1525825194.73882_567.tar.gz acep report - DONE --- 
 --- Process /raw_reports_v2/1525825194.73882_567.tar.gz acep report - DONE --- 
2018-05-09,00:20:01  --- Process /raw_reports_v2/1525825178.65092_2067.tar.gz acep report - BEGIN --- 
 --- Process /raw_reports_v2/1525825178.65092_2067.tar.gz acep report - BEGIN --- 
2018-05-09,00:20:02  --- Process /raw_reports_v2/1525825178.65092_2067.tar.gz acep report - DONE --- 
 --- Process /raw_reports_v2/1525825178.65092_2067.tar.gz acep report - DONE --- 
2018-05-09,00:20:02  --- Process /raw_reports_v2/1525825159.71343_6794.tar.gz acep report - BEGIN --- 
 --- Process /raw_reports_v2/1525825159.71343_6794.tar.gz acep report - BEGIN --- 
2018-05-09,00:20:02  --- Process /raw_reports_v2/1525825159.71343_6794.tar.gz acep report - DONE --- 
 --- Process /raw_reports_v2/1525825159.71343_6794.tar.gz acep report - DONE --- 
2018-05-09,00:20:02  --- Process /raw_reports_v2/1525825171.05818_9946.tar.gz acep report - BEGIN --- 
 --- Process /raw_reports_v2/1525825171.05818_9946.tar.gz acep report - BEGIN --- 
2018-05-09,00:20:02  --- Process /raw_reports_v2/1525825171.05818_9946.tar.gz acep report - DONE --- 
 --- Process /raw_reports_v2/1525825171.05818_9946.tar.gz acep report - DONE --- 
2018-05-09,00:20:02  --- Process /raw_reports_v2/1525825170.43027_7876.tar.gz acep report - BEGIN --- 
 --- Process /raw_reports_v2/1525825170.43027_7876.tar.gz acep report - BEGIN --- 
2018-05-09,00:20:02  --- Process /raw_reports_v2/1525825170.43027_7876.tar.gz acep report - DONE --- 
 --- Process /raw_reports_v2/1525825170.43027_7876.tar.gz acep report - DONE --- 
2018-05-09,00:20:02  --- Process /raw_reports_v2/1525825193.091_306.tar.gz acep report - BEGIN --- 
 --- Process /raw_reports_v2/1525825193.091_306.tar.gz acep report - BEGIN --- 
2018-05-09,00:20:02  --- Process /raw_reports_v2/1525825193.091_306.tar.gz acep report - DONE --- 
 --- Process /raw_reports_v2/1525825193.091_306.tar.gz acep report - DONE --- 
2018-05-09,00:20:02  --- Process /raw_reports_v2/1525825171.21591_975.tar.gz acep report - BEGIN --- 
 --- Process /raw_reports_v2/1525825171.21591_975.tar.gz acep report - BEGIN --- 
2018-05-09,00:20:02  --- Process /raw_reports_v2/1525825171.21591_975.tar.gz acep report - DONE --- 
 --- Process /raw_reports_v2/1525825171.21591_975.tar.gz acep report - DONE --- 
2018-05-09,00:20:02  --- Process /raw_reports_v2/1525825188.03173_8183.tar.gz acep report - BEGIN --- 
 --- Process /raw_reports_v2/1525825188.03173_8183.tar.gz acep report - BEGIN --- 
2018-05-09,00:20:02  --- Process /raw_reports_v2/1525825188.03173_8183.tar.gz acep report - DONE --- 
 --- Process /raw_reports_v2/1525825188.03173_8183.tar.gz acep report - DONE --- 
2018-05-09,00:20:02  --- Process /raw_reports_v2/1525825159.19956_6298.tar.gz acep report - BEGIN --- 
 --- Process /raw_reports_v2/1525825159.19956_6298.tar.gz acep report - BEGIN --- 
2018-05-09,00:20:02  --- Process /raw_reports_v2/1525825159.19956_6298.tar.gz acep report - DONE --- 
 --- Process /raw_reports_v2/1525825159.19956_6298.tar.gz acep report - DONE --- 
2018-05-09,00:20:02  --- Process /raw_reports_v2/1525825198.88438_7573.tar.gz acep report - BEGIN --- 
 --- Process /raw_reports_v2/1525825198.88438_7573.tar.gz acep report - BEGIN --- 
2018-05-09,00:20:02  --- Process /raw_reports_v2/1525825198.88438_7573.tar.gz acep report - DONE --- 
 --- Process /raw_reports_v2/1525825198.88438_7573.tar.gz acep report - DONE --- 
2018-05-09,00:20:02  --- Process /raw_reports_v2/1525825188.26989_5631.tar.gz acep report - BEGIN --- 
 --- Process /raw_reports_v2/1525825188.26989_5631.tar.gz acep report - BEGIN --- 
2018-05-09,00:20:02  --- Process /raw_reports_v2/1525825188.26989_5631.tar.gz acep report - DONE --- 
 --- Process /raw_reports_v2/1525825188.26989_5631.tar.gz acep report - DONE --- 
2018-05-09,00:20:02  --- Process /raw_reports_v2/1525825144.21193_4801.tar.gz acep report - BEGIN --- 
 --- Process /raw_reports_v2/1525825144.21193_4801.tar.gz acep report - BEGIN --- 
2018-05-09,00:20:02  --- Process /raw_reports_v2/1525825144.21193_4801.tar.gz acep report - DONE --- 
 --- Process /raw_reports_v2/1525825144.21193_4801.tar.gz acep report - DONE --- 
2018-05-09,00:20:02  --- Process /raw_reports_v2/1525825142.18295_8537.tar.gz acep report - BEGIN --- 
 --- Process /raw_reports_v2/1525825142.18295_8537.tar.gz acep report - BEGIN --- 
2018-05-09,00:20:02  --- Process /raw_reports_v2/1525825142.18295_8537.tar.gz acep report - DONE --- 
 --- Process /raw_reports_v2/1525825142.18295_8537.tar.gz acep report - DONE --- 
2018-05-09,00:20:02  --- Process /raw_reports_v2/1525825198.89559_9080.tar.gz acep report - BEGIN --- 
 --- Process /raw_reports_v2/1525825198.89559_9080.tar.gz acep report - BEGIN --- 
2018-05-09,00:20:02  --- Process /raw_reports_v2/1525825198.89559_9080.tar.gz acep report - DONE --- 
 --- Process /raw_reports_v2/1525825198.89559_9080.tar.gz acep report - DONE --- 
2018-05-09,00:20:02  --- Process /raw_reports_v2/1525825177.42806_2546.tar.gz acep report - BEGIN --- 
 --- Process /raw_reports_v2/1525825177.42806_2546.tar.gz acep report - BEGIN --- 
2018-05-09,00:20:02  --- Process /raw_reports_v2/1525825177.42806_2546.tar.gz acep report - DONE --- 
 --- Process /raw_reports_v2/1525825177.42806_2546.tar.gz acep report - DONE --- 
2018-05-09,00:20:02  --- Process /raw_reports_v2/1525825168.01287_7333.tar.gz acep report - BEGIN --- 
 --- Process /raw_reports_v2/1525825168.01287_7333.tar.gz acep report - BEGIN --- 
2018-05-09,00:20:02  --- Process /raw_reports_v2/1525825168.01287_7333.tar.gz acep report - DONE --- 
 --- Process /raw_reports_v2/1525825168.01287_7333.tar.gz acep report - DONE --- 
2018-05-09,00:20:02  --- Process /raw_reports_v2/1525825173.89326_9896.tar.gz acep report - BEGIN --- 
 --- Process /raw_reports_v2/1525825173.89326_9896.tar.gz acep report - BEGIN --- 
2018-05-09,00:20:02  --- Process /raw_reports_v2/1525825173.89326_9896.tar.gz acep report - DONE --- 
 --- Process /raw_reports_v2/1525825173.89326_9896.tar.gz acep report - DONE --- 
2018-05-09,00:20:02  --- Process /raw_reports_v2/1525825189.45768_1064.tar.gz acep report - BEGIN --- 
 --- Process /raw_reports_v2/1525825189.45768_1064.tar.gz acep report - BEGIN --- 
2018-05-09,00:20:02  --- Process /raw_reports_v2/1525825189.45768_1064.tar.gz acep report - DONE --- 
 --- Process /raw_reports_v2/1525825189.45768_1064.tar.gz acep report - DONE --- 
2018-05-09,00:20:02  --- Process /raw_reports_v2/1525825146.09431_2281.tar.gz acep report - BEGIN --- 
 --- Process /raw_reports_v2/1525825146.09431_2281.tar.gz acep report - BEGIN --- 
2018-05-09,00:20:02  --- Process /raw_reports_v2/1525825146.09431_2281.tar.gz acep report - DONE --- 
 --- Process /raw_reports_v2/1525825146.09431_2281.tar.gz acep report - DONE --- 
2018-05-09,00:20:02  --- Process /raw_reports_v2/1525825169.72169_4993.tar.gz acep report - BEGIN --- 
 --- Process /raw_reports_v2/1525825169.72169_4993.tar.gz acep report - BEGIN --- 
2018-05-09,00:20:02  --- Process /raw_reports_v2/1525825169.72169_4993.tar.gz acep report - DONE --- 
 --- Process /raw_reports_v2/1525825169.72169_4993.tar.gz acep report - DONE --- 
2018-05-09,00:20:02  --- Process /raw_reports_v2/1525825192.27682_8222.tar.gz acep report - BEGIN --- 
 --- Process /raw_reports_v2/1525825192.27682_8222.tar.gz acep report - BEGIN --- 
2018-05-09,00:20:02  --- Process /raw_reports_v2/1525825192.27682_8222.tar.gz acep report - DONE --- 
 --- Process /raw_reports_v2/1525825192.27682_8222.tar.gz acep report - DONE --- 
2018-05-09,00:20:02  --- Process /raw_reports_v2/1525825152.42974_5818.tar.gz acep report - BEGIN --- 
 --- Process /raw_reports_v2/1525825152.42974_5818.tar.gz acep report - BEGIN --- 
2018-05-09,00:20:02  --- Process /raw_reports_v2/1525825152.42974_5818.tar.gz acep report - DONE --- 
 --- Process /raw_reports_v2/1525825152.42974_5818.tar.gz acep report - DONE --- 
2018-05-09,00:21:01  --- Process /raw_reports_v2/1525825233.27595_2408.tar.gz acep report - BEGIN --- 
 --- Process /raw_reports_v2/1525825233.27595_2408.tar.gz acep report - BEGIN --- 
2018-05-09,00:21:01  --- Process /raw_reports_v2/1525825233.27595_2408.tar.gz acep report - DONE --- 
 --- Process /raw_reports_v2/1525825233.27595_2408.tar.gz acep report - DONE --- 
2018-05-09,00:21:01  --- Process /raw_reports_v2/1525825212.95783_5783.tar.gz acep report - BEGIN --- 
 --- Process /raw_reports_v2/1525825212.95783_5783.tar.gz acep report - BEGIN --- 
2018-05-09,00:21:01  --- Process /raw_reports_v2/1525825212.95783_5783.tar.gz acep report - DONE --- 
 --- Process /raw_reports_v2/1525825212.95783_5783.tar.gz acep report - DONE --- 
2018-05-09,00:21:01  --- Process /raw_reports_v2/1525825211.50629_2906.tar.gz acep report - BEGIN --- 
 --- Process /raw_reports_v2/1525825211.50629_2906.tar.gz acep report - BEGIN --- 
2018-05-09,00:21:01  --- Process /raw_reports_v2/1525825211.50629_2906.tar.gz acep report - DONE --- 
 --- Process /raw_reports_v2/1525825211.50629_2906.tar.gz acep report - DONE --- 
2018-05-09,00:21:01  --- Process /raw_reports_v2/1525825249.53535_3125.tar.gz acep report - BEGIN --- 
 --- Process /raw_reports_v2/1525825249.53535_3125.tar.gz acep report - BEGIN --- 
2018-05-09,00:21:01  --- Process /raw_reports_v2/1525825249.53535_3125.tar.gz acep report - DONE --- 
 --- Process /raw_reports_v2/1525825249.53535_3125.tar.gz acep report - DONE --- 
2018-05-09,00:21:01  --- Process /raw_reports_v2/1525825228.47535_2099.tar.gz acep report - BEGIN --- 
 --- Process /raw_reports_v2/1525825228.47535_2099.tar.gz acep report - BEGIN --- 
2018-05-09,00:21:01  --- Process /raw_reports_v2/1525825228.47535_2099.tar.gz acep report - DONE --- 
 --- Process /raw_reports_v2/1525825228.47535_2099.tar.gz acep report - DONE --- 
2018-05-09,00:21:01  --- Process /raw_reports_v2/1525825246.30012_9213.tar.gz acep report - BEGIN --- 
 --- Process /raw_reports_v2/1525825246.30012_9213.tar.gz acep report - BEGIN --- 
2018-05-09,00:21:01  --- Process /raw_reports_v2/1525825246.30012_9213.tar.gz acep report - DONE --- 
 --- Process /raw_reports_v2/1525825246.30012_9213.tar.gz acep report - DONE --- 
2018-05-09,00:21:01  --- Process /raw_reports_v2/1525825209.34306_2366.tar.gz acep report - BEGIN --- 
 --- Process /raw_reports_v2/1525825209.34306_2366.tar.gz acep report - BEGIN --- 
2018-05-09,00:21:01  --- Process /raw_reports_v2/1525825209.34306_2366.tar.gz acep report - DONE --- 
 --- Process /raw_reports_v2/1525825209.34306_2366.tar.gz acep report - DONE --- 
2018-05-09,00:21:01  --- Process /raw_reports_v2/1525825204.46039_6807.tar.gz acep report - BEGIN --- 
 --- Process /raw_reports_v2/1525825204.46039_6807.tar.gz acep report - BEGIN --- 
2018-05-09,00:21:01  --- Process /raw_reports_v2/1525825204.46039_6807.tar.gz acep report - DONE --- 
 --- Process /raw_reports_v2/1525825204.46039_6807.tar.gz acep report - DONE --- 
2018-05-09,00:21:01  --- Process /raw_reports_v2/1525825260.41108_2590.tar.gz acep report - BEGIN --- 
 --- Process /raw_reports_v2/1525825260.41108_2590.tar.gz acep report - BEGIN --- 
2018-05-09,00:21:01  --- Process /raw_reports_v2/1525825260.41108_2590.tar.gz acep report - DONE --- 
 --- Process /raw_reports_v2/1525825260.41108_2590.tar.gz acep report - DONE --- 
2018-05-09,00:21:01  --- Process /raw_reports_v2/1525825240.6883_5723.tar.gz acep report - BEGIN --- 
 --- Process /raw_reports_v2/1525825240.6883_5723.tar.gz acep report - BEGIN --- 
2018-05-09,00:21:01  --- Process /raw_reports_v2/1525825240.6883_5723.tar.gz acep report - DONE --- 
 --- Process /raw_reports_v2/1525825240.6883_5723.tar.gz acep report - DONE --- 
2018-05-09,00:21:01  --- Process /raw_reports_v2/1525825209.26767_5414.tar.gz acep report - BEGIN --- 
 --- Process /raw_reports_v2/1525825209.26767_5414.tar.gz acep report - BEGIN --- 
2018-05-09,00:21:01  --- Process /raw_reports_v2/1525825209.26767_5414.tar.gz acep report - DONE --- 
 --- Process /raw_reports_v2/1525825209.26767_5414.tar.gz acep report - DONE --- 
2018-05-09,00:21:01  --- Process /raw_reports_v2/1525825219.74122_9576.tar.gz acep report - BEGIN --- 
 --- Process /raw_reports_v2/1525825219.74122_9576.tar.gz acep report - BEGIN --- 
2018-05-09,00:21:01  --- Process /raw_reports_v2/1525825219.74122_9576.tar.gz acep report - DONE --- 
 --- Process /raw_reports_v2/1525825219.74122_9576.tar.gz acep report - DONE --- 
2018-05-09,00:21:01  --- Process /raw_reports_v2/1525825240.21318_9168.tar.gz acep report - BEGIN --- 
 --- Process /raw_reports_v2/1525825240.21318_9168.tar.gz acep report - BEGIN --- 
2018-05-09,00:21:01  --- Process /raw_reports_v2/1525825240.21318_9168.tar.gz acep report - DONE --- 
 --- Process /raw_reports_v2/1525825240.21318_9168.tar.gz acep report - DONE --- 
2018-05-09,00:21:01  --- Process /raw_reports_v2/1525825257.83736_5340.tar.gz acep report - BEGIN --- 
 --- Process /raw_reports_v2/1525825257.83736_5340.tar.gz acep report - BEGIN --- 
2018-05-09,00:21:01  --- Process /raw_reports_v2/1525825257.83736_5340.tar.gz acep report - DONE --- 
 --- Process /raw_reports_v2/1525825257.83736_5340.tar.gz acep report - DONE --- 
2018-05-09,00:21:01  --- Process /raw_reports_v2/1525825214.23164_8229.tar.gz acep report - BEGIN --- 
 --- Process /raw_reports_v2/1525825214.23164_8229.tar.gz acep report - BEGIN --- 
2018-05-09,00:21:01  --- Process /raw_reports_v2/1525825214.23164_8229.tar.gz acep report - DONE --- 
 --- Process /raw_reports_v2/1525825214.23164_8229.tar.gz acep report - DONE --- 
2018-05-09,00:21:01  --- Process /raw_reports_v2/1525825253.47743_9743.tar.gz acep report - BEGIN --- 
 --- Process /raw_reports_v2/1525825253.47743_9743.tar.gz acep report - BEGIN --- 
2018-05-09,00:21:01  --- Process /raw_reports_v2/1525825253.47743_9743.tar.gz acep report - DONE --- 
 --- Process /raw_reports_v2/1525825253.47743_9743.tar.gz acep report - DONE --- 
2018-05-09,00:21:01  --- Process /raw_reports_v2/1525825206.7976_5085.tar.gz acep report - BEGIN --- 
 --- Process /raw_reports_v2/1525825206.7976_5085.tar.gz acep report - BEGIN --- 
2018-05-09,00:21:02  --- Process /raw_reports_v2/1525825206.7976_5085.tar.gz acep report - DONE --- 
 --- Process /raw_reports_v2/1525825206.7976_5085.tar.gz acep report - DONE --- 
2018-05-09,00:21:02  --- Process /raw_reports_v2/1525825207.28938_3907.tar.gz acep report - BEGIN --- 
 --- Process /raw_reports_v2/1525825207.28938_3907.tar.gz acep report - BEGIN --- 
2018-05-09,00:21:02  --- Process /raw_reports_v2/1525825207.28938_3907.tar.gz acep report - DONE --- 
 --- Process /raw_reports_v2/1525825207.28938_3907.tar.gz acep report - DONE --- 
2018-05-09,00:21:02  --- Process /raw_reports_v2/1525825226.43509_5643.tar.gz acep report - BEGIN --- 
 --- Process /raw_reports_v2/1525825226.43509_5643.tar.gz acep report - BEGIN --- 
2018-05-09,00:21:02  --- Process /raw_reports_v2/1525825226.43509_5643.tar.gz acep report - DONE --- 
 --- Process /raw_reports_v2/1525825226.43509_5643.tar.gz acep report - DONE --- 
2018-05-09,00:21:02  --- Process /raw_reports_v2/1525825259.03572_4735.tar.gz acep report - BEGIN --- 
 --- Process /raw_reports_v2/1525825259.03572_4735.tar.gz acep report - BEGIN --- 
2018-05-09,00:21:02  --- Process /raw_reports_v2/1525825259.03572_4735.tar.gz acep report - DONE --- 
 --- Process /raw_reports_v2/1525825259.03572_4735.tar.gz acep report - DONE --- 
2018-05-09,00:21:02  --- Process /raw_reports_v2/1525825253.7659_3834.tar.gz acep report - BEGIN --- 
 --- Process /raw_reports_v2/1525825253.7659_3834.tar.gz acep report - BEGIN --- 
2018-05-09,00:21:02  --- Process /raw_reports_v2/1525825253.7659_3834.tar.gz acep report - DONE --- 
 --- Process /raw_reports_v2/1525825253.7659_3834.tar.gz acep report - DONE --- 
2018-05-09,00:21:02  --- Process /raw_reports_v2/1525825240.80275_4474.tar.gz acep report - BEGIN --- 
 --- Process /raw_reports_v2/1525825240.80275_4474.tar.gz acep report - BEGIN --- 
2018-05-09,00:21:02  --- Process /raw_reports_v2/1525825240.80275_4474.tar.gz acep report - DONE --- 
 --- Process /raw_reports_v2/1525825240.80275_4474.tar.gz acep report - DONE --- 
2018-05-09,00:21:02  --- Process /raw_reports_v2/1525825219.91838_2241.tar.gz acep report - BEGIN --- 
 --- Process /raw_reports_v2/1525825219.91838_2241.tar.gz acep report - BEGIN --- 
2018-05-09,00:21:02  --- Process /raw_reports_v2/1525825219.91838_2241.tar.gz acep report - DONE --- 
 --- Process /raw_reports_v2/1525825219.91838_2241.tar.gz acep report - DONE --- 
2018-05-09,00:22:01  --- Process /raw_reports_v2/1525825310.61101_3206.tar.gz acep report - BEGIN --- 
 --- Process /raw_reports_v2/1525825310.61101_3206.tar.gz acep report - BEGIN --- 
2018-05-09,00:22:01  --- Process /raw_reports_v2/1525825310.61101_3206.tar.gz acep report - DONE --- 
 --- Process /raw_reports_v2/1525825310.61101_3206.tar.gz acep report - DONE --- 
2018-05-09,00:22:01  --- Process /raw_reports_v2/1525825286.66693_1488.tar.gz acep report - BEGIN --- 
 --- Process /raw_reports_v2/1525825286.66693_1488.tar.gz acep report - BEGIN --- 
2018-05-09,00:22:01  --- Process /raw_reports_v2/1525825286.66693_1488.tar.gz acep report - DONE --- 
 --- Process /raw_reports_v2/1525825286.66693_1488.tar.gz acep report - DONE --- 
2018-05-09,00:22:01  --- Process /raw_reports_v2/1525825274.60393_9514.tar.gz acep report - BEGIN --- 
 --- Process /raw_reports_v2/1525825274.60393_9514.tar.gz acep report - BEGIN --- 
2018-05-09,00:22:01  --- Process /raw_reports_v2/1525825274.60393_9514.tar.gz acep report - DONE --- 
 --- Process /raw_reports_v2/1525825274.60393_9514.tar.gz acep report - DONE --- 
2018-05-09,00:22:01  --- Process /raw_reports_v2/1525825281.60022_2822.tar.gz acep report - BEGIN --- 
 --- Process /raw_reports_v2/1525825281.60022_2822.tar.gz acep report - BEGIN --- 
2018-05-09,00:22:01  --- Process /raw_reports_v2/1525825281.60022_2822.tar.gz acep report - DONE --- 
 --- Process /raw_reports_v2/1525825281.60022_2822.tar.gz acep report - DONE --- 
2018-05-09,00:22:01  --- Process /raw_reports_v2/1525825273.52752_3948.tar.gz acep report - BEGIN --- 
 --- Process /raw_reports_v2/1525825273.52752_3948.tar.gz acep report - BEGIN --- 
2018-05-09,00:22:01  --- Process /raw_reports_v2/1525825273.52752_3948.tar.gz acep report - DONE --- 
 --- Process /raw_reports_v2/1525825273.52752_3948.tar.gz acep report - DONE --- 
2018-05-09,00:22:01  --- Process /raw_reports_v2/1525825309.85393_8208.tar.gz acep report - BEGIN --- 
 --- Process /raw_reports_v2/1525825309.85393_8208.tar.gz acep report - BEGIN --- 
2018-05-09,00:22:01  --- Process /raw_reports_v2/1525825309.85393_8208.tar.gz acep report - DONE --- 
 --- Process /raw_reports_v2/1525825309.85393_8208.tar.gz acep report - DONE --- 
2018-05-09,00:22:01  --- Process /raw_reports_v2/1525825298.93483_3148.tar.gz acep report - BEGIN --- 
 --- Process /raw_reports_v2/1525825298.93483_3148.tar.gz acep report - BEGIN --- 
2018-05-09,00:22:01  --- Process /raw_reports_v2/1525825298.93483_3148.tar.gz acep report - DONE --- 
 --- Process /raw_reports_v2/1525825298.93483_3148.tar.gz acep report - DONE --- 
2018-05-09,00:22:01  --- Process /raw_reports_v2/1525825315.73497_8269.tar.gz acep report - BEGIN --- 
 --- Process /raw_reports_v2/1525825315.73497_8269.tar.gz acep report - BEGIN --- 
2018-05-09,00:22:01  --- Process /raw_reports_v2/1525825315.73497_8269.tar.gz acep report - DONE --- 
 --- Process /raw_reports_v2/1525825315.73497_8269.tar.gz acep report - DONE --- 
2018-05-09,00:22:01  --- Process /raw_reports_v2/1525825295.59079_1816.tar.gz acep report - BEGIN --- 
 --- Process /raw_reports_v2/1525825295.59079_1816.tar.gz acep report - BEGIN --- 
2018-05-09,00:22:01  --- Process /raw_reports_v2/1525825295.59079_1816.tar.gz acep report - DONE --- 
 --- Process /raw_reports_v2/1525825295.59079_1816.tar.gz acep report - DONE --- 
2018-05-09,00:22:01  --- Process /raw_reports_v2/1525825279.42894_8721.tar.gz acep report - BEGIN --- 
 --- Process /raw_reports_v2/1525825279.42894_8721.tar.gz acep report - BEGIN --- 
2018-05-09,00:22:01  --- Process /raw_reports_v2/1525825279.42894_8721.tar.gz acep report - DONE --- 
 --- Process /raw_reports_v2/1525825279.42894_8721.tar.gz acep report - DONE --- 
2018-05-09,00:22:01  --- Process /raw_reports_v2/1525825314.34808_15.tar.gz acep report - BEGIN --- 
 --- Process /raw_reports_v2/1525825314.34808_15.tar.gz acep report - BEGIN --- 
2018-05-09,00:22:01  --- Process /raw_reports_v2/1525825314.34808_15.tar.gz acep report - DONE --- 
 --- Process /raw_reports_v2/1525825314.34808_15.tar.gz acep report - DONE --- 
2018-05-09,00:22:01  --- Process /raw_reports_v2/1525825270.26213_2910.tar.gz acep report - BEGIN --- 
 --- Process /raw_reports_v2/1525825270.26213_2910.tar.gz acep report - BEGIN --- 
2018-05-09,00:22:01  --- Process /raw_reports_v2/1525825270.26213_2910.tar.gz acep report - DONE --- 
 --- Process /raw_reports_v2/1525825270.26213_2910.tar.gz acep report - DONE --- 
2018-05-09,00:22:01  --- Process /raw_reports_v2/1525825284.34881_2811.tar.gz acep report - BEGIN --- 
 --- Process /raw_reports_v2/1525825284.34881_2811.tar.gz acep report - BEGIN --- 
2018-05-09,00:22:01  --- Process /raw_reports_v2/1525825284.34881_2811.tar.gz acep report - DONE --- 
 --- Process /raw_reports_v2/1525825284.34881_2811.tar.gz acep report - DONE --- 
2018-05-09,00:22:01  --- Process /raw_reports_v2/1525825283.09969_4387.tar.gz acep report - BEGIN --- 
 --- Process /raw_reports_v2/1525825283.09969_4387.tar.gz acep report - BEGIN --- 
2018-05-09,00:22:01  --- Process /raw_reports_v2/1525825283.09969_4387.tar.gz acep report - DONE --- 
 --- Process /raw_reports_v2/1525825283.09969_4387.tar.gz acep report - DONE --- 
2018-05-09,00:22:01  --- Process /raw_reports_v2/1525825319.62684_8082.tar.gz acep report - BEGIN --- 
 --- Process /raw_reports_v2/1525825319.62684_8082.tar.gz acep report - BEGIN --- 
2018-05-09,00:22:01  --- Process /raw_reports_v2/1525825319.62684_8082.tar.gz acep report - DONE --- 
 --- Process /raw_reports_v2/1525825319.62684_8082.tar.gz acep report - DONE --- 
2018-05-09,00:22:01  --- Process /raw_reports_v2/1525825296.70004_3616.tar.gz acep report - BEGIN --- 
 --- Process /raw_reports_v2/1525825296.70004_3616.tar.gz acep report - BEGIN --- 
2018-05-09,00:22:01  --- Process /raw_reports_v2/1525825296.70004_3616.tar.gz acep report - DONE --- 
 --- Process /raw_reports_v2/1525825296.70004_3616.tar.gz acep report - DONE --- 
2018-05-09,00:22:01  --- Process /raw_reports_v2/1525825293.70724_7804.tar.gz acep report - BEGIN --- 
 --- Process /raw_reports_v2/1525825293.70724_7804.tar.gz acep report - BEGIN --- 
2018-05-09,00:22:01  --- Process /raw_reports_v2/1525825293.70724_7804.tar.gz acep report - DONE --- 
 --- Process /raw_reports_v2/1525825293.70724_7804.tar.gz acep report - DONE --- 
2018-05-09,00:22:01  --- Process /raw_reports_v2/1525825266.24031_9285.tar.gz acep report - BEGIN --- 
 --- Process /raw_reports_v2/1525825266.24031_9285.tar.gz acep report - BEGIN --- 
2018-05-09,00:22:01  --- Process /raw_reports_v2/1525825266.24031_9285.tar.gz acep report - DONE --- 
 --- Process /raw_reports_v2/1525825266.24031_9285.tar.gz acep report - DONE --- 
2018-05-09,00:22:01  --- Process /raw_reports_v2/1525825273.07143_2949.tar.gz acep report - BEGIN --- 
 --- Process /raw_reports_v2/1525825273.07143_2949.tar.gz acep report - BEGIN --- 
2018-05-09,00:22:01  --- Process /raw_reports_v2/1525825273.07143_2949.tar.gz acep report - DONE --- 
 --- Process /raw_reports_v2/1525825273.07143_2949.tar.gz acep report - DONE --- 
2018-05-09,00:22:01  --- Process /raw_reports_v2/1525825282.00105_5746.tar.gz acep report - BEGIN --- 
 --- Process /raw_reports_v2/1525825282.00105_5746.tar.gz acep report - BEGIN --- 
2018-05-09,00:22:01  --- Process /raw_reports_v2/1525825282.00105_5746.tar.gz acep report - DONE --- 
 --- Process /raw_reports_v2/1525825282.00105_5746.tar.gz acep report - DONE --- 
2018-05-09,00:22:01  --- Process /raw_reports_v2/1525825287.10725_6673.tar.gz acep report - BEGIN --- 
 --- Process /raw_reports_v2/1525825287.10725_6673.tar.gz acep report - BEGIN --- 
2018-05-09,00:22:01  --- Process /raw_reports_v2/1525825287.10725_6673.tar.gz acep report - DONE --- 
 --- Process /raw_reports_v2/1525825287.10725_6673.tar.gz acep report - DONE --- 
2018-05-09,00:22:01  --- Process /raw_reports_v2/1525825288.86143_329.tar.gz acep report - BEGIN --- 
 --- Process /raw_reports_v2/1525825288.86143_329.tar.gz acep report - BEGIN --- 
2018-05-09,00:22:01  --- Process /raw_reports_v2/1525825288.86143_329.tar.gz acep report - DONE --- 
 --- Process /raw_reports_v2/1525825288.86143_329.tar.gz acep report - DONE --- 
2018-05-09,00:22:01  --- Process /raw_reports_v2/1525825302.65847_1844.tar.gz acep report - BEGIN --- 
 --- Process /raw_reports_v2/1525825302.65847_1844.tar.gz acep report - BEGIN --- 
2018-05-09,00:22:01  --- Process /raw_reports_v2/1525825302.65847_1844.tar.gz acep report - DONE --- 
 --- Process /raw_reports_v2/1525825302.65847_1844.tar.gz acep report - DONE --- 
2018-05-09,00:22:01  --- Process /raw_reports_v2/1525825294.97799_4963.tar.gz acep report - BEGIN --- 
 --- Process /raw_reports_v2/1525825294.97799_4963.tar.gz acep report - BEGIN --- 
2018-05-09,00:22:01  --- Process /raw_reports_v2/1525825294.97799_4963.tar.gz acep report - DONE --- 
 --- Process /raw_reports_v2/1525825294.97799_4963.tar.gz acep report - DONE --- 
2018-05-09,00:22:01  --- Process /raw_reports_v2/1525825289.48879_6166.tar.gz acep report - BEGIN --- 
 --- Process /raw_reports_v2/1525825289.48879_6166.tar.gz acep report - BEGIN --- 
2018-05-09,00:22:01  --- Process /raw_reports_v2/1525825289.48879_6166.tar.gz acep report - DONE --- 
 --- Process /raw_reports_v2/1525825289.48879_6166.tar.gz acep report - DONE --- 
2018-05-09,00:22:01  --- Process /raw_reports_v2/1525825267.4819_7672.tar.gz acep report - BEGIN --- 
 --- Process /raw_reports_v2/1525825267.4819_7672.tar.gz acep report - BEGIN --- 
2018-05-09,00:22:01  --- Process /raw_reports_v2/1525825267.4819_7672.tar.gz acep report - DONE --- 
 --- Process /raw_reports_v2/1525825267.4819_7672.tar.gz acep report - DONE --- 
2018-05-09,00:22:01  --- Process /raw_reports_v2/1525825310.72203_3395.tar.gz acep report - BEGIN --- 
 --- Process /raw_reports_v2/1525825310.72203_3395.tar.gz acep report - BEGIN --- 
2018-05-09,00:22:01  --- Process /raw_reports_v2/1525825310.72203_3395.tar.gz acep report - DONE --- 
 --- Process /raw_reports_v2/1525825310.72203_3395.tar.gz acep report - DONE --- 
2018-05-09,00:23:02  --- Process /raw_reports_v2/1525825347.39662_2915.tar.gz acep report - BEGIN --- 
 --- Process /raw_reports_v2/1525825347.39662_2915.tar.gz acep report - BEGIN --- 
2018-05-09,00:23:02  --- Process /raw_reports_v2/1525825347.39662_2915.tar.gz acep report - DONE --- 
 --- Process /raw_reports_v2/1525825347.39662_2915.tar.gz acep report - DONE --- 
2018-05-09,00:23:02  --- Process /raw_reports_v2/1525825361.03615_2459.tar.gz acep report - BEGIN --- 
 --- Process /raw_reports_v2/1525825361.03615_2459.tar.gz acep report - BEGIN --- 
2018-05-09,00:23:02  --- Process /raw_reports_v2/1525825361.03615_2459.tar.gz acep report - DONE --- 
 --- Process /raw_reports_v2/1525825361.03615_2459.tar.gz acep report - DONE --- 
2018-05-09,00:23:02  --- Process /raw_reports_v2/1525825329.78129_2238.tar.gz acep report - BEGIN --- 
 --- Process /raw_reports_v2/1525825329.78129_2238.tar.gz acep report - BEGIN --- 
2018-05-09,00:23:02  --- Process /raw_reports_v2/1525825329.78129_2238.tar.gz acep report - DONE --- 
 --- Process /raw_reports_v2/1525825329.78129_2238.tar.gz acep report - DONE --- 
2018-05-09,00:23:02  --- Process /raw_reports_v2/1525825348.8141_6007.tar.gz acep report - BEGIN --- 
 --- Process /raw_reports_v2/1525825348.8141_6007.tar.gz acep report - BEGIN --- 
2018-05-09,00:23:02  --- Process /raw_reports_v2/1525825348.8141_6007.tar.gz acep report - DONE --- 
 --- Process /raw_reports_v2/1525825348.8141_6007.tar.gz acep report - DONE --- 
2018-05-09,00:23:02  --- Process /raw_reports_v2/1525825343.91485_5069.tar.gz acep report - BEGIN --- 
 --- Process /raw_reports_v2/1525825343.91485_5069.tar.gz acep report - BEGIN --- 
2018-05-09,00:23:02  --- Process /raw_reports_v2/1525825343.91485_5069.tar.gz acep report - DONE --- 
 --- Process /raw_reports_v2/1525825343.91485_5069.tar.gz acep report - DONE --- 
2018-05-09,00:23:02  --- Process /raw_reports_v2/1525825322.54057_5737.tar.gz acep report - BEGIN --- 
 --- Process /raw_reports_v2/1525825322.54057_5737.tar.gz acep report - BEGIN --- 
2018-05-09,00:23:02  --- Process /raw_reports_v2/1525825322.54057_5737.tar.gz acep report - DONE --- 
 --- Process /raw_reports_v2/1525825322.54057_5737.tar.gz acep report - DONE --- 
2018-05-09,00:23:02  --- Process /raw_reports_v2/1525825326.99284_3603.tar.gz acep report - BEGIN --- 
 --- Process /raw_reports_v2/1525825326.99284_3603.tar.gz acep report - BEGIN --- 
2018-05-09,00:23:02  --- Process /raw_reports_v2/1525825326.99284_3603.tar.gz acep report - DONE --- 
 --- Process /raw_reports_v2/1525825326.99284_3603.tar.gz acep report - DONE --- 
2018-05-09,00:23:02  --- Process /raw_reports_v2/1525825334.53255_3232.tar.gz acep report - BEGIN --- 
 --- Process /raw_reports_v2/1525825334.53255_3232.tar.gz acep report - BEGIN --- 
2018-05-09,00:23:02  --- Process /raw_reports_v2/1525825334.53255_3232.tar.gz acep report - DONE --- 
 --- Process /raw_reports_v2/1525825334.53255_3232.tar.gz acep report - DONE --- 
2018-05-09,00:23:02  --- Process /raw_reports_v2/1525825326.05834_5746.tar.gz acep report - BEGIN --- 
 --- Process /raw_reports_v2/1525825326.05834_5746.tar.gz acep report - BEGIN --- 
2018-05-09,00:23:02  --- Process /raw_reports_v2/1525825326.05834_5746.tar.gz acep report - DONE --- 
 --- Process /raw_reports_v2/1525825326.05834_5746.tar.gz acep report - DONE --- 
2018-05-09,00:23:02  --- Process /raw_reports_v2/1525825336.0846_2430.tar.gz acep report - BEGIN --- 
 --- Process /raw_reports_v2/1525825336.0846_2430.tar.gz acep report - BEGIN --- 
2018-05-09,00:23:02  --- Process /raw_reports_v2/1525825336.0846_2430.tar.gz acep report - DONE --- 
 --- Process /raw_reports_v2/1525825336.0846_2430.tar.gz acep report - DONE --- 
2018-05-09,00:23:02  --- Process /raw_reports_v2/1525825379.95952_7444.tar.gz acep report - BEGIN --- 
 --- Process /raw_reports_v2/1525825379.95952_7444.tar.gz acep report - BEGIN --- 
2018-05-09,00:23:02  --- Process /raw_reports_v2/1525825379.95952_7444.tar.gz acep report - DONE --- 
 --- Process /raw_reports_v2/1525825379.95952_7444.tar.gz acep report - DONE --- 
2018-05-09,00:23:02  --- Process /raw_reports_v2/1525825347.09831_9312.tar.gz acep report - BEGIN --- 
 --- Process /raw_reports_v2/1525825347.09831_9312.tar.gz acep report - BEGIN --- 
2018-05-09,00:23:02  --- Process /raw_reports_v2/1525825347.09831_9312.tar.gz acep report - DONE --- 
 --- Process /raw_reports_v2/1525825347.09831_9312.tar.gz acep report - DONE --- 
2018-05-09,00:23:02  --- Process /raw_reports_v2/1525825332.92686_9957.tar.gz acep report - BEGIN --- 
 --- Process /raw_reports_v2/1525825332.92686_9957.tar.gz acep report - BEGIN --- 
2018-05-09,00:23:02  --- Process /raw_reports_v2/1525825332.92686_9957.tar.gz acep report - DONE --- 
 --- Process /raw_reports_v2/1525825332.92686_9957.tar.gz acep report - DONE --- 
2018-05-09,00:23:02  --- Process /raw_reports_v2/1525825332.40481_5601.tar.gz acep report - BEGIN --- 
 --- Process /raw_reports_v2/1525825332.40481_5601.tar.gz acep report - BEGIN --- 
2018-05-09,00:23:02  --- Process /raw_reports_v2/1525825332.40481_5601.tar.gz acep report - DONE --- 
 --- Process /raw_reports_v2/1525825332.40481_5601.tar.gz acep report - DONE --- 
2018-05-09,00:23:02  --- Process /raw_reports_v2/1525825330.17034_2315.tar.gz acep report - BEGIN --- 
 --- Process /raw_reports_v2/1525825330.17034_2315.tar.gz acep report - BEGIN --- 
2018-05-09,00:23:02  --- Process /raw_reports_v2/1525825330.17034_2315.tar.gz acep report - DONE --- 
 --- Process /raw_reports_v2/1525825330.17034_2315.tar.gz acep report - DONE --- 
2018-05-09,00:23:02  --- Process /raw_reports_v2/1525825342.79362_3435.tar.gz acep report - BEGIN --- 
 --- Process /raw_reports_v2/1525825342.79362_3435.tar.gz acep report - BEGIN --- 
2018-05-09,00:23:02  --- Process /raw_reports_v2/1525825342.79362_3435.tar.gz acep report - DONE --- 
 --- Process /raw_reports_v2/1525825342.79362_3435.tar.gz acep report - DONE --- 
2018-05-09,00:23:02  --- Process /raw_reports_v2/1525825357.5304_2750.tar.gz acep report - BEGIN --- 
 --- Process /raw_reports_v2/1525825357.5304_2750.tar.gz acep report - BEGIN --- 
2018-05-09,00:23:02  --- Process /raw_reports_v2/1525825357.5304_2750.tar.gz acep report - DONE --- 
 --- Process /raw_reports_v2/1525825357.5304_2750.tar.gz acep report - DONE --- 
2018-05-09,00:23:02  --- Process /raw_reports_v2/1525825326.24432_5962.tar.gz acep report - BEGIN --- 
 --- Process /raw_reports_v2/1525825326.24432_5962.tar.gz acep report - BEGIN --- 
2018-05-09,00:23:02  --- Process /raw_reports_v2/1525825326.24432_5962.tar.gz acep report - DONE --- 
 --- Process /raw_reports_v2/1525825326.24432_5962.tar.gz acep report - DONE --- 
2018-05-09,00:23:02  --- Process /raw_reports_v2/1525825327.20306_6360.tar.gz acep report - BEGIN --- 
 --- Process /raw_reports_v2/1525825327.20306_6360.tar.gz acep report - BEGIN --- 
2018-05-09,00:23:02  --- Process /raw_reports_v2/1525825327.20306_6360.tar.gz acep report - DONE --- 
 --- Process /raw_reports_v2/1525825327.20306_6360.tar.gz acep report - DONE --- 
2018-05-09,00:23:02  --- Process /raw_reports_v2/1525825342.9538_2723.tar.gz acep report - BEGIN --- 
 --- Process /raw_reports_v2/1525825342.9538_2723.tar.gz acep report - BEGIN --- 
2018-05-09,00:23:02  --- Process /raw_reports_v2/1525825342.9538_2723.tar.gz acep report - DONE --- 
 --- Process /raw_reports_v2/1525825342.9538_2723.tar.gz acep report - DONE --- 
2018-05-09,00:23:02  --- Process /raw_reports_v2/1525825341.83824_3518.tar.gz acep report - BEGIN --- 
 --- Process /raw_reports_v2/1525825341.83824_3518.tar.gz acep report - BEGIN --- 
2018-05-09,00:23:02  --- Process /raw_reports_v2/1525825341.83824_3518.tar.gz acep report - DONE --- 
 --- Process /raw_reports_v2/1525825341.83824_3518.tar.gz acep report - DONE --- 
2018-05-09,00:23:02  --- Process /raw_reports_v2/1525825326.7106_1626.tar.gz acep report - BEGIN --- 
 --- Process /raw_reports_v2/1525825326.7106_1626.tar.gz acep report - BEGIN --- 
2018-05-09,00:23:02  --- Process /raw_reports_v2/1525825326.7106_1626.tar.gz acep report - DONE --- 
 --- Process /raw_reports_v2/1525825326.7106_1626.tar.gz acep report - DONE --- 
2018-05-09,00:23:02  --- Process /raw_reports_v2/1525825370.19153_6446.tar.gz acep report - BEGIN --- 
 --- Process /raw_reports_v2/1525825370.19153_6446.tar.gz acep report - BEGIN --- 
2018-05-09,00:23:02  --- Process /raw_reports_v2/1525825370.19153_6446.tar.gz acep report - DONE --- 
 --- Process /raw_reports_v2/1525825370.19153_6446.tar.gz acep report - DONE --- 
2018-05-09,00:23:02  --- Process /raw_reports_v2/1525825354.07312_6074.tar.gz acep report - BEGIN --- 
 --- Process /raw_reports_v2/1525825354.07312_6074.tar.gz acep report - BEGIN --- 
2018-05-09,00:23:02  --- Process /raw_reports_v2/1525825354.07312_6074.tar.gz acep report - DONE --- 
 --- Process /raw_reports_v2/1525825354.07312_6074.tar.gz acep report - DONE --- 
2018-05-09,00:23:02  --- Process /raw_reports_v2/1525825331.48697_1526.tar.gz acep report - BEGIN --- 
 --- Process /raw_reports_v2/1525825331.48697_1526.tar.gz acep report - BEGIN --- 
2018-05-09,00:23:02  --- Process /raw_reports_v2/1525825331.48697_1526.tar.gz acep report - DONE --- 
 --- Process /raw_reports_v2/1525825331.48697_1526.tar.gz acep report - DONE --- 
2018-05-09,00:23:02  --- Process /raw_reports_v2/1525825348.42987_4302.tar.gz acep report - BEGIN --- 
 --- Process /raw_reports_v2/1525825348.42987_4302.tar.gz acep report - BEGIN --- 
2018-05-09,00:23:02  --- Process /raw_reports_v2/1525825348.42987_4302.tar.gz acep report - DONE --- 
 --- Process /raw_reports_v2/1525825348.42987_4302.tar.gz acep report - DONE --- 
2018-05-09,00:23:02  --- Process /raw_reports_v2/1525825373.57957_4786.tar.gz acep report - BEGIN --- 
 --- Process /raw_reports_v2/1525825373.57957_4786.tar.gz acep report - BEGIN --- 
2018-05-09,00:23:02  --- Process /raw_reports_v2/1525825373.57957_4786.tar.gz acep report - DONE --- 
 --- Process /raw_reports_v2/1525825373.57957_4786.tar.gz acep report - DONE --- 
2018-05-09,00:23:02  --- Process /raw_reports_v2/1525825377.68465_5733.tar.gz acep report - BEGIN --- 
 --- Process /raw_reports_v2/1525825377.68465_5733.tar.gz acep report - BEGIN --- 
2018-05-09,00:23:02  --- Process /raw_reports_v2/1525825377.68465_5733.tar.gz acep report - DONE --- 
 --- Process /raw_reports_v2/1525825377.68465_5733.tar.gz acep report - DONE --- 
2018-05-09,00:23:02  --- Process /raw_reports_v2/1525825346.05424_1177.tar.gz acep report - BEGIN --- 
 --- Process /raw_reports_v2/1525825346.05424_1177.tar.gz acep report - BEGIN --- 
2018-05-09,00:23:02  --- Process /raw_reports_v2/1525825346.05424_1177.tar.gz acep report - DONE --- 
 --- Process /raw_reports_v2/1525825346.05424_1177.tar.gz acep report - DONE --- 
2018-05-09,00:23:02  --- Process /raw_reports_v2/1525825333.97648_847.tar.gz acep report - BEGIN --- 
 --- Process /raw_reports_v2/1525825333.97648_847.tar.gz acep report - BEGIN --- 
2018-05-09,00:23:02  --- Process /raw_reports_v2/1525825333.97648_847.tar.gz acep report - DONE --- 
 --- Process /raw_reports_v2/1525825333.97648_847.tar.gz acep report - DONE --- 
2018-05-09,00:24:02  --- Process /raw_reports_v2/1525825390.92039_2978.tar.gz acep report - BEGIN --- 
 --- Process /raw_reports_v2/1525825390.92039_2978.tar.gz acep report - BEGIN --- 
2018-05-09,00:24:02  --- Process /raw_reports_v2/1525825390.92039_2978.tar.gz acep report - DONE --- 
 --- Process /raw_reports_v2/1525825390.92039_2978.tar.gz acep report - DONE --- 
2018-05-09,00:24:02  --- Process /raw_reports_v2/1525825417.22628_2005.tar.gz acep report - BEGIN --- 
 --- Process /raw_reports_v2/1525825417.22628_2005.tar.gz acep report - BEGIN --- 
2018-05-09,00:24:02  --- Process /raw_reports_v2/1525825417.22628_2005.tar.gz acep report - DONE --- 
 --- Process /raw_reports_v2/1525825417.22628_2005.tar.gz acep report - DONE --- 
2018-05-09,00:24:02  --- Process /raw_reports_v2/1525825387.68007_7154.tar.gz acep report - BEGIN --- 
 --- Process /raw_reports_v2/1525825387.68007_7154.tar.gz acep report - BEGIN --- 
2018-05-09,00:24:02  --- Process /raw_reports_v2/1525825387.68007_7154.tar.gz acep report - DONE --- 
 --- Process /raw_reports_v2/1525825387.68007_7154.tar.gz acep report - DONE --- 
2018-05-09,00:24:02  --- Process /raw_reports_v2/1525825384.41907_1987.tar.gz acep report - BEGIN --- 
 --- Process /raw_reports_v2/1525825384.41907_1987.tar.gz acep report - BEGIN --- 
2018-05-09,00:24:02  --- Process /raw_reports_v2/1525825384.41907_1987.tar.gz acep report - DONE --- 
 --- Process /raw_reports_v2/1525825384.41907_1987.tar.gz acep report - DONE --- 
2018-05-09,00:24:02  --- Process /raw_reports_v2/1525825435.37493_735.tar.gz acep report - BEGIN --- 
 --- Process /raw_reports_v2/1525825435.37493_735.tar.gz acep report - BEGIN --- 
2018-05-09,00:24:02  --- Process /raw_reports_v2/1525825435.37493_735.tar.gz acep report - DONE --- 
 --- Process /raw_reports_v2/1525825435.37493_735.tar.gz acep report - DONE --- 
2018-05-09,00:24:02  --- Process /raw_reports_v2/1525825397.13145_9234.tar.gz acep report - BEGIN --- 
 --- Process /raw_reports_v2/1525825397.13145_9234.tar.gz acep report - BEGIN --- 
2018-05-09,00:24:02  --- Process /raw_reports_v2/1525825397.13145_9234.tar.gz acep report - DONE --- 
 --- Process /raw_reports_v2/1525825397.13145_9234.tar.gz acep report - DONE --- 
2018-05-09,00:24:02  --- Process /raw_reports_v2/1525825382.69181_1434.tar.gz acep report - BEGIN --- 
 --- Process /raw_reports_v2/1525825382.69181_1434.tar.gz acep report - BEGIN --- 
2018-05-09,00:24:02  --- Process /raw_reports_v2/1525825382.69181_1434.tar.gz acep report - DONE --- 
 --- Process /raw_reports_v2/1525825382.69181_1434.tar.gz acep report - DONE --- 
2018-05-09,00:24:02  --- Process /raw_reports_v2/1525825418.40443_2143.tar.gz acep report - BEGIN --- 
 --- Process /raw_reports_v2/1525825418.40443_2143.tar.gz acep report - BEGIN --- 
2018-05-09,00:24:02  --- Process /raw_reports_v2/1525825418.40443_2143.tar.gz acep report - DONE --- 
 --- Process /raw_reports_v2/1525825418.40443_2143.tar.gz acep report - DONE --- 
2018-05-09,00:24:02  --- Process /raw_reports_v2/1525825400.94863_4010.tar.gz acep report - BEGIN --- 
 --- Process /raw_reports_v2/1525825400.94863_4010.tar.gz acep report - BEGIN --- 
2018-05-09,00:24:02  --- Process /raw_reports_v2/1525825400.94863_4010.tar.gz acep report - DONE --- 
 --- Process /raw_reports_v2/1525825400.94863_4010.tar.gz acep report - DONE --- 
2018-05-09,00:24:02  --- Process /raw_reports_v2/1525825440.10626_8467.tar.gz acep report - BEGIN --- 
 --- Process /raw_reports_v2/1525825440.10626_8467.tar.gz acep report - BEGIN --- 
2018-05-09,00:24:02  --- Process /raw_reports_v2/1525825440.10626_8467.tar.gz acep report - DONE --- 
 --- Process /raw_reports_v2/1525825440.10626_8467.tar.gz acep report - DONE --- 
2018-05-09,00:24:02  --- Process /raw_reports_v2/1525825382.34065_4806.tar.gz acep report - BEGIN --- 
 --- Process /raw_reports_v2/1525825382.34065_4806.tar.gz acep report - BEGIN --- 
2018-05-09,00:24:02  --- Process /raw_reports_v2/1525825382.34065_4806.tar.gz acep report - DONE --- 
 --- Process /raw_reports_v2/1525825382.34065_4806.tar.gz acep report - DONE --- 
2018-05-09,00:24:02  --- Process /raw_reports_v2/1525825419.59342_3864.tar.gz acep report - BEGIN --- 
 --- Process /raw_reports_v2/1525825419.59342_3864.tar.gz acep report - BEGIN --- 
2018-05-09,00:24:02  --- Process /raw_reports_v2/1525825419.59342_3864.tar.gz acep report - DONE --- 
 --- Process /raw_reports_v2/1525825419.59342_3864.tar.gz acep report - DONE --- 
2018-05-09,00:24:02  --- Process /raw_reports_v2/1525825419.51186_5416.tar.gz acep report - BEGIN --- 
 --- Process /raw_reports_v2/1525825419.51186_5416.tar.gz acep report - BEGIN --- 
2018-05-09,00:24:02  --- Process /raw_reports_v2/1525825419.51186_5416.tar.gz acep report - DONE --- 
 --- Process /raw_reports_v2/1525825419.51186_5416.tar.gz acep report - DONE --- 
2018-05-09,00:24:02  --- Process /raw_reports_v2/1525825415.85861_2932.tar.gz acep report - BEGIN --- 
 --- Process /raw_reports_v2/1525825415.85861_2932.tar.gz acep report - BEGIN --- 
2018-05-09,00:24:02  --- Process /raw_reports_v2/1525825415.85861_2932.tar.gz acep report - DONE --- 
 --- Process /raw_reports_v2/1525825415.85861_2932.tar.gz acep report - DONE --- 
2018-05-09,00:24:02  --- Process /raw_reports_v2/1525825386.22888_5812.tar.gz acep report - BEGIN --- 
 --- Process /raw_reports_v2/1525825386.22888_5812.tar.gz acep report - BEGIN --- 
2018-05-09,00:24:02  --- Process /raw_reports_v2/1525825386.22888_5812.tar.gz acep report - DONE --- 
 --- Process /raw_reports_v2/1525825386.22888_5812.tar.gz acep report - DONE --- 
2018-05-09,00:24:02  --- Process /raw_reports_v2/1525825409.52301_6981.tar.gz acep report - BEGIN --- 
 --- Process /raw_reports_v2/1525825409.52301_6981.tar.gz acep report - BEGIN --- 
2018-05-09,00:24:02  --- Process /raw_reports_v2/1525825409.52301_6981.tar.gz acep report - DONE --- 
 --- Process /raw_reports_v2/1525825409.52301_6981.tar.gz acep report - DONE --- 
2018-05-09,00:24:02  --- Process /raw_reports_v2/1525825384.56313_1266.tar.gz acep report - BEGIN --- 
 --- Process /raw_reports_v2/1525825384.56313_1266.tar.gz acep report - BEGIN --- 
2018-05-09,00:24:02  --- Process /raw_reports_v2/1525825384.56313_1266.tar.gz acep report - DONE --- 
 --- Process /raw_reports_v2/1525825384.56313_1266.tar.gz acep report - DONE --- 
2018-05-09,00:24:02  --- Process /raw_reports_v2/1525825390.55006_277.tar.gz acep report - BEGIN --- 
 --- Process /raw_reports_v2/1525825390.55006_277.tar.gz acep report - BEGIN --- 
2018-05-09,00:24:02  --- Process /raw_reports_v2/1525825390.55006_277.tar.gz acep report - DONE --- 
 --- Process /raw_reports_v2/1525825390.55006_277.tar.gz acep report - DONE --- 
2018-05-09,00:24:02  --- Process /raw_reports_v2/1525825438.48456_9777.tar.gz acep report - BEGIN --- 
 --- Process /raw_reports_v2/1525825438.48456_9777.tar.gz acep report - BEGIN --- 
2018-05-09,00:24:02  --- Process /raw_reports_v2/1525825438.48456_9777.tar.gz acep report - DONE --- 
 --- Process /raw_reports_v2/1525825438.48456_9777.tar.gz acep report - DONE --- 
2018-05-09,00:24:02  --- Process /raw_reports_v2/1525825395.07577_6803.tar.gz acep report - BEGIN --- 
 --- Process /raw_reports_v2/1525825395.07577_6803.tar.gz acep report - BEGIN --- 
2018-05-09,00:24:02  --- Process /raw_reports_v2/1525825395.07577_6803.tar.gz acep report - DONE --- 
 --- Process /raw_reports_v2/1525825395.07577_6803.tar.gz acep report - DONE --- 
2018-05-09,00:24:02  --- Process /raw_reports_v2/1525825401.1836_3768.tar.gz acep report - BEGIN --- 
 --- Process /raw_reports_v2/1525825401.1836_3768.tar.gz acep report - BEGIN --- 
2018-05-09,00:24:02  --- Process /raw_reports_v2/1525825401.1836_3768.tar.gz acep report - DONE --- 
 --- Process /raw_reports_v2/1525825401.1836_3768.tar.gz acep report - DONE --- 
2018-05-09,00:24:02  --- Process /raw_reports_v2/1525825429.73321_4647.tar.gz acep report - BEGIN --- 
 --- Process /raw_reports_v2/1525825429.73321_4647.tar.gz acep report - BEGIN --- 
2018-05-09,00:24:02  --- Process /raw_reports_v2/1525825429.73321_4647.tar.gz acep report - DONE --- 
 --- Process /raw_reports_v2/1525825429.73321_4647.tar.gz acep report - DONE --- 
2018-05-09,00:24:02  --- Process /raw_reports_v2/1525825389.98792_1091.tar.gz acep report - BEGIN --- 
 --- Process /raw_reports_v2/1525825389.98792_1091.tar.gz acep report - BEGIN --- 
2018-05-09,00:24:02  --- Process /raw_reports_v2/1525825389.98792_1091.tar.gz acep report - DONE --- 
 --- Process /raw_reports_v2/1525825389.98792_1091.tar.gz acep report - DONE --- 
2018-05-09,00:24:02  --- Process /raw_reports_v2/1525825442.02225_8036.tar.gz acep report - BEGIN --- 
 --- Process /raw_reports_v2/1525825442.02225_8036.tar.gz acep report - BEGIN --- 
2018-05-09,00:24:02  --- Process /raw_reports_v2/1525825442.02225_8036.tar.gz acep report - DONE --- 
 --- Process /raw_reports_v2/1525825442.02225_8036.tar.gz acep report - DONE --- 
2018-05-09,00:24:02  --- Process /raw_reports_v2/1525825387.56665_1814.tar.gz acep report - BEGIN --- 
 --- Process /raw_reports_v2/1525825387.56665_1814.tar.gz acep report - BEGIN --- 
2018-05-09,00:24:02  --- Process /raw_reports_v2/1525825387.56665_1814.tar.gz acep report - DONE --- 
 --- Process /raw_reports_v2/1525825387.56665_1814.tar.gz acep report - DONE --- 
2018-05-09,00:24:02  --- Process /raw_reports_v2/1525825393.31513_8417.tar.gz acep report - BEGIN --- 
 --- Process /raw_reports_v2/1525825393.31513_8417.tar.gz acep report - BEGIN --- 
2018-05-09,00:24:02  --- Process /raw_reports_v2/1525825393.31513_8417.tar.gz acep report - DONE --- 
 --- Process /raw_reports_v2/1525825393.31513_8417.tar.gz acep report - DONE --- 
2018-05-09,00:24:02  --- Process /raw_reports_v2/1525825397.12459_4495.tar.gz acep report - BEGIN --- 
 --- Process /raw_reports_v2/1525825397.12459_4495.tar.gz acep report - BEGIN --- 
2018-05-09,00:24:02  --- Process /raw_reports_v2/1525825397.12459_4495.tar.gz acep report - DONE --- 
 --- Process /raw_reports_v2/1525825397.12459_4495.tar.gz acep report - DONE --- 
2018-05-09,00:24:02  --- Process /raw_reports_v2/1525825440.43589_2655.tar.gz acep report - BEGIN --- 
 --- Process /raw_reports_v2/1525825440.43589_2655.tar.gz acep report - BEGIN --- 
2018-05-09,00:24:02  --- Process /raw_reports_v2/1525825440.43589_2655.tar.gz acep report - DONE --- 
 --- Process /raw_reports_v2/1525825440.43589_2655.tar.gz acep report - DONE --- 
2018-05-09,00:24:02  --- Process /raw_reports_v2/1525825391.58588_3438.tar.gz acep report - BEGIN --- 
 --- Process /raw_reports_v2/1525825391.58588_3438.tar.gz acep report - BEGIN --- 
2018-05-09,00:24:02  --- Process /raw_reports_v2/1525825391.58588_3438.tar.gz acep report - DONE --- 
 --- Process /raw_reports_v2/1525825391.58588_3438.tar.gz acep report - DONE --- 
2018-05-09,00:24:02  --- Process /raw_reports_v2/1525825386.11646_7701.tar.gz acep report - BEGIN --- 
 --- Process /raw_reports_v2/1525825386.11646_7701.tar.gz acep report - BEGIN --- 
2018-05-09,00:24:02  --- Process /raw_reports_v2/1525825386.11646_7701.tar.gz acep report - DONE --- 
 --- Process /raw_reports_v2/1525825386.11646_7701.tar.gz acep report - DONE --- 
2018-05-09,00:24:02  --- Process /raw_reports_v2/1525825387.65409_3016.tar.gz acep report - BEGIN --- 
 --- Process /raw_reports_v2/1525825387.65409_3016.tar.gz acep report - BEGIN --- 
2018-05-09,00:24:02  --- Process /raw_reports_v2/1525825387.65409_3016.tar.gz acep report - DONE --- 
 --- Process /raw_reports_v2/1525825387.65409_3016.tar.gz acep report - DONE --- 
2018-05-09,00:24:02  --- Process /raw_reports_v2/1525825419.57007_3558.tar.gz acep report - BEGIN --- 
 --- Process /raw_reports_v2/1525825419.57007_3558.tar.gz acep report - BEGIN --- 
2018-05-09,00:24:02  --- Process /raw_reports_v2/1525825419.57007_3558.tar.gz acep report - DONE --- 
 --- Process /raw_reports_v2/1525825419.57007_3558.tar.gz acep report - DONE --- 
2018-05-09,00:24:02  --- Process /raw_reports_v2/1525825387.26064_8716.tar.gz acep report - BEGIN --- 
 --- Process /raw_reports_v2/1525825387.26064_8716.tar.gz acep report - BEGIN --- 
2018-05-09,00:24:02  --- Process /raw_reports_v2/1525825387.26064_8716.tar.gz acep report - DONE --- 
 --- Process /raw_reports_v2/1525825387.26064_8716.tar.gz acep report - DONE --- 
2018-05-09,00:24:02  --- Process /raw_reports_v2/1525825414.71802_9319.tar.gz acep report - BEGIN --- 
 --- Process /raw_reports_v2/1525825414.71802_9319.tar.gz acep report - BEGIN --- 
2018-05-09,00:24:02  --- Process /raw_reports_v2/1525825414.71802_9319.tar.gz acep report - DONE --- 
 --- Process /raw_reports_v2/1525825414.71802_9319.tar.gz acep report - DONE --- 
2018-05-09,00:24:02  --- Process /raw_reports_v2/1525825420.36355_3452.tar.gz acep report - BEGIN --- 
 --- Process /raw_reports_v2/1525825420.36355_3452.tar.gz acep report - BEGIN --- 
2018-05-09,00:24:02  --- Process /raw_reports_v2/1525825420.36355_3452.tar.gz acep report - DONE --- 
 --- Process /raw_reports_v2/1525825420.36355_3452.tar.gz acep report - DONE --- 
2018-05-09,00:25:01  --- Process /raw_reports_v2/1525825469.37489_6561.tar.gz acep report - BEGIN --- 
 --- Process /raw_reports_v2/1525825469.37489_6561.tar.gz acep report - BEGIN --- 
2018-05-09,00:25:02  --- Process /raw_reports_v2/1525825469.37489_6561.tar.gz acep report - DONE --- 
 --- Process /raw_reports_v2/1525825469.37489_6561.tar.gz acep report - DONE --- 
2018-05-09,00:25:02  --- Process /raw_reports_v2/1525825467.17043_7159.tar.gz acep report - BEGIN --- 
 --- Process /raw_reports_v2/1525825467.17043_7159.tar.gz acep report - BEGIN --- 
2018-05-09,00:25:02  --- Process /raw_reports_v2/1525825467.17043_7159.tar.gz acep report - DONE --- 
 --- Process /raw_reports_v2/1525825467.17043_7159.tar.gz acep report - DONE --- 
2018-05-09,00:25:02  --- Process /raw_reports_v2/1525825474.63819_8368.tar.gz acep report - BEGIN --- 
 --- Process /raw_reports_v2/1525825474.63819_8368.tar.gz acep report - BEGIN --- 
2018-05-09,00:25:02  --- Process /raw_reports_v2/1525825474.63819_8368.tar.gz acep report - DONE --- 
 --- Process /raw_reports_v2/1525825474.63819_8368.tar.gz acep report - DONE --- 
2018-05-09,00:25:02  --- Process /raw_reports_v2/1525825448.62477_2534.tar.gz acep report - BEGIN --- 
 --- Process /raw_reports_v2/1525825448.62477_2534.tar.gz acep report - BEGIN --- 
2018-05-09,00:25:02 'NoneType' object has no attribute 'text'
Traceback (most recent call last):
  File "/acep_handler_v20/main_report_handler.py", line 159, in process_one_acep
    report = prl_parser.get_xml_dict_v2(hostinfo_xml, hoststat_xml)
  File "/acep_handler_v20/prl_parser.py", line 31, in get_xml_dict_v2
    self._process_hoststatistics(hs_node.getroot(), res['ParallelsProblemReport'], True)
  File "/acep_handler_v20/prl_parser.py", line 98, in _process_hoststatistics
    raise(e)
AttributeError: 'NoneType' object has no attribute 'text'
'NoneType' object has no attribute 'text'
Traceback (most recent call last):
  File "/acep_handler_v20/main_report_handler.py", line 159, in process_one_acep
    report = prl_parser.get_xml_dict_v2(hostinfo_xml, hoststat_xml)
  File "/acep_handler_v20/prl_parser.py", line 31, in get_xml_dict_v2
    self._process_hoststatistics(hs_node.getroot(), res['ParallelsProblemReport'], True)
  File "/acep_handler_v20/prl_parser.py", line 98, in _process_hoststatistics
    raise(e)
AttributeError: 'NoneType' object has no attribute 'text'
2018-05-09,00:25:02 'NoneType' object has no attribute 'text'
Traceback (most recent call last):
  File "/acep_handler_v20/main_report_handler.py", line 240, in main
    process_one_acep(cur_report)
  File "/acep_handler_v20/main_report_handler.py", line 175, in process_one_acep
    raise e
AttributeError: 'NoneType' object has no attribute 'text'
'NoneType' object has no attribute 'text'
Traceback (most recent call last):
  File "/acep_handler_v20/main_report_handler.py", line 240, in main
    process_one_acep(cur_report)
  File "/acep_handler_v20/main_report_handler.py", line 175, in process_one_acep
    raise e
AttributeError: 'NoneType' object has no attribute 'text'
2018-05-09,00:25:02  --- Process /raw_reports_v2/1525825448.62477_2534.tar.gz acep report - ERROR!! --- 
 --- Process /raw_reports_v2/1525825448.62477_2534.tar.gz acep report - ERROR!! --- 
2018-05-09,00:25:02  --- Process /raw_reports_v2/1525825470.35171_7527.tar.gz acep report - BEGIN --- 
 --- Process /raw_reports_v2/1525825470.35171_7527.tar.gz acep report - BEGIN --- 
2018-05-09,00:25:02  --- Process /raw_reports_v2/1525825470.35171_7527.tar.gz acep report - DONE --- 
 --- Process /raw_reports_v2/1525825470.35171_7527.tar.gz acep report - DONE --- 
2018-05-09,00:25:02  --- Process /raw_reports_v2/1525825453.13993_4310.tar.gz acep report - BEGIN --- 
 --- Process /raw_reports_v2/1525825453.13993_4310.tar.gz acep report - BEGIN --- 
2018-05-09,00:25:02  --- Process /raw_reports_v2/1525825453.13993_4310.tar.gz acep report - DONE --- 
 --- Process /raw_reports_v2/1525825453.13993_4310.tar.gz acep report - DONE --- 
2018-05-09,00:25:02  --- Process /raw_reports_v2/1525825474.34756_8355.tar.gz acep report - BEGIN --- 
 --- Process /raw_reports_v2/1525825474.34756_8355.tar.gz acep report - BEGIN --- 
2018-05-09,00:25:02  --- Process /raw_reports_v2/1525825474.34756_8355.tar.gz acep report - DONE --- 
 --- Process /raw_reports_v2/1525825474.34756_8355.tar.gz acep report - DONE --- 
2018-05-09,00:25:02  --- Process /raw_reports_v2/1525825455.71765_9226.tar.gz acep report - BEGIN --- 
 --- Process /raw_reports_v2/1525825455.71765_9226.tar.gz acep report - BEGIN --- 
2018-05-09,00:25:02  --- Process /raw_reports_v2/1525825455.71765_9226.tar.gz acep report - DONE --- 
 --- Process /raw_reports_v2/1525825455.71765_9226.tar.gz acep report - DONE --- 
2018-05-09,00:25:02  --- Process /raw_reports_v2/1525825461.52054_1519.tar.gz acep report - BEGIN --- 
 --- Process /raw_reports_v2/1525825461.52054_1519.tar.gz acep report - BEGIN --- 
2018-05-09,00:25:02  --- Process /raw_reports_v2/1525825461.52054_1519.tar.gz acep report - DONE --- 
 --- Process /raw_reports_v2/1525825461.52054_1519.tar.gz acep report - DONE --- 
2018-05-09,00:25:02  --- Process /raw_reports_v2/1525825453.747_715.tar.gz acep report - BEGIN --- 
 --- Process /raw_reports_v2/1525825453.747_715.tar.gz acep report - BEGIN --- 
2018-05-09,00:25:02  --- Process /raw_reports_v2/1525825453.747_715.tar.gz acep report - DONE --- 
 --- Process /raw_reports_v2/1525825453.747_715.tar.gz acep report - DONE --- 
2018-05-09,00:25:02  --- Process /raw_reports_v2/1525825485.94871_6276.tar.gz acep report - BEGIN --- 
 --- Process /raw_reports_v2/1525825485.94871_6276.tar.gz acep report - BEGIN --- 
2018-05-09,00:25:02  --- Process /raw_reports_v2/1525825485.94871_6276.tar.gz acep report - DONE --- 
 --- Process /raw_reports_v2/1525825485.94871_6276.tar.gz acep report - DONE --- 
2018-05-09,00:25:02  --- Process /raw_reports_v2/1525825477.02343_4453.tar.gz acep report - BEGIN --- 
 --- Process /raw_reports_v2/1525825477.02343_4453.tar.gz acep report - BEGIN --- 
2018-05-09,00:25:02  --- Process /raw_reports_v2/1525825477.02343_4453.tar.gz acep report - DONE --- 
 --- Process /raw_reports_v2/1525825477.02343_4453.tar.gz acep report - DONE --- 
2018-05-09,00:25:02  --- Process /raw_reports_v2/1525825501.39117_389.tar.gz acep report - BEGIN --- 
 --- Process /raw_reports_v2/1525825501.39117_389.tar.gz acep report - BEGIN --- 
2018-05-09,00:25:02  --- Process /raw_reports_v2/1525825501.39117_389.tar.gz acep report - DONE --- 
 --- Process /raw_reports_v2/1525825501.39117_389.tar.gz acep report - DONE --- 
2018-05-09,00:25:02  --- Process /raw_reports_v2/1525825470.87697_2194.tar.gz acep report - BEGIN --- 
 --- Process /raw_reports_v2/1525825470.87697_2194.tar.gz acep report - BEGIN --- 
2018-05-09,00:25:02  --- Process /raw_reports_v2/1525825470.87697_2194.tar.gz acep report - DONE --- 
 --- Process /raw_reports_v2/1525825470.87697_2194.tar.gz acep report - DONE --- 
2018-05-09,00:25:02  --- Process /raw_reports_v2/1525825497.16673_1415.tar.gz acep report - BEGIN --- 
 --- Process /raw_reports_v2/1525825497.16673_1415.tar.gz acep report - BEGIN --- 
2018-05-09,00:25:02  --- Process /raw_reports_v2/1525825497.16673_1415.tar.gz acep report - DONE --- 
 --- Process /raw_reports_v2/1525825497.16673_1415.tar.gz acep report - DONE --- 
2018-05-09,00:25:02  --- Process /raw_reports_v2/1525825450.86428_5422.tar.gz acep report - BEGIN --- 
 --- Process /raw_reports_v2/1525825450.86428_5422.tar.gz acep report - BEGIN --- 
2018-05-09,00:25:02  --- Process /raw_reports_v2/1525825450.86428_5422.tar.gz acep report - DONE --- 
 --- Process /raw_reports_v2/1525825450.86428_5422.tar.gz acep report - DONE --- 
2018-05-09,00:25:02  --- Process /raw_reports_v2/1525825457.5171_4041.tar.gz acep report - BEGIN --- 
 --- Process /raw_reports_v2/1525825457.5171_4041.tar.gz acep report - BEGIN --- 
2018-05-09,00:25:02  --- Process /raw_reports_v2/1525825457.5171_4041.tar.gz acep report - DONE --- 
 --- Process /raw_reports_v2/1525825457.5171_4041.tar.gz acep report - DONE --- 
2018-05-09,00:25:02  --- Process /raw_reports_v2/1525825494.56687_2757.tar.gz acep report - BEGIN --- 
 --- Process /raw_reports_v2/1525825494.56687_2757.tar.gz acep report - BEGIN --- 
2018-05-09,00:25:02  --- Process /raw_reports_v2/1525825494.56687_2757.tar.gz acep report - DONE --- 
 --- Process /raw_reports_v2/1525825494.56687_2757.tar.gz acep report - DONE --- 
2018-05-09,00:25:02  --- Process /raw_reports_v2/1525825450.93433_7986.tar.gz acep report - BEGIN --- 
 --- Process /raw_reports_v2/1525825450.93433_7986.tar.gz acep report - BEGIN --- 
2018-05-09,00:25:02  --- Process /raw_reports_v2/1525825450.93433_7986.tar.gz acep report - DONE --- 
 --- Process /raw_reports_v2/1525825450.93433_7986.tar.gz acep report - DONE --- 
2018-05-09,00:25:02  --- Process /raw_reports_v2/1525825490.57425_9401.tar.gz acep report - BEGIN --- 
 --- Process /raw_reports_v2/1525825490.57425_9401.tar.gz acep report - BEGIN --- 
2018-05-09,00:25:02  --- Process /raw_reports_v2/1525825490.57425_9401.tar.gz acep report - DONE --- 
 --- Process /raw_reports_v2/1525825490.57425_9401.tar.gz acep report - DONE --- 
2018-05-09,00:25:02  --- Process /raw_reports_v2/1525825447.84288_8534.tar.gz acep report - BEGIN --- 
 --- Process /raw_reports_v2/1525825447.84288_8534.tar.gz acep report - BEGIN --- 
2018-05-09,00:25:02  --- Process /raw_reports_v2/1525825447.84288_8534.tar.gz acep report - DONE --- 
 --- Process /raw_reports_v2/1525825447.84288_8534.tar.gz acep report - DONE --- 
2018-05-09,00:25:02  --- Process /raw_reports_v2/1525825466.54624_9669.tar.gz acep report - BEGIN --- 
 --- Process /raw_reports_v2/1525825466.54624_9669.tar.gz acep report - BEGIN --- 
2018-05-09,00:25:02  --- Process /raw_reports_v2/1525825466.54624_9669.tar.gz acep report - DONE --- 
 --- Process /raw_reports_v2/1525825466.54624_9669.tar.gz acep report - DONE --- 
2018-05-09,00:25:02  --- Process /raw_reports_v2/1525825494.93229_1051.tar.gz acep report - BEGIN --- 
 --- Process /raw_reports_v2/1525825494.93229_1051.tar.gz acep report - BEGIN --- 
2018-05-09,00:25:02  --- Process /raw_reports_v2/1525825494.93229_1051.tar.gz acep report - DONE --- 
 --- Process /raw_reports_v2/1525825494.93229_1051.tar.gz acep report - DONE --- 
2018-05-09,00:25:02  --- Process /raw_reports_v2/1525825465.75881_3807.tar.gz acep report - BEGIN --- 
 --- Process /raw_reports_v2/1525825465.75881_3807.tar.gz acep report - BEGIN --- 
2018-05-09,00:25:02  --- Process /raw_reports_v2/1525825465.75881_3807.tar.gz acep report - DONE --- 
 --- Process /raw_reports_v2/1525825465.75881_3807.tar.gz acep report - DONE --- 
2018-05-09,00:25:02  --- Process /raw_reports_v2/1525825483.12712_3903.tar.gz acep report - BEGIN --- 
 --- Process /raw_reports_v2/1525825483.12712_3903.tar.gz acep report - BEGIN --- 
2018-05-09,00:25:02  --- Process /raw_reports_v2/1525825483.12712_3903.tar.gz acep report - DONE --- 
 --- Process /raw_reports_v2/1525825483.12712_3903.tar.gz acep report - DONE --- 
2018-05-09,00:25:02  --- Process /raw_reports_v2/1525825487.12544_3010.tar.gz acep report - BEGIN --- 
 --- Process /raw_reports_v2/1525825487.12544_3010.tar.gz acep report - BEGIN --- 
2018-05-09,00:25:02  --- Process /raw_reports_v2/1525825487.12544_3010.tar.gz acep report - DONE --- 
 --- Process /raw_reports_v2/1525825487.12544_3010.tar.gz acep report - DONE --- 
2018-05-09,00:25:02  --- Process /raw_reports_v2/1525825451.70384_9735.tar.gz acep report - BEGIN --- 
 --- Process /raw_reports_v2/1525825451.70384_9735.tar.gz acep report - BEGIN --- 
2018-05-09,00:25:02  --- Process /raw_reports_v2/1525825451.70384_9735.tar.gz acep report - DONE --- 
 --- Process /raw_reports_v2/1525825451.70384_9735.tar.gz acep report - DONE --- 
2018-05-09,00:25:02  --- Process /raw_reports_v2/1525825467.42919_5839.tar.gz acep report - BEGIN --- 
 --- Process /raw_reports_v2/1525825467.42919_5839.tar.gz acep report - BEGIN --- 
2018-05-09,00:25:02  --- Process /raw_reports_v2/1525825467.42919_5839.tar.gz acep report - DONE --- 
 --- Process /raw_reports_v2/1525825467.42919_5839.tar.gz acep report - DONE --- 
2018-05-09,00:25:02  --- Process /raw_reports_v2/1525825476.08652_8302.tar.gz acep report - BEGIN --- 
 --- Process /raw_reports_v2/1525825476.08652_8302.tar.gz acep report - BEGIN --- 
2018-05-09,00:25:02  --- Process /raw_reports_v2/1525825476.08652_8302.tar.gz acep report - DONE --- 
 --- Process /raw_reports_v2/1525825476.08652_8302.tar.gz acep report - DONE --- 
2018-05-09,00:25:02  --- Process /raw_reports_v2/1525825447.2939_8287.tar.gz acep report - BEGIN --- 
 --- Process /raw_reports_v2/1525825447.2939_8287.tar.gz acep report - BEGIN --- 
2018-05-09,00:25:02  --- Process /raw_reports_v2/1525825447.2939_8287.tar.gz acep report - DONE --- 
 --- Process /raw_reports_v2/1525825447.2939_8287.tar.gz acep report - DONE --- 
2018-05-09,00:25:02  --- Process /raw_reports_v2/1525825470.98316_2459.tar.gz acep report - BEGIN --- 
 --- Process /raw_reports_v2/1525825470.98316_2459.tar.gz acep report - BEGIN --- 
2018-05-09,00:25:02  --- Process /raw_reports_v2/1525825470.98316_2459.tar.gz acep report - DONE --- 
 --- Process /raw_reports_v2/1525825470.98316_2459.tar.gz acep report - DONE --- 
2018-05-09,00:25:02  --- Process /raw_reports_v2/1525825444.65662_1891.tar.gz acep report - BEGIN --- 
 --- Process /raw_reports_v2/1525825444.65662_1891.tar.gz acep report - BEGIN --- 
2018-05-09,00:25:02  --- Process /raw_reports_v2/1525825444.65662_1891.tar.gz acep report - DONE --- 
 --- Process /raw_reports_v2/1525825444.65662_1891.tar.gz acep report - DONE --- 
2018-05-09,00:25:02  --- Process /raw_reports_v2/1525825491.30054_6508.tar.gz acep report - BEGIN --- 
 --- Process /raw_reports_v2/1525825491.30054_6508.tar.gz acep report - BEGIN --- 
2018-05-09,00:25:02  --- Process /raw_reports_v2/1525825491.30054_6508.tar.gz acep report - DONE --- 
 --- Process /raw_reports_v2/1525825491.30054_6508.tar.gz acep report - DONE --- 
2018-05-09,00:25:02  --- Process /raw_reports_v2/1525825462.61207_7793.tar.gz acep report - BEGIN --- 
 --- Process /raw_reports_v2/1525825462.61207_7793.tar.gz acep report - BEGIN --- 
2018-05-09,00:25:02  --- Process /raw_reports_v2/1525825462.61207_7793.tar.gz acep report - DONE --- 
 --- Process /raw_reports_v2/1525825462.61207_7793.tar.gz acep report - DONE --- 
2018-05-09,00:25:02  --- Process /raw_reports_v2/1525825450.69435_8459.tar.gz acep report - BEGIN --- 
 --- Process /raw_reports_v2/1525825450.69435_8459.tar.gz acep report - BEGIN --- 
2018-05-09,00:25:03  --- Process /raw_reports_v2/1525825450.69435_8459.tar.gz acep report - DONE --- 
 --- Process /raw_reports_v2/1525825450.69435_8459.tar.gz acep report - DONE --- 
2018-05-09,00:25:03  --- Process /raw_reports_v2/1525825483.35705_505.tar.gz acep report - BEGIN --- 
 --- Process /raw_reports_v2/1525825483.35705_505.tar.gz acep report - BEGIN --- 
2018-05-09,00:25:03  --- Process /raw_reports_v2/1525825483.35705_505.tar.gz acep report - DONE --- 
 --- Process /raw_reports_v2/1525825483.35705_505.tar.gz acep report - DONE --- 
2018-05-09,00:25:03  --- Process /raw_reports_v2/1525825466.47694_1228.tar.gz acep report - BEGIN --- 
 --- Process /raw_reports_v2/1525825466.47694_1228.tar.gz acep report - BEGIN --- 
2018-05-09,00:25:03  --- Process /raw_reports_v2/1525825466.47694_1228.tar.gz acep report - DONE --- 
 --- Process /raw_reports_v2/1525825466.47694_1228.tar.gz acep report - DONE --- 
